[1.673s] Invoking command in '/root/ros2_robot_arm/ros2_ws/src/dofbot_garbage_yolov5': AMENT_PREFIX_PATH=/root/ros2_robot_arm/ros2_ws/install/dofbot_info:${AMENT_PREFIX_PATH} CMAKE_PREFIX_PATH=/root/ros2_robot_arm/ros2_ws/install/dofbot_info LD_LIBRARY_PATH=/root/ros2_robot_arm/ros2_ws/install/dofbot_info/lib:/usr/local/Ascend/ascend-toolkit/latest/tools/aml/lib64:/usr/local/Ascend/ascend-toolkit/latest/tools/aml/lib64/plugin:/usr/local/Ascend/ascend-toolkit/latest/lib64:/usr/local/Ascend/ascend-toolkit/latest/lib64/plugin/opskernel:/usr/local/Ascend/ascend-toolkit/latest/lib64/plugin/nnengine:/usr/local/Ascend/ascend-toolkit/latest/opp/built-in/op_impl/ai_core/tbe/op_tiling/lib/linux/aarch64:/lib64:/var/davinci/driver/lib64:/var/davinci/driver/lib64/common:/var/davinci/driver/lib64/driver:/opt/ros/humble/opt/rviz_ogre_vendor/lib:/opt/ros/humble/lib/aarch64-linux-gnu:/opt/ros/humble/lib:/usr/local/Ascend/ascend-toolkit/latest/tools/aml/lib64:/usr/local/Ascend/ascend-toolkit/latest/tools/aml/lib64/plugin:/usr/local/Ascend/ascend-toolkit/latest/lib64:/usr/local/Ascend/ascend-toolkit/latest/lib64/plugin/opskernel:/usr/local/Ascend/ascend-toolkit/latest/lib64/plugin/nnengine:/usr/local/Ascend/ascend-toolkit/latest/opp/built-in/op_impl/ai_core/tbe/op_tiling/lib/linux/aarch64:/lib64:/var/davinci/driver/lib64:/var/davinci/driver/lib64/common:/var/davinci/driver/lib64/driver:/usr/local/Ascend/ascend-toolkit/latest/tools/aml/lib64:/usr/local/Ascend/ascend-toolkit/latest/tools/aml/lib64/plugin:/usr/local/Ascend/ascend-toolkit/latest/lib64:/usr/local/Ascend/ascend-toolkit/latest/lib64/plugin/opskernel:/usr/local/Ascend/ascend-toolkit/latest/lib64/plugin/nnengine:/usr/local/Ascend/ascend-toolkit/latest/opp/built-in/op_impl/ai_core/tbe/op_tiling/lib/linux/aarch64:/lib64:/var/davinci/driver/lib64:/var/davinci/driver/lib64/common:/var/davinci/driver/lib64/driver:/usr/local/Ascend/ascend-toolkit/latest/tools/aml/lib64:/usr/local/Ascend/ascend-toolkit/latest/tools/aml/lib64/plugin:/usr/local/Ascend/ascend-toolkit/latest/lib64:/usr/local/Ascend/ascend-toolkit/latest/lib64/plugin/opskernel:/usr/local/Ascend/ascend-toolkit/latest/lib64/plugin/nnengine:/usr/local/Ascend/ascend-toolkit/latest/opp/built-in/op_impl/ai_core/tbe/op_tiling/lib/linux/aarch64:/lib64:/var/davinci/driver/lib64:/var/davinci/driver/lib64/common:/var/davinci/driver/lib64/driver:/usr/local/Ascend/ascend-toolkit/latest/tools/aml/lib64:/usr/local/Ascend/ascend-toolkit/latest/tools/aml/lib64/plugin:/usr/local/Ascend/ascend-toolkit/latest/lib64:/usr/local/Ascend/ascend-toolkit/latest/lib64/plugin/opskernel:/usr/local/Ascend/ascend-toolkit/latest/lib64/plugin/nnengine:/usr/local/Ascend/ascend-toolkit/latest/opp/built-in/op_impl/ai_core/tbe/op_tiling/lib/linux/aarch64:/lib64:/var/davinci/driver/lib64:/var/davinci/driver/lib64/common:/var/davinci/driver/lib64/driver:/usr/local/Ascend/ascend-toolkit/latest/tools/aml/lib64:/usr/local/Ascend/ascend-toolkit/latest/tools/aml/lib64/plugin:/usr/local/Ascend/ascend-toolkit/latest/lib64:/usr/local/Ascend/ascend-toolkit/latest/lib64/plugin/opskernel:/usr/local/Ascend/ascend-toolkit/latest/lib64/plugin/nnengine:/usr/local/Ascend/ascend-toolkit/latest/opp/built-in/op_impl/ai_core/tbe/op_tiling/lib/linux/aarch64:/lib64:/var/davinci/driver/lib64:/var/davinci/driver/lib64/common:/var/davinci/driver/lib64/driver:/usr/local/Ascend/ascend-toolkit/laster/runtime/lib64/stub/aarch64:/usr/local/Ascend/ascend-toolkit/laster/lib64:/usr/local/Ascend/ascend-toolkit/laster/lib64/plugin/opskernel:/usr/local/Ascend/ascend-toolkit/laster/lib64/plugin/nnengine:/usr/local/Ascend/ascend-toolkit/laster/opp/built-in/op_impl/ai_core/tbe/op_tiling:/usr/local/Ascend/driver/lib64:/var/davinci/driver/lib64:/var/davinci/driver/lib64/common:/var/davinci/driver/lib64/driver:/usr/lib:/usr/lib/aarch64-linux-gnu:/usr/local/lib:/usr/lib:/usr/lib/aarch64-linux-gnu:/usr/local/lib:/usr/lib:/usr/lib/aarch64-linux-gnu:/usr/local/lib:/usr/lib:/usr/lib/aarch64-linux-gnu:/usr/local/lib PYTHONPATH=/root/ros2_robot_arm/ros2_ws/build/dofbot_garbage_yolov5/prefix_override:/usr/lib/python3/dist-packages/colcon_core/task/python/colcon_distutils_commands:/root/ros2_robot_arm/ros2_ws/install/dofbot_garbage_yolov5/lib/python3.10/site-packages:/root/ros2_robot_arm/ros2_ws/install/dofbot_info/local/lib/python3.10/dist-packages:${PYTHONPATH} _=/usr/bin/env /usr/bin/python3 -W ignore:setup.py install is deprecated -W ignore:easy_install command is deprecated setup.py egg_info --egg-base ../../build/dofbot_garbage_yolov5 build --build-base /root/ros2_robot_arm/ros2_ws/build/dofbot_garbage_yolov5/build install --record /root/ros2_robot_arm/ros2_ws/build/dofbot_garbage_yolov5/install.log --single-version-externally-managed install_data
[2.293s] running egg_info
[2.295s] creating ../../build/dofbot_garbage_yolov5/dofbot_garbage_yolov5.egg-info
[2.295s] writing ../../build/dofbot_garbage_yolov5/dofbot_garbage_yolov5.egg-info/PKG-INFO
[2.296s] writing dependency_links to ../../build/dofbot_garbage_yolov5/dofbot_garbage_yolov5.egg-info/dependency_links.txt
[2.296s] writing entry points to ../../build/dofbot_garbage_yolov5/dofbot_garbage_yolov5.egg-info/entry_points.txt
[2.296s] writing requirements to ../../build/dofbot_garbage_yolov5/dofbot_garbage_yolov5.egg-info/requires.txt
[2.297s] writing top-level names to ../../build/dofbot_garbage_yolov5/dofbot_garbage_yolov5.egg-info/top_level.txt
[2.297s] writing manifest file '../../build/dofbot_garbage_yolov5/dofbot_garbage_yolov5.egg-info/SOURCES.txt'
[2.300s] package init file 'dofbot_garbage_yolov5/utils/__init__.py' not found (or not a regular file)
[2.302s] reading manifest file '../../build/dofbot_garbage_yolov5/dofbot_garbage_yolov5.egg-info/SOURCES.txt'
[2.303s] writing manifest file '../../build/dofbot_garbage_yolov5/dofbot_garbage_yolov5.egg-info/SOURCES.txt'
[2.304s] running build
[2.304s] running build_py
[2.304s] creating /root/ros2_robot_arm/ros2_ws/build/dofbot_garbage_yolov5/build
[2.305s] creating /root/ros2_robot_arm/ros2_ws/build/dofbot_garbage_yolov5/build/lib
[2.305s] creating /root/ros2_robot_arm/ros2_ws/build/dofbot_garbage_yolov5/build/lib/dofbot_garbage_yolov5
[2.305s] copying dofbot_garbage_yolov5/main.py -> /root/ros2_robot_arm/ros2_ws/build/dofbot_garbage_yolov5/build/lib/dofbot_garbage_yolov5
[2.305s] copying dofbot_garbage_yolov5/__init__.py -> /root/ros2_robot_arm/ros2_ws/build/dofbot_garbage_yolov5/build/lib/dofbot_garbage_yolov5
[2.305s] creating /root/ros2_robot_arm/ros2_ws/build/dofbot_garbage_yolov5/build/lib/dofbot_garbage_yolov5/utils
[2.306s] copying dofbot_garbage_yolov5/utils/npu_utils.py -> /root/ros2_robot_arm/ros2_ws/build/dofbot_garbage_yolov5/build/lib/dofbot_garbage_yolov5/utils
[2.306s] copying dofbot_garbage_yolov5/utils/det_utils.py -> /root/ros2_robot_arm/ros2_ws/build/dofbot_garbage_yolov5/build/lib/dofbot_garbage_yolov5/utils
[2.306s] copying dofbot_garbage_yolov5/utils/garbage_grap.py -> /root/ros2_robot_arm/ros2_ws/build/dofbot_garbage_yolov5/build/lib/dofbot_garbage_yolov5/utils
[2.306s] copying dofbot_garbage_yolov5/utils/garbage_identify.py -> /root/ros2_robot_arm/ros2_ws/build/dofbot_garbage_yolov5/build/lib/dofbot_garbage_yolov5/utils
[2.306s] copying dofbot_garbage_yolov5/utils/dofbot_config.py -> /root/ros2_robot_arm/ros2_ws/build/dofbot_garbage_yolov5/build/lib/dofbot_garbage_yolov5/utils
[2.307s] running install
[2.308s] running install_lib
[2.310s] creating /root/ros2_robot_arm/ros2_ws/install/dofbot_garbage_yolov5/lib/python3.10/site-packages/dofbot_garbage_yolov5
[2.311s] copying /root/ros2_robot_arm/ros2_ws/build/dofbot_garbage_yolov5/build/lib/dofbot_garbage_yolov5/main.py -> /root/ros2_robot_arm/ros2_ws/install/dofbot_garbage_yolov5/lib/python3.10/site-packages/dofbot_garbage_yolov5
[2.311s] creating /root/ros2_robot_arm/ros2_ws/install/dofbot_garbage_yolov5/lib/python3.10/site-packages/dofbot_garbage_yolov5/utils
[2.311s] copying /root/ros2_robot_arm/ros2_ws/build/dofbot_garbage_yolov5/build/lib/dofbot_garbage_yolov5/utils/npu_utils.py -> /root/ros2_robot_arm/ros2_ws/install/dofbot_garbage_yolov5/lib/python3.10/site-packages/dofbot_garbage_yolov5/utils
[2.311s] copying /root/ros2_robot_arm/ros2_ws/build/dofbot_garbage_yolov5/build/lib/dofbot_garbage_yolov5/utils/det_utils.py -> /root/ros2_robot_arm/ros2_ws/install/dofbot_garbage_yolov5/lib/python3.10/site-packages/dofbot_garbage_yolov5/utils
[2.312s] copying /root/ros2_robot_arm/ros2_ws/build/dofbot_garbage_yolov5/build/lib/dofbot_garbage_yolov5/utils/garbage_grap.py -> /root/ros2_robot_arm/ros2_ws/install/dofbot_garbage_yolov5/lib/python3.10/site-packages/dofbot_garbage_yolov5/utils
[2.312s] copying /root/ros2_robot_arm/ros2_ws/build/dofbot_garbage_yolov5/build/lib/dofbot_garbage_yolov5/utils/garbage_identify.py -> /root/ros2_robot_arm/ros2_ws/install/dofbot_garbage_yolov5/lib/python3.10/site-packages/dofbot_garbage_yolov5/utils
[2.312s] copying /root/ros2_robot_arm/ros2_ws/build/dofbot_garbage_yolov5/build/lib/dofbot_garbage_yolov5/utils/dofbot_config.py -> /root/ros2_robot_arm/ros2_ws/install/dofbot_garbage_yolov5/lib/python3.10/site-packages/dofbot_garbage_yolov5/utils
[2.312s] copying /root/ros2_robot_arm/ros2_ws/build/dofbot_garbage_yolov5/build/lib/dofbot_garbage_yolov5/__init__.py -> /root/ros2_robot_arm/ros2_ws/install/dofbot_garbage_yolov5/lib/python3.10/site-packages/dofbot_garbage_yolov5
[2.313s] byte-compiling /root/ros2_robot_arm/ros2_ws/install/dofbot_garbage_yolov5/lib/python3.10/site-packages/dofbot_garbage_yolov5/main.py to main.cpython-310.pyc
[2.314s] byte-compiling /root/ros2_robot_arm/ros2_ws/install/dofbot_garbage_yolov5/lib/python3.10/site-packages/dofbot_garbage_yolov5/utils/npu_utils.py to npu_utils.cpython-310.pyc
[2.316s] byte-compiling /root/ros2_robot_arm/ros2_ws/install/dofbot_garbage_yolov5/lib/python3.10/site-packages/dofbot_garbage_yolov5/utils/det_utils.py to det_utils.cpython-310.pyc
[2.320s] byte-compiling /root/ros2_robot_arm/ros2_ws/install/dofbot_garbage_yolov5/lib/python3.10/site-packages/dofbot_garbage_yolov5/utils/garbage_grap.py to garbage_grap.cpython-310.pyc
[2.322s] byte-compiling /root/ros2_robot_arm/ros2_ws/install/dofbot_garbage_yolov5/lib/python3.10/site-packages/dofbot_garbage_yolov5/utils/garbage_identify.py to garbage_identify.cpython-310.pyc
[2.335s] byte-compiling /root/ros2_robot_arm/ros2_ws/install/dofbot_garbage_yolov5/lib/python3.10/site-packages/dofbot_garbage_yolov5/utils/dofbot_config.py to dofbot_config.cpython-310.pyc
[2.335s] byte-compiling /root/ros2_robot_arm/ros2_ws/install/dofbot_garbage_yolov5/lib/python3.10/site-packages/dofbot_garbage_yolov5/__init__.py to __init__.cpython-310.pyc
[2.335s] running install_data
[2.339s] creating /root/ros2_robot_arm/ros2_ws/install/dofbot_garbage_yolov5/share/ament_index
[2.339s] creating /root/ros2_robot_arm/ros2_ws/install/dofbot_garbage_yolov5/share/ament_index/resource_index
[2.339s] creating /root/ros2_robot_arm/ros2_ws/install/dofbot_garbage_yolov5/share/ament_index/resource_index/packages
[2.340s] copying resource/dofbot_garbage_yolov5 -> /root/ros2_robot_arm/ros2_ws/install/dofbot_garbage_yolov5/share/ament_index/resource_index/packages
[2.340s] copying package.xml -> /root/ros2_robot_arm/ros2_ws/install/dofbot_garbage_yolov5/share/dofbot_garbage_yolov5
[2.340s] creating /root/ros2_robot_arm/ros2_ws/install/dofbot_garbage_yolov5/share/dofbot_garbage_yolov5/config
[2.340s] copying dofbot_garbage_yolov5/config/dp.bin -> /root/ros2_robot_arm/ros2_ws/install/dofbot_garbage_yolov5/share/dofbot_garbage_yolov5/config
[2.340s] copying dofbot_garbage_yolov5/config/XYT_config.txt -> /root/ros2_robot_arm/ros2_ws/install/dofbot_garbage_yolov5/share/dofbot_garbage_yolov5/config
[2.342s] copying dofbot_garbage_yolov5/config/data_collect_idx.txt -> /root/ros2_robot_arm/ros2_ws/install/dofbot_garbage_yolov5/share/dofbot_garbage_yolov5/config
[2.342s] copying dofbot_garbage_yolov5/config/offset.txt -> /root/ros2_robot_arm/ros2_ws/install/dofbot_garbage_yolov5/share/dofbot_garbage_yolov5/config
[2.342s] creating /root/ros2_robot_arm/ros2_ws/install/dofbot_garbage_yolov5/share/dofbot_garbage_yolov5/model
[2.342s] copying dofbot_garbage_yolov5/model/coco_names.txt -> /root/ros2_robot_arm/ros2_ws/install/dofbot_garbage_yolov5/share/dofbot_garbage_yolov5/model
[2.342s] copying dofbot_garbage_yolov5/model/yolov5s_bs1.om -> /root/ros2_robot_arm/ros2_ws/install/dofbot_garbage_yolov5/share/dofbot_garbage_yolov5/model
[2.356s] running install_egg_info
[2.361s] Copying ../../build/dofbot_garbage_yolov5/dofbot_garbage_yolov5.egg-info to /root/ros2_robot_arm/ros2_ws/install/dofbot_garbage_yolov5/lib/python3.10/site-packages/dofbot_garbage_yolov5-0.0.0-py3.10.egg-info
[2.362s] running install_scripts
[2.414s] Installing block_cls script to /root/ros2_robot_arm/ros2_ws/install/dofbot_garbage_yolov5/lib/dofbot_garbage_yolov5
[2.415s] writing list of installed files to '/root/ros2_robot_arm/ros2_ws/build/dofbot_garbage_yolov5/install.log'
[2.506s] Invoked command in '/root/ros2_robot_arm/ros2_ws/src/dofbot_garbage_yolov5' returned '0': AMENT_PREFIX_PATH=/root/ros2_robot_arm/ros2_ws/install/dofbot_info:${AMENT_PREFIX_PATH} CMAKE_PREFIX_PATH=/root/ros2_robot_arm/ros2_ws/install/dofbot_info LD_LIBRARY_PATH=/root/ros2_robot_arm/ros2_ws/install/dofbot_info/lib:/usr/local/Ascend/ascend-toolkit/latest/tools/aml/lib64:/usr/local/Ascend/ascend-toolkit/latest/tools/aml/lib64/plugin:/usr/local/Ascend/ascend-toolkit/latest/lib64:/usr/local/Ascend/ascend-toolkit/latest/lib64/plugin/opskernel:/usr/local/Ascend/ascend-toolkit/latest/lib64/plugin/nnengine:/usr/local/Ascend/ascend-toolkit/latest/opp/built-in/op_impl/ai_core/tbe/op_tiling/lib/linux/aarch64:/lib64:/var/davinci/driver/lib64:/var/davinci/driver/lib64/common:/var/davinci/driver/lib64/driver:/opt/ros/humble/opt/rviz_ogre_vendor/lib:/opt/ros/humble/lib/aarch64-linux-gnu:/opt/ros/humble/lib:/usr/local/Ascend/ascend-toolkit/latest/tools/aml/lib64:/usr/local/Ascend/ascend-toolkit/latest/tools/aml/lib64/plugin:/usr/local/Ascend/ascend-toolkit/latest/lib64:/usr/local/Ascend/ascend-toolkit/latest/lib64/plugin/opskernel:/usr/local/Ascend/ascend-toolkit/latest/lib64/plugin/nnengine:/usr/local/Ascend/ascend-toolkit/latest/opp/built-in/op_impl/ai_core/tbe/op_tiling/lib/linux/aarch64:/lib64:/var/davinci/driver/lib64:/var/davinci/driver/lib64/common:/var/davinci/driver/lib64/driver:/usr/local/Ascend/ascend-toolkit/latest/tools/aml/lib64:/usr/local/Ascend/ascend-toolkit/latest/tools/aml/lib64/plugin:/usr/local/Ascend/ascend-toolkit/latest/lib64:/usr/local/Ascend/ascend-toolkit/latest/lib64/plugin/opskernel:/usr/local/Ascend/ascend-toolkit/latest/lib64/plugin/nnengine:/usr/local/Ascend/ascend-toolkit/latest/opp/built-in/op_impl/ai_core/tbe/op_tiling/lib/linux/aarch64:/lib64:/var/davinci/driver/lib64:/var/davinci/driver/lib64/common:/var/davinci/driver/lib64/driver:/usr/local/Ascend/ascend-toolkit/latest/tools/aml/lib64:/usr/local/Ascend/ascend-toolkit/latest/tools/aml/lib64/plugin:/usr/local/Ascend/ascend-toolkit/latest/lib64:/usr/local/Ascend/ascend-toolkit/latest/lib64/plugin/opskernel:/usr/local/Ascend/ascend-toolkit/latest/lib64/plugin/nnengine:/usr/local/Ascend/ascend-toolkit/latest/opp/built-in/op_impl/ai_core/tbe/op_tiling/lib/linux/aarch64:/lib64:/var/davinci/driver/lib64:/var/davinci/driver/lib64/common:/var/davinci/driver/lib64/driver:/usr/local/Ascend/ascend-toolkit/latest/tools/aml/lib64:/usr/local/Ascend/ascend-toolkit/latest/tools/aml/lib64/plugin:/usr/local/Ascend/ascend-toolkit/latest/lib64:/usr/local/Ascend/ascend-toolkit/latest/lib64/plugin/opskernel:/usr/local/Ascend/ascend-toolkit/latest/lib64/plugin/nnengine:/usr/local/Ascend/ascend-toolkit/latest/opp/built-in/op_impl/ai_core/tbe/op_tiling/lib/linux/aarch64:/lib64:/var/davinci/driver/lib64:/var/davinci/driver/lib64/common:/var/davinci/driver/lib64/driver:/usr/local/Ascend/ascend-toolkit/latest/tools/aml/lib64:/usr/local/Ascend/ascend-toolkit/latest/tools/aml/lib64/plugin:/usr/local/Ascend/ascend-toolkit/latest/lib64:/usr/local/Ascend/ascend-toolkit/latest/lib64/plugin/opskernel:/usr/local/Ascend/ascend-toolkit/latest/lib64/plugin/nnengine:/usr/local/Ascend/ascend-toolkit/latest/opp/built-in/op_impl/ai_core/tbe/op_tiling/lib/linux/aarch64:/lib64:/var/davinci/driver/lib64:/var/davinci/driver/lib64/common:/var/davinci/driver/lib64/driver:/usr/local/Ascend/ascend-toolkit/laster/runtime/lib64/stub/aarch64:/usr/local/Ascend/ascend-toolkit/laster/lib64:/usr/local/Ascend/ascend-toolkit/laster/lib64/plugin/opskernel:/usr/local/Ascend/ascend-toolkit/laster/lib64/plugin/nnengine:/usr/local/Ascend/ascend-toolkit/laster/opp/built-in/op_impl/ai_core/tbe/op_tiling:/usr/local/Ascend/driver/lib64:/var/davinci/driver/lib64:/var/davinci/driver/lib64/common:/var/davinci/driver/lib64/driver:/usr/lib:/usr/lib/aarch64-linux-gnu:/usr/local/lib:/usr/lib:/usr/lib/aarch64-linux-gnu:/usr/local/lib:/usr/lib:/usr/lib/aarch64-linux-gnu:/usr/local/lib:/usr/lib:/usr/lib/aarch64-linux-gnu:/usr/local/lib PYTHONPATH=/root/ros2_robot_arm/ros2_ws/build/dofbot_garbage_yolov5/prefix_override:/usr/lib/python3/dist-packages/colcon_core/task/python/colcon_distutils_commands:/root/ros2_robot_arm/ros2_ws/install/dofbot_garbage_yolov5/lib/python3.10/site-packages:/root/ros2_robot_arm/ros2_ws/install/dofbot_info/local/lib/python3.10/dist-packages:${PYTHONPATH} _=/usr/bin/env /usr/bin/python3 -W ignore:setup.py install is deprecated -W ignore:easy_install command is deprecated setup.py egg_info --egg-base ../../build/dofbot_garbage_yolov5 build --build-base /root/ros2_robot_arm/ros2_ws/build/dofbot_garbage_yolov5/build install --record /root/ros2_robot_arm/ros2_ws/build/dofbot_garbage_yolov5/install.log --single-version-externally-managed install_data
