[0.287s] DEBUG:colcon:Command line arguments: ['/usr/bin/colcon', 'build']
[0.287s] DEBUG:colcon:Parsed command line arguments: Namespace(log_base=None, log_level=None, verb_name='build', build_base='build', install_base='install', merge_install=False, symlink_install=False, test_result_base=None, continue_on_error=False, executor='parallel', parallel_workers=3, event_handlers=None, ignore_user_meta=False, metas=['./colcon.meta'], base_paths=['.'], packages_ignore=None, packages_ignore_regex=None, paths=None, packages_up_to=None, packages_up_to_regex=None, packages_above=None, packages_above_and_dependencies=None, packages_above_depth=None, packages_select_by_dep=None, packages_skip_by_dep=None, packages_skip_up_to=None, packages_select_build_failed=False, packages_skip_build_finished=False, packages_select_test_failures=False, packages_skip_test_passed=False, packages_select=None, packages_skip=None, packages_select_regex=None, packages_skip_regex=None, packages_start=None, packages_end=None, allow_overriding=[], cmake_args=None, cmake_target=None, cmake_target_skip_unavailable=False, cmake_clean_cache=False, cmake_clean_first=False, cmake_force_configure=False, ament_cmake_args=None, catkin_cmake_args=None, catkin_skip_building_tests=False, verb_parser=<colcon_defaults.argument_parser.defaults.DefaultArgumentsDecorator object at 0xe7ffd7eb61a0>, verb_extension=<colcon_core.verb.build.BuildVerb object at 0xe7ffd8030040>, main=<bound method BuildVerb.main of <colcon_core.verb.build.BuildVerb object at 0xe7ffd8030040>>)
[0.733s] Level 1:colcon.colcon_core.package_discovery:discover_packages(colcon_meta) check parameters
[0.734s] Level 1:colcon.colcon_core.package_discovery:discover_packages(recursive) check parameters
[0.734s] Level 1:colcon.colcon_core.package_discovery:discover_packages(ignore) check parameters
[0.734s] Level 1:colcon.colcon_core.package_discovery:discover_packages(path) check parameters
[0.734s] Level 1:colcon.colcon_core.package_discovery:discover_packages(colcon_meta) discover
[0.734s] Level 1:colcon.colcon_core.package_discovery:discover_packages(recursive) discover
[0.734s] INFO:colcon.colcon_core.package_discovery:Crawling recursively for packages in '/root/ros2_robot_arm/ros2_ws'
[0.735s] Level 1:colcon.colcon_core.package_identification:_identify(.) by extensions ['ignore', 'ignore_ament_install']
[0.735s] Level 1:colcon.colcon_core.package_identification:_identify(.) by extension 'ignore'
[0.735s] Level 1:colcon.colcon_core.package_identification:_identify(.) by extension 'ignore_ament_install'
[0.735s] Level 1:colcon.colcon_core.package_identification:_identify(.) by extensions ['colcon_pkg']
[0.735s] Level 1:colcon.colcon_core.package_identification:_identify(.) by extension 'colcon_pkg'
[0.735s] Level 1:colcon.colcon_core.package_identification:_identify(.) by extensions ['colcon_meta']
[0.735s] Level 1:colcon.colcon_core.package_identification:_identify(.) by extension 'colcon_meta'
[0.736s] Level 1:colcon.colcon_core.package_identification:_identify(.) by extensions ['ros']
[0.736s] Level 1:colcon.colcon_core.package_identification:_identify(.) by extension 'ros'
[0.769s] Level 1:colcon.colcon_core.package_identification:_identify(.) by extensions ['cmake', 'python']
[0.769s] Level 1:colcon.colcon_core.package_identification:_identify(.) by extension 'cmake'
[0.769s] Level 1:colcon.colcon_core.package_identification:_identify(.) by extension 'python'
[0.769s] Level 1:colcon.colcon_core.package_identification:_identify(.) by extensions ['python_setup_py']
[0.769s] Level 1:colcon.colcon_core.package_identification:_identify(.) by extension 'python_setup_py'
[0.769s] Level 1:colcon.colcon_core.package_identification:_identify(build) by extensions ['ignore', 'ignore_ament_install']
[0.770s] Level 1:colcon.colcon_core.package_identification:_identify(build) by extension 'ignore'
[0.770s] Level 1:colcon.colcon_core.package_identification:_identify(build) ignored
[0.770s] Level 1:colcon.colcon_core.package_identification:_identify(install) by extensions ['ignore', 'ignore_ament_install']
[0.770s] Level 1:colcon.colcon_core.package_identification:_identify(install) by extension 'ignore'
[0.770s] Level 1:colcon.colcon_core.package_identification:_identify(install) ignored
[0.771s] Level 1:colcon.colcon_core.package_identification:_identify(log) by extensions ['ignore', 'ignore_ament_install']
[0.771s] Level 1:colcon.colcon_core.package_identification:_identify(log) by extension 'ignore'
[0.771s] Level 1:colcon.colcon_core.package_identification:_identify(log) ignored
[0.771s] Level 1:colcon.colcon_core.package_identification:_identify(src) by extensions ['ignore', 'ignore_ament_install']
[0.771s] Level 1:colcon.colcon_core.package_identification:_identify(src) by extension 'ignore'
[0.771s] Level 1:colcon.colcon_core.package_identification:_identify(src) by extension 'ignore_ament_install'
[0.772s] Level 1:colcon.colcon_core.package_identification:_identify(src) by extensions ['colcon_pkg']
[0.772s] Level 1:colcon.colcon_core.package_identification:_identify(src) by extension 'colcon_pkg'
[0.772s] Level 1:colcon.colcon_core.package_identification:_identify(src) by extensions ['colcon_meta']
[0.772s] Level 1:colcon.colcon_core.package_identification:_identify(src) by extension 'colcon_meta'
[0.772s] Level 1:colcon.colcon_core.package_identification:_identify(src) by extensions ['ros']
[0.772s] Level 1:colcon.colcon_core.package_identification:_identify(src) by extension 'ros'
[0.772s] Level 1:colcon.colcon_core.package_identification:_identify(src) by extensions ['cmake', 'python']
[0.772s] Level 1:colcon.colcon_core.package_identification:_identify(src) by extension 'cmake'
[0.773s] Level 1:colcon.colcon_core.package_identification:_identify(src) by extension 'python'
[0.773s] Level 1:colcon.colcon_core.package_identification:_identify(src) by extensions ['python_setup_py']
[0.773s] Level 1:colcon.colcon_core.package_identification:_identify(src) by extension 'python_setup_py'
[0.773s] Level 1:colcon.colcon_core.package_identification:_identify(src/dofbot_garbage_yolov5) by extensions ['ignore', 'ignore_ament_install']
[0.773s] Level 1:colcon.colcon_core.package_identification:_identify(src/dofbot_garbage_yolov5) by extension 'ignore'
[0.773s] Level 1:colcon.colcon_core.package_identification:_identify(src/dofbot_garbage_yolov5) by extension 'ignore_ament_install'
[0.774s] Level 1:colcon.colcon_core.package_identification:_identify(src/dofbot_garbage_yolov5) by extensions ['colcon_pkg']
[0.774s] Level 1:colcon.colcon_core.package_identification:_identify(src/dofbot_garbage_yolov5) by extension 'colcon_pkg'
[0.774s] Level 1:colcon.colcon_core.package_identification:_identify(src/dofbot_garbage_yolov5) by extensions ['colcon_meta']
[0.774s] Level 1:colcon.colcon_core.package_identification:_identify(src/dofbot_garbage_yolov5) by extension 'colcon_meta'
[0.774s] Level 1:colcon.colcon_core.package_identification:_identify(src/dofbot_garbage_yolov5) by extensions ['ros']
[0.774s] Level 1:colcon.colcon_core.package_identification:_identify(src/dofbot_garbage_yolov5) by extension 'ros'
[0.781s] DEBUG:colcon.colcon_core.package_identification:Package 'src/dofbot_garbage_yolov5' with type 'ros.ament_python' and name 'dofbot_garbage_yolov5'
[0.781s] Level 1:colcon.colcon_core.package_identification:_identify(src/dofbot_info) by extensions ['ignore', 'ignore_ament_install']
[0.782s] Level 1:colcon.colcon_core.package_identification:_identify(src/dofbot_info) by extension 'ignore'
[0.782s] Level 1:colcon.colcon_core.package_identification:_identify(src/dofbot_info) by extension 'ignore_ament_install'
[0.782s] Level 1:colcon.colcon_core.package_identification:_identify(src/dofbot_info) by extensions ['colcon_pkg']
[0.782s] Level 1:colcon.colcon_core.package_identification:_identify(src/dofbot_info) by extension 'colcon_pkg'
[0.782s] Level 1:colcon.colcon_core.package_identification:_identify(src/dofbot_info) by extensions ['colcon_meta']
[0.782s] Level 1:colcon.colcon_core.package_identification:_identify(src/dofbot_info) by extension 'colcon_meta'
[0.782s] Level 1:colcon.colcon_core.package_identification:_identify(src/dofbot_info) by extensions ['ros']
[0.782s] Level 1:colcon.colcon_core.package_identification:_identify(src/dofbot_info) by extension 'ros'
[0.784s] DEBUG:colcon.colcon_core.package_identification:Package 'src/dofbot_info' with type 'ros.ament_cmake' and name 'dofbot_info'
[0.784s] Level 1:colcon.colcon_core.package_identification:_identify(src/dofbot_moveit) by extensions ['ignore', 'ignore_ament_install']
[0.784s] Level 1:colcon.colcon_core.package_identification:_identify(src/dofbot_moveit) by extension 'ignore'
[0.784s] Level 1:colcon.colcon_core.package_identification:_identify(src/dofbot_moveit) by extension 'ignore_ament_install'
[0.785s] Level 1:colcon.colcon_core.package_identification:_identify(src/dofbot_moveit) by extensions ['colcon_pkg']
[0.785s] Level 1:colcon.colcon_core.package_identification:_identify(src/dofbot_moveit) by extension 'colcon_pkg'
[0.785s] Level 1:colcon.colcon_core.package_identification:_identify(src/dofbot_moveit) by extensions ['colcon_meta']
[0.785s] Level 1:colcon.colcon_core.package_identification:_identify(src/dofbot_moveit) by extension 'colcon_meta'
[0.785s] Level 1:colcon.colcon_core.package_identification:_identify(src/dofbot_moveit) by extensions ['ros']
[0.785s] Level 1:colcon.colcon_core.package_identification:_identify(src/dofbot_moveit) by extension 'ros'
[0.787s] DEBUG:colcon.colcon_core.package_identification:Package 'src/dofbot_moveit' with type 'ros.ament_cmake' and name 'dofbot_moveit'
[0.787s] Level 1:colcon.colcon_core.package_identification:_identify(src/robot_arm_bringup) by extensions ['ignore', 'ignore_ament_install']
[0.787s] Level 1:colcon.colcon_core.package_identification:_identify(src/robot_arm_bringup) by extension 'ignore'
[0.787s] Level 1:colcon.colcon_core.package_identification:_identify(src/robot_arm_bringup) by extension 'ignore_ament_install'
[0.787s] Level 1:colcon.colcon_core.package_identification:_identify(src/robot_arm_bringup) by extensions ['colcon_pkg']
[0.788s] Level 1:colcon.colcon_core.package_identification:_identify(src/robot_arm_bringup) by extension 'colcon_pkg'
[0.788s] Level 1:colcon.colcon_core.package_identification:_identify(src/robot_arm_bringup) by extensions ['colcon_meta']
[0.788s] Level 1:colcon.colcon_core.package_identification:_identify(src/robot_arm_bringup) by extension 'colcon_meta'
[0.788s] Level 1:colcon.colcon_core.package_identification:_identify(src/robot_arm_bringup) by extensions ['ros']
[0.788s] Level 1:colcon.colcon_core.package_identification:_identify(src/robot_arm_bringup) by extension 'ros'
[0.793s] DEBUG:colcon.colcon_core.package_identification:Package 'src/robot_arm_bringup' with type 'ros.ament_python' and name 'robot_arm_bringup'
[0.793s] Level 1:colcon.colcon_core.package_identification:_identify(src/robot_arm_color_stacking) by extensions ['ignore', 'ignore_ament_install']
[0.794s] Level 1:colcon.colcon_core.package_identification:_identify(src/robot_arm_color_stacking) by extension 'ignore'
[0.794s] Level 1:colcon.colcon_core.package_identification:_identify(src/robot_arm_color_stacking) by extension 'ignore_ament_install'
[0.794s] Level 1:colcon.colcon_core.package_identification:_identify(src/robot_arm_color_stacking) by extensions ['colcon_pkg']
[0.794s] Level 1:colcon.colcon_core.package_identification:_identify(src/robot_arm_color_stacking) by extension 'colcon_pkg'
[0.794s] Level 1:colcon.colcon_core.package_identification:_identify(src/robot_arm_color_stacking) by extensions ['colcon_meta']
[0.794s] Level 1:colcon.colcon_core.package_identification:_identify(src/robot_arm_color_stacking) by extension 'colcon_meta'
[0.794s] Level 1:colcon.colcon_core.package_identification:_identify(src/robot_arm_color_stacking) by extensions ['ros']
[0.794s] Level 1:colcon.colcon_core.package_identification:_identify(src/robot_arm_color_stacking) by extension 'ros'
[0.796s] DEBUG:colcon.colcon_core.package_identification:Package 'src/robot_arm_color_stacking' with type 'ros.ament_python' and name 'robot_arm_color_stacking'
[0.796s] Level 1:colcon.colcon_core.package_discovery:discover_packages(recursive) using defaults
[0.796s] Level 1:colcon.colcon_core.package_discovery:discover_packages(ignore) discover
[0.796s] Level 1:colcon.colcon_core.package_discovery:discover_packages(ignore) using defaults
[0.796s] Level 1:colcon.colcon_core.package_discovery:discover_packages(path) discover
[0.796s] Level 1:colcon.colcon_core.package_discovery:discover_packages(path) using defaults
[0.877s] Level 1:colcon.colcon_core.package_discovery:discover_packages(prefix_path) check parameters
[0.877s] Level 1:colcon.colcon_core.package_discovery:discover_packages(prefix_path) discover
[0.882s] DEBUG:colcon.colcon_installed_package_information.package_discovery:Found 274 installed packages in /opt/ros/humble
[0.886s] Level 1:colcon.colcon_core.package_discovery:discover_packages(prefix_path) using defaults
[0.979s] Level 5:colcon.colcon_core.verb:set package 'dofbot_info' build argument 'cmake_args' from command line to 'None'
[0.979s] Level 5:colcon.colcon_core.verb:set package 'dofbot_info' build argument 'cmake_target' from command line to 'None'
[0.979s] Level 5:colcon.colcon_core.verb:set package 'dofbot_info' build argument 'cmake_target_skip_unavailable' from command line to 'False'
[0.979s] Level 5:colcon.colcon_core.verb:set package 'dofbot_info' build argument 'cmake_clean_cache' from command line to 'False'
[0.979s] Level 5:colcon.colcon_core.verb:set package 'dofbot_info' build argument 'cmake_clean_first' from command line to 'False'
[0.979s] Level 5:colcon.colcon_core.verb:set package 'dofbot_info' build argument 'cmake_force_configure' from command line to 'False'
[0.980s] Level 5:colcon.colcon_core.verb:set package 'dofbot_info' build argument 'ament_cmake_args' from command line to 'None'
[0.980s] Level 5:colcon.colcon_core.verb:set package 'dofbot_info' build argument 'catkin_cmake_args' from command line to 'None'
[0.980s] Level 5:colcon.colcon_core.verb:set package 'dofbot_info' build argument 'catkin_skip_building_tests' from command line to 'False'
[0.980s] DEBUG:colcon.colcon_core.verb:Building package 'dofbot_info' with the following arguments: {'ament_cmake_args': None, 'build_base': '/root/ros2_robot_arm/ros2_ws/build/dofbot_info', 'catkin_cmake_args': None, 'catkin_skip_building_tests': False, 'cmake_args': None, 'cmake_clean_cache': False, 'cmake_clean_first': False, 'cmake_force_configure': False, 'cmake_target': None, 'cmake_target_skip_unavailable': False, 'install_base': '/root/ros2_robot_arm/ros2_ws/install/dofbot_info', 'merge_install': False, 'path': '/root/ros2_robot_arm/ros2_ws/src/dofbot_info', 'symlink_install': False, 'test_result_base': None}
[0.981s] Level 5:colcon.colcon_core.verb:set package 'robot_arm_bringup' build argument 'cmake_args' from command line to 'None'
[0.981s] Level 5:colcon.colcon_core.verb:set package 'robot_arm_bringup' build argument 'cmake_target' from command line to 'None'
[0.981s] Level 5:colcon.colcon_core.verb:set package 'robot_arm_bringup' build argument 'cmake_target_skip_unavailable' from command line to 'False'
[0.981s] Level 5:colcon.colcon_core.verb:set package 'robot_arm_bringup' build argument 'cmake_clean_cache' from command line to 'False'
[0.981s] Level 5:colcon.colcon_core.verb:set package 'robot_arm_bringup' build argument 'cmake_clean_first' from command line to 'False'
[0.981s] Level 5:colcon.colcon_core.verb:set package 'robot_arm_bringup' build argument 'cmake_force_configure' from command line to 'False'
[0.981s] Level 5:colcon.colcon_core.verb:set package 'robot_arm_bringup' build argument 'ament_cmake_args' from command line to 'None'
[0.981s] Level 5:colcon.colcon_core.verb:set package 'robot_arm_bringup' build argument 'catkin_cmake_args' from command line to 'None'
[0.981s] Level 5:colcon.colcon_core.verb:set package 'robot_arm_bringup' build argument 'catkin_skip_building_tests' from command line to 'False'
[0.981s] DEBUG:colcon.colcon_core.verb:Building package 'robot_arm_bringup' with the following arguments: {'ament_cmake_args': None, 'build_base': '/root/ros2_robot_arm/ros2_ws/build/robot_arm_bringup', 'catkin_cmake_args': None, 'catkin_skip_building_tests': False, 'cmake_args': None, 'cmake_clean_cache': False, 'cmake_clean_first': False, 'cmake_force_configure': False, 'cmake_target': None, 'cmake_target_skip_unavailable': False, 'install_base': '/root/ros2_robot_arm/ros2_ws/install/robot_arm_bringup', 'merge_install': False, 'path': '/root/ros2_robot_arm/ros2_ws/src/robot_arm_bringup', 'symlink_install': False, 'test_result_base': None}
[0.982s] Level 5:colcon.colcon_core.verb:set package 'robot_arm_color_stacking' build argument 'cmake_args' from command line to 'None'
[0.982s] Level 5:colcon.colcon_core.verb:set package 'robot_arm_color_stacking' build argument 'cmake_target' from command line to 'None'
[0.983s] Level 5:colcon.colcon_core.verb:set package 'robot_arm_color_stacking' build argument 'cmake_target_skip_unavailable' from command line to 'False'
[0.983s] Level 5:colcon.colcon_core.verb:set package 'robot_arm_color_stacking' build argument 'cmake_clean_cache' from command line to 'False'
[0.983s] Level 5:colcon.colcon_core.verb:set package 'robot_arm_color_stacking' build argument 'cmake_clean_first' from command line to 'False'
[0.983s] Level 5:colcon.colcon_core.verb:set package 'robot_arm_color_stacking' build argument 'cmake_force_configure' from command line to 'False'
[0.983s] Level 5:colcon.colcon_core.verb:set package 'robot_arm_color_stacking' build argument 'ament_cmake_args' from command line to 'None'
[0.983s] Level 5:colcon.colcon_core.verb:set package 'robot_arm_color_stacking' build argument 'catkin_cmake_args' from command line to 'None'
[0.983s] Level 5:colcon.colcon_core.verb:set package 'robot_arm_color_stacking' build argument 'catkin_skip_building_tests' from command line to 'False'
[0.983s] DEBUG:colcon.colcon_core.verb:Building package 'robot_arm_color_stacking' with the following arguments: {'ament_cmake_args': None, 'build_base': '/root/ros2_robot_arm/ros2_ws/build/robot_arm_color_stacking', 'catkin_cmake_args': None, 'catkin_skip_building_tests': False, 'cmake_args': None, 'cmake_clean_cache': False, 'cmake_clean_first': False, 'cmake_force_configure': False, 'cmake_target': None, 'cmake_target_skip_unavailable': False, 'install_base': '/root/ros2_robot_arm/ros2_ws/install/robot_arm_color_stacking', 'merge_install': False, 'path': '/root/ros2_robot_arm/ros2_ws/src/robot_arm_color_stacking', 'symlink_install': False, 'test_result_base': None}
[0.984s] Level 5:colcon.colcon_core.verb:set package 'dofbot_garbage_yolov5' build argument 'cmake_args' from command line to 'None'
[0.984s] Level 5:colcon.colcon_core.verb:set package 'dofbot_garbage_yolov5' build argument 'cmake_target' from command line to 'None'
[0.984s] Level 5:colcon.colcon_core.verb:set package 'dofbot_garbage_yolov5' build argument 'cmake_target_skip_unavailable' from command line to 'False'
[0.984s] Level 5:colcon.colcon_core.verb:set package 'dofbot_garbage_yolov5' build argument 'cmake_clean_cache' from command line to 'False'
[0.984s] Level 5:colcon.colcon_core.verb:set package 'dofbot_garbage_yolov5' build argument 'cmake_clean_first' from command line to 'False'
[0.984s] Level 5:colcon.colcon_core.verb:set package 'dofbot_garbage_yolov5' build argument 'cmake_force_configure' from command line to 'False'
[0.984s] Level 5:colcon.colcon_core.verb:set package 'dofbot_garbage_yolov5' build argument 'ament_cmake_args' from command line to 'None'
[0.984s] Level 5:colcon.colcon_core.verb:set package 'dofbot_garbage_yolov5' build argument 'catkin_cmake_args' from command line to 'None'
[0.984s] Level 5:colcon.colcon_core.verb:set package 'dofbot_garbage_yolov5' build argument 'catkin_skip_building_tests' from command line to 'False'
[0.984s] DEBUG:colcon.colcon_core.verb:Building package 'dofbot_garbage_yolov5' with the following arguments: {'ament_cmake_args': None, 'build_base': '/root/ros2_robot_arm/ros2_ws/build/dofbot_garbage_yolov5', 'catkin_cmake_args': None, 'catkin_skip_building_tests': False, 'cmake_args': None, 'cmake_clean_cache': False, 'cmake_clean_first': False, 'cmake_force_configure': False, 'cmake_target': None, 'cmake_target_skip_unavailable': False, 'install_base': '/root/ros2_robot_arm/ros2_ws/install/dofbot_garbage_yolov5', 'merge_install': False, 'path': '/root/ros2_robot_arm/ros2_ws/src/dofbot_garbage_yolov5', 'symlink_install': False, 'test_result_base': None}
[0.985s] Level 5:colcon.colcon_core.verb:set package 'dofbot_moveit' build argument 'cmake_args' from command line to 'None'
[0.986s] Level 5:colcon.colcon_core.verb:set package 'dofbot_moveit' build argument 'cmake_target' from command line to 'None'
[0.986s] Level 5:colcon.colcon_core.verb:set package 'dofbot_moveit' build argument 'cmake_target_skip_unavailable' from command line to 'False'
[0.986s] Level 5:colcon.colcon_core.verb:set package 'dofbot_moveit' build argument 'cmake_clean_cache' from command line to 'False'
[0.986s] Level 5:colcon.colcon_core.verb:set package 'dofbot_moveit' build argument 'cmake_clean_first' from command line to 'False'
[0.986s] Level 5:colcon.colcon_core.verb:set package 'dofbot_moveit' build argument 'cmake_force_configure' from command line to 'False'
[0.986s] Level 5:colcon.colcon_core.verb:set package 'dofbot_moveit' build argument 'ament_cmake_args' from command line to 'None'
[0.986s] Level 5:colcon.colcon_core.verb:set package 'dofbot_moveit' build argument 'catkin_cmake_args' from command line to 'None'
[0.986s] Level 5:colcon.colcon_core.verb:set package 'dofbot_moveit' build argument 'catkin_skip_building_tests' from command line to 'False'
[0.986s] DEBUG:colcon.colcon_core.verb:Building package 'dofbot_moveit' with the following arguments: {'ament_cmake_args': None, 'build_base': '/root/ros2_robot_arm/ros2_ws/build/dofbot_moveit', 'catkin_cmake_args': None, 'catkin_skip_building_tests': False, 'cmake_args': None, 'cmake_clean_cache': False, 'cmake_clean_first': False, 'cmake_force_configure': False, 'cmake_target': None, 'cmake_target_skip_unavailable': False, 'install_base': '/root/ros2_robot_arm/ros2_ws/install/dofbot_moveit', 'merge_install': False, 'path': '/root/ros2_robot_arm/ros2_ws/src/dofbot_moveit', 'symlink_install': False, 'test_result_base': None}
[0.986s] INFO:colcon.colcon_core.executor:Executing jobs using 'parallel' executor
[0.989s] DEBUG:colcon.colcon_parallel_executor.executor.parallel:run_until_complete
[0.989s] INFO:colcon.colcon_ros.task.ament_cmake.build:Building ROS package in '/root/ros2_robot_arm/ros2_ws/src/dofbot_info' with build type 'ament_cmake'
[0.990s] INFO:colcon.colcon_cmake.task.cmake.build:Building CMake package in '/root/ros2_robot_arm/ros2_ws/src/dofbot_info'
[0.994s] INFO:colcon.colcon_core.plugin_system:Skipping extension 'colcon_core.shell.bat': Not used on non-Windows systems
[0.995s] INFO:colcon.colcon_core.shell:Skip shell extension 'powershell' for command environment: Not usable outside of PowerShell
[0.995s] DEBUG:colcon.colcon_core.shell:Skip shell extension 'dsv' for command environment
[1.001s] INFO:colcon.colcon_ros.task.ament_python.build:Building ROS package in '/root/ros2_robot_arm/ros2_ws/src/robot_arm_bringup' with build type 'ament_python'
[1.001s] Level 1:colcon.colcon_core.shell:create_environment_hook('robot_arm_bringup', 'ament_prefix_path')
[1.002s] INFO:colcon.colcon_core.shell:Creating environment hook '/root/ros2_robot_arm/ros2_ws/install/robot_arm_bringup/share/robot_arm_bringup/hook/ament_prefix_path.ps1'
[1.004s] INFO:colcon.colcon_core.shell:Creating environment descriptor '/root/ros2_robot_arm/ros2_ws/install/robot_arm_bringup/share/robot_arm_bringup/hook/ament_prefix_path.dsv'
[1.005s] INFO:colcon.colcon_core.shell:Creating environment hook '/root/ros2_robot_arm/ros2_ws/install/robot_arm_bringup/share/robot_arm_bringup/hook/ament_prefix_path.sh'
[1.006s] INFO:colcon.colcon_core.shell:Skip shell extension 'powershell' for command environment: Not usable outside of PowerShell
[1.007s] DEBUG:colcon.colcon_core.shell:Skip shell extension 'dsv' for command environment
[1.011s] INFO:colcon.colcon_ros.task.ament_python.build:Building ROS package in '/root/ros2_robot_arm/ros2_ws/src/robot_arm_color_stacking' with build type 'ament_python'
[1.012s] Level 1:colcon.colcon_core.shell:create_environment_hook('robot_arm_color_stacking', 'ament_prefix_path')
[1.012s] INFO:colcon.colcon_core.shell:Creating environment hook '/root/ros2_robot_arm/ros2_ws/install/robot_arm_color_stacking/share/robot_arm_color_stacking/hook/ament_prefix_path.ps1'
[1.014s] INFO:colcon.colcon_core.shell:Creating environment descriptor '/root/ros2_robot_arm/ros2_ws/install/robot_arm_color_stacking/share/robot_arm_color_stacking/hook/ament_prefix_path.dsv'
[1.015s] INFO:colcon.colcon_core.shell:Creating environment hook '/root/ros2_robot_arm/ros2_ws/install/robot_arm_color_stacking/share/robot_arm_color_stacking/hook/ament_prefix_path.sh'
[1.016s] INFO:colcon.colcon_core.shell:Skip shell extension 'powershell' for command environment: Not usable outside of PowerShell
[1.016s] DEBUG:colcon.colcon_core.shell:Skip shell extension 'dsv' for command environment
[1.035s] DEBUG:colcon.colcon_core.event_handler.log_command:Invoking command in '/root/ros2_robot_arm/ros2_ws/build/dofbot_info': CMAKE_PREFIX_PATH=/opt/ros/humble _=/usr/bin/env /usr/bin/cmake /root/ros2_robot_arm/ros2_ws/src/dofbot_info -DCMAKE_INSTALL_PREFIX=/root/ros2_robot_arm/ros2_ws/install/dofbot_info
[1.764s] INFO:colcon.colcon_core.task.python.build:Building Python package in '/root/ros2_robot_arm/ros2_ws/src/robot_arm_bringup'
[1.765s] INFO:colcon.colcon_core.shell:Skip shell extension 'powershell' for command environment: Not usable outside of PowerShell
[1.765s] DEBUG:colcon.colcon_core.shell:Skip shell extension 'dsv' for command environment
[2.461s] INFO:colcon.colcon_core.task.python.build:Building Python package in '/root/ros2_robot_arm/ros2_ws/src/robot_arm_color_stacking'
[2.462s] INFO:colcon.colcon_core.shell:Skip shell extension 'powershell' for command environment: Not usable outside of PowerShell
[2.462s] DEBUG:colcon.colcon_core.shell:Skip shell extension 'dsv' for command environment
[3.555s] DEBUG:colcon.colcon_core.event_handler.log_command:Invoking command in '/root/ros2_robot_arm/ros2_ws/src/robot_arm_color_stacking': PYTHONPATH=/root/ros2_robot_arm/ros2_ws/build/robot_arm_color_stacking/prefix_override:/usr/lib/python3/dist-packages/colcon_core/task/python/colcon_distutils_commands:/root/ros2_robot_arm/ros2_ws/install/robot_arm_color_stacking/lib/python3.10/site-packages:${PYTHONPATH} _=/usr/bin/env /usr/bin/python3 -W ignore:setup.py install is deprecated -W ignore:easy_install command is deprecated setup.py egg_info --egg-base ../../build/robot_arm_color_stacking build --build-base /root/ros2_robot_arm/ros2_ws/build/robot_arm_color_stacking/build install --record /root/ros2_robot_arm/ros2_ws/build/robot_arm_color_stacking/install.log --single-version-externally-managed install_data
[3.586s] DEBUG:colcon.colcon_core.event_handler.log_command:Invoking command in '/root/ros2_robot_arm/ros2_ws/src/robot_arm_bringup': PYTHONPATH=/root/ros2_robot_arm/ros2_ws/build/robot_arm_bringup/prefix_override:/usr/lib/python3/dist-packages/colcon_core/task/python/colcon_distutils_commands:/root/ros2_robot_arm/ros2_ws/install/robot_arm_bringup/lib/python3.10/site-packages:${PYTHONPATH} _=/usr/bin/env /usr/bin/python3 -W ignore:setup.py install is deprecated -W ignore:easy_install command is deprecated setup.py egg_info --egg-base ../../build/robot_arm_bringup build --build-base /root/ros2_robot_arm/ros2_ws/build/robot_arm_bringup/build install --record /root/ros2_robot_arm/ros2_ws/build/robot_arm_bringup/install.log --single-version-externally-managed install_data
[4.455s] Level 1:colcon.colcon_core.environment:checking '/root/ros2_robot_arm/ros2_ws/install/robot_arm_color_stacking' for CMake module files
[4.456s] Level 1:colcon.colcon_core.environment:checking '/root/ros2_robot_arm/ros2_ws/install/robot_arm_color_stacking' for CMake config files
[4.457s] Level 1:colcon.colcon_core.environment:checking '/root/ros2_robot_arm/ros2_ws/install/robot_arm_color_stacking/lib'
[4.458s] Level 1:colcon.colcon_core.environment:checking '/root/ros2_robot_arm/ros2_ws/install/robot_arm_color_stacking/bin'
[4.458s] Level 1:colcon.colcon_core.environment:checking '/root/ros2_robot_arm/ros2_ws/install/robot_arm_color_stacking/lib/pkgconfig/robot_arm_color_stacking.pc'
[4.459s] Level 1:colcon.colcon_core.environment:checking '/root/ros2_robot_arm/ros2_ws/install/robot_arm_color_stacking/lib/python3.10/site-packages'
[4.459s] DEBUG:colcon.colcon_core.event_handler.log_command:Invoked command in '/root/ros2_robot_arm/ros2_ws/src/robot_arm_color_stacking' returned '0': PYTHONPATH=/root/ros2_robot_arm/ros2_ws/build/robot_arm_color_stacking/prefix_override:/usr/lib/python3/dist-packages/colcon_core/task/python/colcon_distutils_commands:/root/ros2_robot_arm/ros2_ws/install/robot_arm_color_stacking/lib/python3.10/site-packages:${PYTHONPATH} _=/usr/bin/env /usr/bin/python3 -W ignore:setup.py install is deprecated -W ignore:easy_install command is deprecated setup.py egg_info --egg-base ../../build/robot_arm_color_stacking build --build-base /root/ros2_robot_arm/ros2_ws/build/robot_arm_color_stacking/build install --record /root/ros2_robot_arm/ros2_ws/build/robot_arm_color_stacking/install.log --single-version-externally-managed install_data
[4.460s] Level 1:colcon.colcon_core.shell:create_environment_hook('robot_arm_color_stacking', 'pythonpath')
[4.460s] INFO:colcon.colcon_core.shell:Creating environment hook '/root/ros2_robot_arm/ros2_ws/install/robot_arm_color_stacking/share/robot_arm_color_stacking/hook/pythonpath.ps1'
[4.462s] INFO:colcon.colcon_core.shell:Creating environment descriptor '/root/ros2_robot_arm/ros2_ws/install/robot_arm_color_stacking/share/robot_arm_color_stacking/hook/pythonpath.dsv'
[4.463s] INFO:colcon.colcon_core.shell:Creating environment hook '/root/ros2_robot_arm/ros2_ws/install/robot_arm_color_stacking/share/robot_arm_color_stacking/hook/pythonpath.sh'
[4.464s] Level 1:colcon.colcon_core.environment:checking '/root/ros2_robot_arm/ros2_ws/install/robot_arm_color_stacking/bin'
[4.465s] Level 1:colcon.colcon_core.environment:create_environment_scripts_only(robot_arm_color_stacking)
[4.465s] INFO:colcon.colcon_core.shell:Creating package script '/root/ros2_robot_arm/ros2_ws/install/robot_arm_color_stacking/share/robot_arm_color_stacking/package.ps1'
[4.468s] INFO:colcon.colcon_core.shell:Creating package descriptor '/root/ros2_robot_arm/ros2_ws/install/robot_arm_color_stacking/share/robot_arm_color_stacking/package.dsv'
[4.469s] INFO:colcon.colcon_core.shell:Creating package script '/root/ros2_robot_arm/ros2_ws/install/robot_arm_color_stacking/share/robot_arm_color_stacking/package.sh'
[4.471s] INFO:colcon.colcon_core.shell:Creating package script '/root/ros2_robot_arm/ros2_ws/install/robot_arm_color_stacking/share/robot_arm_color_stacking/package.bash'
[4.473s] INFO:colcon.colcon_core.shell:Creating package script '/root/ros2_robot_arm/ros2_ws/install/robot_arm_color_stacking/share/robot_arm_color_stacking/package.zsh'
[4.475s] Level 1:colcon.colcon_core.environment:create_file_with_runtime_dependencies(/root/ros2_robot_arm/ros2_ws/install/robot_arm_color_stacking/share/colcon-core/packages/robot_arm_color_stacking)
[4.553s] Level 1:colcon.colcon_core.environment:checking '/root/ros2_robot_arm/ros2_ws/install/robot_arm_bringup' for CMake module files
[4.555s] Level 1:colcon.colcon_core.environment:checking '/root/ros2_robot_arm/ros2_ws/install/robot_arm_bringup' for CMake config files
[4.561s] DEBUG:colcon.colcon_core.event_handler.log_command:Invoked command in '/root/ros2_robot_arm/ros2_ws/src/robot_arm_bringup' returned '0': PYTHONPATH=/root/ros2_robot_arm/ros2_ws/build/robot_arm_bringup/prefix_override:/usr/lib/python3/dist-packages/colcon_core/task/python/colcon_distutils_commands:/root/ros2_robot_arm/ros2_ws/install/robot_arm_bringup/lib/python3.10/site-packages:${PYTHONPATH} _=/usr/bin/env /usr/bin/python3 -W ignore:setup.py install is deprecated -W ignore:easy_install command is deprecated setup.py egg_info --egg-base ../../build/robot_arm_bringup build --build-base /root/ros2_robot_arm/ros2_ws/build/robot_arm_bringup/build install --record /root/ros2_robot_arm/ros2_ws/build/robot_arm_bringup/install.log --single-version-externally-managed install_data
[4.561s] Level 1:colcon.colcon_core.environment:checking '/root/ros2_robot_arm/ros2_ws/install/robot_arm_bringup/lib'
[4.562s] Level 1:colcon.colcon_core.environment:checking '/root/ros2_robot_arm/ros2_ws/install/robot_arm_bringup/bin'
[4.562s] Level 1:colcon.colcon_core.environment:checking '/root/ros2_robot_arm/ros2_ws/install/robot_arm_bringup/lib/pkgconfig/robot_arm_bringup.pc'
[4.563s] Level 1:colcon.colcon_core.environment:checking '/root/ros2_robot_arm/ros2_ws/install/robot_arm_bringup/lib/python3.10/site-packages'
[4.563s] Level 1:colcon.colcon_core.shell:create_environment_hook('robot_arm_bringup', 'pythonpath')
[4.563s] INFO:colcon.colcon_core.shell:Creating environment hook '/root/ros2_robot_arm/ros2_ws/install/robot_arm_bringup/share/robot_arm_bringup/hook/pythonpath.ps1'
[4.565s] INFO:colcon.colcon_core.shell:Creating environment descriptor '/root/ros2_robot_arm/ros2_ws/install/robot_arm_bringup/share/robot_arm_bringup/hook/pythonpath.dsv'
[4.565s] INFO:colcon.colcon_core.shell:Creating environment hook '/root/ros2_robot_arm/ros2_ws/install/robot_arm_bringup/share/robot_arm_bringup/hook/pythonpath.sh'
[4.567s] Level 1:colcon.colcon_core.environment:checking '/root/ros2_robot_arm/ros2_ws/install/robot_arm_bringup/bin'
[4.567s] Level 1:colcon.colcon_core.environment:create_environment_scripts_only(robot_arm_bringup)
[4.568s] INFO:colcon.colcon_core.shell:Creating package script '/root/ros2_robot_arm/ros2_ws/install/robot_arm_bringup/share/robot_arm_bringup/package.ps1'
[4.569s] INFO:colcon.colcon_core.shell:Creating package descriptor '/root/ros2_robot_arm/ros2_ws/install/robot_arm_bringup/share/robot_arm_bringup/package.dsv'
[4.571s] INFO:colcon.colcon_core.shell:Creating package script '/root/ros2_robot_arm/ros2_ws/install/robot_arm_bringup/share/robot_arm_bringup/package.sh'
[4.572s] INFO:colcon.colcon_core.shell:Creating package script '/root/ros2_robot_arm/ros2_ws/install/robot_arm_bringup/share/robot_arm_bringup/package.bash'
[4.572s] INFO:colcon.colcon_core.shell:Creating package script '/root/ros2_robot_arm/ros2_ws/install/robot_arm_bringup/share/robot_arm_bringup/package.zsh'
[4.573s] Level 1:colcon.colcon_core.environment:create_file_with_runtime_dependencies(/root/ros2_robot_arm/ros2_ws/install/robot_arm_bringup/share/colcon-core/packages/robot_arm_bringup)
[4.713s] DEBUG:colcon.colcon_core.event_handler.log_command:Invoked command in '/root/ros2_robot_arm/ros2_ws/build/dofbot_info' returned '0': CMAKE_PREFIX_PATH=/opt/ros/humble _=/usr/bin/env /usr/bin/cmake /root/ros2_robot_arm/ros2_ws/src/dofbot_info -DCMAKE_INSTALL_PREFIX=/root/ros2_robot_arm/ros2_ws/install/dofbot_info
[4.717s] DEBUG:colcon.colcon_core.event_handler.log_command:Invoking command in '/root/ros2_robot_arm/ros2_ws/build/dofbot_info': CMAKE_PREFIX_PATH=/opt/ros/humble _=/usr/bin/env /usr/bin/cmake --build /root/ros2_robot_arm/ros2_ws/build/dofbot_info -- -j3 -l3
[18.552s] DEBUG:colcon.colcon_core.event_handler.log_command:Invoked command in '/root/ros2_robot_arm/ros2_ws/build/dofbot_info' returned '0': CMAKE_PREFIX_PATH=/opt/ros/humble _=/usr/bin/env /usr/bin/cmake --build /root/ros2_robot_arm/ros2_ws/build/dofbot_info -- -j3 -l3
[18.572s] DEBUG:colcon.colcon_core.event_handler.log_command:Invoking command in '/root/ros2_robot_arm/ros2_ws/build/dofbot_info': CMAKE_PREFIX_PATH=/opt/ros/humble _=/usr/bin/env /usr/bin/cmake --install /root/ros2_robot_arm/ros2_ws/build/dofbot_info
[18.727s] Level 1:colcon.colcon_core.environment:create_environment_scripts_only(dofbot_info)
[18.728s] Level 1:colcon.colcon_core.environment:checking '/root/ros2_robot_arm/ros2_ws/install/dofbot_info' for CMake module files
[18.729s] DEBUG:colcon.colcon_core.event_handler.log_command:Invoked command in '/root/ros2_robot_arm/ros2_ws/build/dofbot_info' returned '0': CMAKE_PREFIX_PATH=/opt/ros/humble _=/usr/bin/env /usr/bin/cmake --install /root/ros2_robot_arm/ros2_ws/build/dofbot_info
[18.730s] Level 1:colcon.colcon_core.environment:checking '/root/ros2_robot_arm/ros2_ws/install/dofbot_info' for CMake config files
[18.731s] Level 1:colcon.colcon_core.shell:create_environment_hook('dofbot_info', 'cmake_prefix_path')
[18.731s] INFO:colcon.colcon_core.shell:Creating environment hook '/root/ros2_robot_arm/ros2_ws/install/dofbot_info/share/dofbot_info/hook/cmake_prefix_path.ps1'
[18.732s] INFO:colcon.colcon_core.shell:Creating environment descriptor '/root/ros2_robot_arm/ros2_ws/install/dofbot_info/share/dofbot_info/hook/cmake_prefix_path.dsv'
[18.733s] INFO:colcon.colcon_core.shell:Creating environment hook '/root/ros2_robot_arm/ros2_ws/install/dofbot_info/share/dofbot_info/hook/cmake_prefix_path.sh'
[18.734s] Level 1:colcon.colcon_core.environment:checking '/root/ros2_robot_arm/ros2_ws/install/dofbot_info/lib'
[18.734s] Level 1:colcon.colcon_core.shell:create_environment_hook('dofbot_info', 'ld_library_path_lib')
[18.735s] INFO:colcon.colcon_core.shell:Creating environment hook '/root/ros2_robot_arm/ros2_ws/install/dofbot_info/share/dofbot_info/hook/ld_library_path_lib.ps1'
[18.736s] INFO:colcon.colcon_core.shell:Creating environment descriptor '/root/ros2_robot_arm/ros2_ws/install/dofbot_info/share/dofbot_info/hook/ld_library_path_lib.dsv'
[18.737s] INFO:colcon.colcon_core.shell:Creating environment hook '/root/ros2_robot_arm/ros2_ws/install/dofbot_info/share/dofbot_info/hook/ld_library_path_lib.sh'
[18.737s] Level 1:colcon.colcon_core.environment:checking '/root/ros2_robot_arm/ros2_ws/install/dofbot_info/bin'
[18.738s] Level 1:colcon.colcon_core.environment:checking '/root/ros2_robot_arm/ros2_ws/install/dofbot_info/lib/pkgconfig/dofbot_info.pc'
[18.738s] Level 1:colcon.colcon_core.environment:checking '/root/ros2_robot_arm/ros2_ws/install/dofbot_info/lib/python3.10/site-packages'
[18.739s] Level 1:colcon.colcon_core.environment:checking '/root/ros2_robot_arm/ros2_ws/install/dofbot_info/bin'
[18.740s] INFO:colcon.colcon_core.shell:Creating package script '/root/ros2_robot_arm/ros2_ws/install/dofbot_info/share/dofbot_info/package.ps1'
[18.741s] INFO:colcon.colcon_core.shell:Creating package descriptor '/root/ros2_robot_arm/ros2_ws/install/dofbot_info/share/dofbot_info/package.dsv'
[18.742s] INFO:colcon.colcon_core.shell:Creating package script '/root/ros2_robot_arm/ros2_ws/install/dofbot_info/share/dofbot_info/package.sh'
[18.743s] INFO:colcon.colcon_core.shell:Creating package script '/root/ros2_robot_arm/ros2_ws/install/dofbot_info/share/dofbot_info/package.bash'
[18.744s] INFO:colcon.colcon_core.shell:Creating package script '/root/ros2_robot_arm/ros2_ws/install/dofbot_info/share/dofbot_info/package.zsh'
[18.744s] Level 1:colcon.colcon_core.environment:create_file_with_runtime_dependencies(/root/ros2_robot_arm/ros2_ws/install/dofbot_info/share/colcon-core/packages/dofbot_info)
[18.746s] Level 1:colcon.colcon_core.environment:create_environment_scripts_only(dofbot_info)
[18.746s] Level 1:colcon.colcon_core.environment:checking '/root/ros2_robot_arm/ros2_ws/install/dofbot_info' for CMake module files
[18.748s] Level 1:colcon.colcon_core.environment:checking '/root/ros2_robot_arm/ros2_ws/install/dofbot_info' for CMake config files
[18.749s] Level 1:colcon.colcon_core.shell:create_environment_hook('dofbot_info', 'cmake_prefix_path')
[18.749s] INFO:colcon.colcon_core.shell:Creating environment hook '/root/ros2_robot_arm/ros2_ws/install/dofbot_info/share/dofbot_info/hook/cmake_prefix_path.ps1'
[18.750s] INFO:colcon.colcon_core.shell:Creating environment descriptor '/root/ros2_robot_arm/ros2_ws/install/dofbot_info/share/dofbot_info/hook/cmake_prefix_path.dsv'
[18.751s] INFO:colcon.colcon_core.shell:Creating environment hook '/root/ros2_robot_arm/ros2_ws/install/dofbot_info/share/dofbot_info/hook/cmake_prefix_path.sh'
[18.752s] Level 1:colcon.colcon_core.environment:checking '/root/ros2_robot_arm/ros2_ws/install/dofbot_info/lib'
[18.752s] Level 1:colcon.colcon_core.shell:create_environment_hook('dofbot_info', 'ld_library_path_lib')
[18.753s] INFO:colcon.colcon_core.shell:Creating environment hook '/root/ros2_robot_arm/ros2_ws/install/dofbot_info/share/dofbot_info/hook/ld_library_path_lib.ps1'
[18.754s] INFO:colcon.colcon_core.shell:Creating environment descriptor '/root/ros2_robot_arm/ros2_ws/install/dofbot_info/share/dofbot_info/hook/ld_library_path_lib.dsv'
[18.755s] INFO:colcon.colcon_core.shell:Creating environment hook '/root/ros2_robot_arm/ros2_ws/install/dofbot_info/share/dofbot_info/hook/ld_library_path_lib.sh'
[18.755s] Level 1:colcon.colcon_core.environment:checking '/root/ros2_robot_arm/ros2_ws/install/dofbot_info/bin'
[18.756s] Level 1:colcon.colcon_core.environment:checking '/root/ros2_robot_arm/ros2_ws/install/dofbot_info/lib/pkgconfig/dofbot_info.pc'
[18.756s] Level 1:colcon.colcon_core.environment:checking '/root/ros2_robot_arm/ros2_ws/install/dofbot_info/lib/python3.10/site-packages'
[18.757s] Level 1:colcon.colcon_core.environment:checking '/root/ros2_robot_arm/ros2_ws/install/dofbot_info/bin'
[18.758s] INFO:colcon.colcon_core.shell:Creating package script '/root/ros2_robot_arm/ros2_ws/install/dofbot_info/share/dofbot_info/package.ps1'
[18.760s] INFO:colcon.colcon_core.shell:Creating package descriptor '/root/ros2_robot_arm/ros2_ws/install/dofbot_info/share/dofbot_info/package.dsv'
[18.761s] INFO:colcon.colcon_core.shell:Creating package script '/root/ros2_robot_arm/ros2_ws/install/dofbot_info/share/dofbot_info/package.sh'
[18.762s] INFO:colcon.colcon_core.shell:Creating package script '/root/ros2_robot_arm/ros2_ws/install/dofbot_info/share/dofbot_info/package.bash'
[18.763s] INFO:colcon.colcon_core.shell:Creating package script '/root/ros2_robot_arm/ros2_ws/install/dofbot_info/share/dofbot_info/package.zsh'
[18.764s] Level 1:colcon.colcon_core.environment:create_file_with_runtime_dependencies(/root/ros2_robot_arm/ros2_ws/install/dofbot_info/share/colcon-core/packages/dofbot_info)
[18.765s] INFO:colcon.colcon_ros.task.ament_python.build:Building ROS package in '/root/ros2_robot_arm/ros2_ws/src/dofbot_garbage_yolov5' with build type 'ament_python'
[18.765s] Level 1:colcon.colcon_core.shell:create_environment_hook('dofbot_garbage_yolov5', 'ament_prefix_path')
[18.766s] INFO:colcon.colcon_core.shell:Creating environment hook '/root/ros2_robot_arm/ros2_ws/install/dofbot_garbage_yolov5/share/dofbot_garbage_yolov5/hook/ament_prefix_path.ps1'
[18.767s] INFO:colcon.colcon_core.shell:Creating environment descriptor '/root/ros2_robot_arm/ros2_ws/install/dofbot_garbage_yolov5/share/dofbot_garbage_yolov5/hook/ament_prefix_path.dsv'
[18.768s] INFO:colcon.colcon_core.shell:Creating environment hook '/root/ros2_robot_arm/ros2_ws/install/dofbot_garbage_yolov5/share/dofbot_garbage_yolov5/hook/ament_prefix_path.sh'
[18.769s] INFO:colcon.colcon_core.shell:Skip shell extension 'powershell' for command environment: Not usable outside of PowerShell
[18.769s] DEBUG:colcon.colcon_core.shell:Skip shell extension 'dsv' for command environment
[18.778s] INFO:colcon.colcon_ros.task.ament_cmake.build:Building ROS package in '/root/ros2_robot_arm/ros2_ws/src/dofbot_moveit' with build type 'ament_cmake'
[18.779s] INFO:colcon.colcon_cmake.task.cmake.build:Building CMake package in '/root/ros2_robot_arm/ros2_ws/src/dofbot_moveit'
[18.780s] INFO:colcon.colcon_core.shell:Skip shell extension 'powershell' for command environment: Not usable outside of PowerShell
[18.780s] DEBUG:colcon.colcon_core.shell:Skip shell extension 'dsv' for command environment
[19.478s] INFO:colcon.colcon_core.task.python.build:Building Python package in '/root/ros2_robot_arm/ros2_ws/src/dofbot_garbage_yolov5'
[19.478s] INFO:colcon.colcon_core.shell:Skip shell extension 'powershell' for command environment: Not usable outside of PowerShell
[19.479s] DEBUG:colcon.colcon_core.shell:Skip shell extension 'dsv' for command environment
[19.488s] DEBUG:colcon.colcon_core.event_handler.log_command:Invoking command in '/root/ros2_robot_arm/ros2_ws/build/dofbot_moveit': AMENT_PREFIX_PATH=/root/ros2_robot_arm/ros2_ws/install/dofbot_info:${AMENT_PREFIX_PATH} CMAKE_PREFIX_PATH=/root/ros2_robot_arm/ros2_ws/install/dofbot_info:/opt/ros/humble LD_LIBRARY_PATH=/root/ros2_robot_arm/ros2_ws/install/dofbot_info/lib:/usr/local/Ascend/ascend-toolkit/latest/tools/aml/lib64:/usr/local/Ascend/ascend-toolkit/latest/tools/aml/lib64/plugin:/usr/local/Ascend/ascend-toolkit/latest/lib64:/usr/local/Ascend/ascend-toolkit/latest/lib64/plugin/opskernel:/usr/local/Ascend/ascend-toolkit/latest/lib64/plugin/nnengine:/usr/local/Ascend/ascend-toolkit/latest/opp/built-in/op_impl/ai_core/tbe/op_tiling/lib/linux/aarch64:/lib64:/var/davinci/driver/lib64:/var/davinci/driver/lib64/common:/var/davinci/driver/lib64/driver:/opt/ros/humble/opt/rviz_ogre_vendor/lib:/opt/ros/humble/lib/aarch64-linux-gnu:/opt/ros/humble/lib:/usr/local/Ascend/ascend-toolkit/latest/tools/aml/lib64:/usr/local/Ascend/ascend-toolkit/latest/tools/aml/lib64/plugin:/usr/local/Ascend/ascend-toolkit/latest/lib64:/usr/local/Ascend/ascend-toolkit/latest/lib64/plugin/opskernel:/usr/local/Ascend/ascend-toolkit/latest/lib64/plugin/nnengine:/usr/local/Ascend/ascend-toolkit/latest/opp/built-in/op_impl/ai_core/tbe/op_tiling/lib/linux/aarch64:/lib64:/var/davinci/driver/lib64:/var/davinci/driver/lib64/common:/var/davinci/driver/lib64/driver:/usr/local/Ascend/ascend-toolkit/latest/tools/aml/lib64:/usr/local/Ascend/ascend-toolkit/latest/tools/aml/lib64/plugin:/usr/local/Ascend/ascend-toolkit/latest/lib64:/usr/local/Ascend/ascend-toolkit/latest/lib64/plugin/opskernel:/usr/local/Ascend/ascend-toolkit/latest/lib64/plugin/nnengine:/usr/local/Ascend/ascend-toolkit/latest/opp/built-in/op_impl/ai_core/tbe/op_tiling/lib/linux/aarch64:/lib64:/var/davinci/driver/lib64:/var/davinci/driver/lib64/common:/var/davinci/driver/lib64/driver:/usr/local/Ascend/ascend-toolkit/latest/tools/aml/lib64:/usr/local/Ascend/ascend-toolkit/latest/tools/aml/lib64/plugin:/usr/local/Ascend/ascend-toolkit/latest/lib64:/usr/local/Ascend/ascend-toolkit/latest/lib64/plugin/opskernel:/usr/local/Ascend/ascend-toolkit/latest/lib64/plugin/nnengine:/usr/local/Ascend/ascend-toolkit/latest/opp/built-in/op_impl/ai_core/tbe/op_tiling/lib/linux/aarch64:/lib64:/var/davinci/driver/lib64:/var/davinci/driver/lib64/common:/var/davinci/driver/lib64/driver:/usr/local/Ascend/ascend-toolkit/latest/tools/aml/lib64:/usr/local/Ascend/ascend-toolkit/latest/tools/aml/lib64/plugin:/usr/local/Ascend/ascend-toolkit/latest/lib64:/usr/local/Ascend/ascend-toolkit/latest/lib64/plugin/opskernel:/usr/local/Ascend/ascend-toolkit/latest/lib64/plugin/nnengine:/usr/local/Ascend/ascend-toolkit/latest/opp/built-in/op_impl/ai_core/tbe/op_tiling/lib/linux/aarch64:/lib64:/var/davinci/driver/lib64:/var/davinci/driver/lib64/common:/var/davinci/driver/lib64/driver:/usr/local/Ascend/ascend-toolkit/latest/tools/aml/lib64:/usr/local/Ascend/ascend-toolkit/latest/tools/aml/lib64/plugin:/usr/local/Ascend/ascend-toolkit/latest/lib64:/usr/local/Ascend/ascend-toolkit/latest/lib64/plugin/opskernel:/usr/local/Ascend/ascend-toolkit/latest/lib64/plugin/nnengine:/usr/local/Ascend/ascend-toolkit/latest/opp/built-in/op_impl/ai_core/tbe/op_tiling/lib/linux/aarch64:/lib64:/var/davinci/driver/lib64:/var/davinci/driver/lib64/common:/var/davinci/driver/lib64/driver:/usr/local/Ascend/ascend-toolkit/laster/runtime/lib64/stub/aarch64:/usr/local/Ascend/ascend-toolkit/laster/lib64:/usr/local/Ascend/ascend-toolkit/laster/lib64/plugin/opskernel:/usr/local/Ascend/ascend-toolkit/laster/lib64/plugin/nnengine:/usr/local/Ascend/ascend-toolkit/laster/opp/built-in/op_impl/ai_core/tbe/op_tiling:/usr/local/Ascend/driver/lib64:/var/davinci/driver/lib64:/var/davinci/driver/lib64/common:/var/davinci/driver/lib64/driver:/usr/lib:/usr/lib/aarch64-linux-gnu:/usr/local/lib:/usr/lib:/usr/lib/aarch64-linux-gnu:/usr/local/lib:/usr/lib:/usr/lib/aarch64-linux-gnu:/usr/local/lib:/usr/lib:/usr/lib/aarch64-linux-gnu:/usr/local/lib PYTHONPATH=/root/ros2_robot_arm/ros2_ws/install/dofbot_info/local/lib/python3.10/dist-packages:${PYTHONPATH} _=/usr/bin/env /usr/bin/cmake /root/ros2_robot_arm/ros2_ws/src/dofbot_moveit -DCMAKE_INSTALL_PREFIX=/root/ros2_robot_arm/ros2_ws/install/dofbot_moveit
[20.440s] DEBUG:colcon.colcon_core.event_handler.log_command:Invoking command in '/root/ros2_robot_arm/ros2_ws/src/dofbot_garbage_yolov5': AMENT_PREFIX_PATH=/root/ros2_robot_arm/ros2_ws/install/dofbot_info:${AMENT_PREFIX_PATH} CMAKE_PREFIX_PATH=/root/ros2_robot_arm/ros2_ws/install/dofbot_info LD_LIBRARY_PATH=/root/ros2_robot_arm/ros2_ws/install/dofbot_info/lib:/usr/local/Ascend/ascend-toolkit/latest/tools/aml/lib64:/usr/local/Ascend/ascend-toolkit/latest/tools/aml/lib64/plugin:/usr/local/Ascend/ascend-toolkit/latest/lib64:/usr/local/Ascend/ascend-toolkit/latest/lib64/plugin/opskernel:/usr/local/Ascend/ascend-toolkit/latest/lib64/plugin/nnengine:/usr/local/Ascend/ascend-toolkit/latest/opp/built-in/op_impl/ai_core/tbe/op_tiling/lib/linux/aarch64:/lib64:/var/davinci/driver/lib64:/var/davinci/driver/lib64/common:/var/davinci/driver/lib64/driver:/opt/ros/humble/opt/rviz_ogre_vendor/lib:/opt/ros/humble/lib/aarch64-linux-gnu:/opt/ros/humble/lib:/usr/local/Ascend/ascend-toolkit/latest/tools/aml/lib64:/usr/local/Ascend/ascend-toolkit/latest/tools/aml/lib64/plugin:/usr/local/Ascend/ascend-toolkit/latest/lib64:/usr/local/Ascend/ascend-toolkit/latest/lib64/plugin/opskernel:/usr/local/Ascend/ascend-toolkit/latest/lib64/plugin/nnengine:/usr/local/Ascend/ascend-toolkit/latest/opp/built-in/op_impl/ai_core/tbe/op_tiling/lib/linux/aarch64:/lib64:/var/davinci/driver/lib64:/var/davinci/driver/lib64/common:/var/davinci/driver/lib64/driver:/usr/local/Ascend/ascend-toolkit/latest/tools/aml/lib64:/usr/local/Ascend/ascend-toolkit/latest/tools/aml/lib64/plugin:/usr/local/Ascend/ascend-toolkit/latest/lib64:/usr/local/Ascend/ascend-toolkit/latest/lib64/plugin/opskernel:/usr/local/Ascend/ascend-toolkit/latest/lib64/plugin/nnengine:/usr/local/Ascend/ascend-toolkit/latest/opp/built-in/op_impl/ai_core/tbe/op_tiling/lib/linux/aarch64:/lib64:/var/davinci/driver/lib64:/var/davinci/driver/lib64/common:/var/davinci/driver/lib64/driver:/usr/local/Ascend/ascend-toolkit/latest/tools/aml/lib64:/usr/local/Ascend/ascend-toolkit/latest/tools/aml/lib64/plugin:/usr/local/Ascend/ascend-toolkit/latest/lib64:/usr/local/Ascend/ascend-toolkit/latest/lib64/plugin/opskernel:/usr/local/Ascend/ascend-toolkit/latest/lib64/plugin/nnengine:/usr/local/Ascend/ascend-toolkit/latest/opp/built-in/op_impl/ai_core/tbe/op_tiling/lib/linux/aarch64:/lib64:/var/davinci/driver/lib64:/var/davinci/driver/lib64/common:/var/davinci/driver/lib64/driver:/usr/local/Ascend/ascend-toolkit/latest/tools/aml/lib64:/usr/local/Ascend/ascend-toolkit/latest/tools/aml/lib64/plugin:/usr/local/Ascend/ascend-toolkit/latest/lib64:/usr/local/Ascend/ascend-toolkit/latest/lib64/plugin/opskernel:/usr/local/Ascend/ascend-toolkit/latest/lib64/plugin/nnengine:/usr/local/Ascend/ascend-toolkit/latest/opp/built-in/op_impl/ai_core/tbe/op_tiling/lib/linux/aarch64:/lib64:/var/davinci/driver/lib64:/var/davinci/driver/lib64/common:/var/davinci/driver/lib64/driver:/usr/local/Ascend/ascend-toolkit/latest/tools/aml/lib64:/usr/local/Ascend/ascend-toolkit/latest/tools/aml/lib64/plugin:/usr/local/Ascend/ascend-toolkit/latest/lib64:/usr/local/Ascend/ascend-toolkit/latest/lib64/plugin/opskernel:/usr/local/Ascend/ascend-toolkit/latest/lib64/plugin/nnengine:/usr/local/Ascend/ascend-toolkit/latest/opp/built-in/op_impl/ai_core/tbe/op_tiling/lib/linux/aarch64:/lib64:/var/davinci/driver/lib64:/var/davinci/driver/lib64/common:/var/davinci/driver/lib64/driver:/usr/local/Ascend/ascend-toolkit/laster/runtime/lib64/stub/aarch64:/usr/local/Ascend/ascend-toolkit/laster/lib64:/usr/local/Ascend/ascend-toolkit/laster/lib64/plugin/opskernel:/usr/local/Ascend/ascend-toolkit/laster/lib64/plugin/nnengine:/usr/local/Ascend/ascend-toolkit/laster/opp/built-in/op_impl/ai_core/tbe/op_tiling:/usr/local/Ascend/driver/lib64:/var/davinci/driver/lib64:/var/davinci/driver/lib64/common:/var/davinci/driver/lib64/driver:/usr/lib:/usr/lib/aarch64-linux-gnu:/usr/local/lib:/usr/lib:/usr/lib/aarch64-linux-gnu:/usr/local/lib:/usr/lib:/usr/lib/aarch64-linux-gnu:/usr/local/lib:/usr/lib:/usr/lib/aarch64-linux-gnu:/usr/local/lib PYTHONPATH=/root/ros2_robot_arm/ros2_ws/build/dofbot_garbage_yolov5/prefix_override:/usr/lib/python3/dist-packages/colcon_core/task/python/colcon_distutils_commands:/root/ros2_robot_arm/ros2_ws/install/dofbot_garbage_yolov5/lib/python3.10/site-packages:/root/ros2_robot_arm/ros2_ws/install/dofbot_info/local/lib/python3.10/dist-packages:${PYTHONPATH} _=/usr/bin/env /usr/bin/python3 -W ignore:setup.py install is deprecated -W ignore:easy_install command is deprecated setup.py egg_info --egg-base ../../build/dofbot_garbage_yolov5 build --build-base /root/ros2_robot_arm/ros2_ws/build/dofbot_garbage_yolov5/build install --record /root/ros2_robot_arm/ros2_ws/build/dofbot_garbage_yolov5/install.log --single-version-externally-managed install_data
[21.272s] Level 1:colcon.colcon_core.environment:checking '/root/ros2_robot_arm/ros2_ws/install/dofbot_garbage_yolov5' for CMake module files
[21.273s] DEBUG:colcon.colcon_core.event_handler.log_command:Invoked command in '/root/ros2_robot_arm/ros2_ws/src/dofbot_garbage_yolov5' returned '0': AMENT_PREFIX_PATH=/root/ros2_robot_arm/ros2_ws/install/dofbot_info:${AMENT_PREFIX_PATH} CMAKE_PREFIX_PATH=/root/ros2_robot_arm/ros2_ws/install/dofbot_info LD_LIBRARY_PATH=/root/ros2_robot_arm/ros2_ws/install/dofbot_info/lib:/usr/local/Ascend/ascend-toolkit/latest/tools/aml/lib64:/usr/local/Ascend/ascend-toolkit/latest/tools/aml/lib64/plugin:/usr/local/Ascend/ascend-toolkit/latest/lib64:/usr/local/Ascend/ascend-toolkit/latest/lib64/plugin/opskernel:/usr/local/Ascend/ascend-toolkit/latest/lib64/plugin/nnengine:/usr/local/Ascend/ascend-toolkit/latest/opp/built-in/op_impl/ai_core/tbe/op_tiling/lib/linux/aarch64:/lib64:/var/davinci/driver/lib64:/var/davinci/driver/lib64/common:/var/davinci/driver/lib64/driver:/opt/ros/humble/opt/rviz_ogre_vendor/lib:/opt/ros/humble/lib/aarch64-linux-gnu:/opt/ros/humble/lib:/usr/local/Ascend/ascend-toolkit/latest/tools/aml/lib64:/usr/local/Ascend/ascend-toolkit/latest/tools/aml/lib64/plugin:/usr/local/Ascend/ascend-toolkit/latest/lib64:/usr/local/Ascend/ascend-toolkit/latest/lib64/plugin/opskernel:/usr/local/Ascend/ascend-toolkit/latest/lib64/plugin/nnengine:/usr/local/Ascend/ascend-toolkit/latest/opp/built-in/op_impl/ai_core/tbe/op_tiling/lib/linux/aarch64:/lib64:/var/davinci/driver/lib64:/var/davinci/driver/lib64/common:/var/davinci/driver/lib64/driver:/usr/local/Ascend/ascend-toolkit/latest/tools/aml/lib64:/usr/local/Ascend/ascend-toolkit/latest/tools/aml/lib64/plugin:/usr/local/Ascend/ascend-toolkit/latest/lib64:/usr/local/Ascend/ascend-toolkit/latest/lib64/plugin/opskernel:/usr/local/Ascend/ascend-toolkit/latest/lib64/plugin/nnengine:/usr/local/Ascend/ascend-toolkit/latest/opp/built-in/op_impl/ai_core/tbe/op_tiling/lib/linux/aarch64:/lib64:/var/davinci/driver/lib64:/var/davinci/driver/lib64/common:/var/davinci/driver/lib64/driver:/usr/local/Ascend/ascend-toolkit/latest/tools/aml/lib64:/usr/local/Ascend/ascend-toolkit/latest/tools/aml/lib64/plugin:/usr/local/Ascend/ascend-toolkit/latest/lib64:/usr/local/Ascend/ascend-toolkit/latest/lib64/plugin/opskernel:/usr/local/Ascend/ascend-toolkit/latest/lib64/plugin/nnengine:/usr/local/Ascend/ascend-toolkit/latest/opp/built-in/op_impl/ai_core/tbe/op_tiling/lib/linux/aarch64:/lib64:/var/davinci/driver/lib64:/var/davinci/driver/lib64/common:/var/davinci/driver/lib64/driver:/usr/local/Ascend/ascend-toolkit/latest/tools/aml/lib64:/usr/local/Ascend/ascend-toolkit/latest/tools/aml/lib64/plugin:/usr/local/Ascend/ascend-toolkit/latest/lib64:/usr/local/Ascend/ascend-toolkit/latest/lib64/plugin/opskernel:/usr/local/Ascend/ascend-toolkit/latest/lib64/plugin/nnengine:/usr/local/Ascend/ascend-toolkit/latest/opp/built-in/op_impl/ai_core/tbe/op_tiling/lib/linux/aarch64:/lib64:/var/davinci/driver/lib64:/var/davinci/driver/lib64/common:/var/davinci/driver/lib64/driver:/usr/local/Ascend/ascend-toolkit/latest/tools/aml/lib64:/usr/local/Ascend/ascend-toolkit/latest/tools/aml/lib64/plugin:/usr/local/Ascend/ascend-toolkit/latest/lib64:/usr/local/Ascend/ascend-toolkit/latest/lib64/plugin/opskernel:/usr/local/Ascend/ascend-toolkit/latest/lib64/plugin/nnengine:/usr/local/Ascend/ascend-toolkit/latest/opp/built-in/op_impl/ai_core/tbe/op_tiling/lib/linux/aarch64:/lib64:/var/davinci/driver/lib64:/var/davinci/driver/lib64/common:/var/davinci/driver/lib64/driver:/usr/local/Ascend/ascend-toolkit/laster/runtime/lib64/stub/aarch64:/usr/local/Ascend/ascend-toolkit/laster/lib64:/usr/local/Ascend/ascend-toolkit/laster/lib64/plugin/opskernel:/usr/local/Ascend/ascend-toolkit/laster/lib64/plugin/nnengine:/usr/local/Ascend/ascend-toolkit/laster/opp/built-in/op_impl/ai_core/tbe/op_tiling:/usr/local/Ascend/driver/lib64:/var/davinci/driver/lib64:/var/davinci/driver/lib64/common:/var/davinci/driver/lib64/driver:/usr/lib:/usr/lib/aarch64-linux-gnu:/usr/local/lib:/usr/lib:/usr/lib/aarch64-linux-gnu:/usr/local/lib:/usr/lib:/usr/lib/aarch64-linux-gnu:/usr/local/lib:/usr/lib:/usr/lib/aarch64-linux-gnu:/usr/local/lib PYTHONPATH=/root/ros2_robot_arm/ros2_ws/build/dofbot_garbage_yolov5/prefix_override:/usr/lib/python3/dist-packages/colcon_core/task/python/colcon_distutils_commands:/root/ros2_robot_arm/ros2_ws/install/dofbot_garbage_yolov5/lib/python3.10/site-packages:/root/ros2_robot_arm/ros2_ws/install/dofbot_info/local/lib/python3.10/dist-packages:${PYTHONPATH} _=/usr/bin/env /usr/bin/python3 -W ignore:setup.py install is deprecated -W ignore:easy_install command is deprecated setup.py egg_info --egg-base ../../build/dofbot_garbage_yolov5 build --build-base /root/ros2_robot_arm/ros2_ws/build/dofbot_garbage_yolov5/build install --record /root/ros2_robot_arm/ros2_ws/build/dofbot_garbage_yolov5/install.log --single-version-externally-managed install_data
[21.274s] Level 1:colcon.colcon_core.environment:checking '/root/ros2_robot_arm/ros2_ws/install/dofbot_garbage_yolov5' for CMake config files
[21.275s] Level 1:colcon.colcon_core.environment:checking '/root/ros2_robot_arm/ros2_ws/install/dofbot_garbage_yolov5/lib'
[21.276s] Level 1:colcon.colcon_core.environment:checking '/root/ros2_robot_arm/ros2_ws/install/dofbot_garbage_yolov5/bin'
[21.276s] Level 1:colcon.colcon_core.environment:checking '/root/ros2_robot_arm/ros2_ws/install/dofbot_garbage_yolov5/lib/pkgconfig/dofbot_garbage_yolov5.pc'
[21.276s] Level 1:colcon.colcon_core.environment:checking '/root/ros2_robot_arm/ros2_ws/install/dofbot_garbage_yolov5/lib/python3.10/site-packages'
[21.277s] Level 1:colcon.colcon_core.shell:create_environment_hook('dofbot_garbage_yolov5', 'pythonpath')
[21.277s] INFO:colcon.colcon_core.shell:Creating environment hook '/root/ros2_robot_arm/ros2_ws/install/dofbot_garbage_yolov5/share/dofbot_garbage_yolov5/hook/pythonpath.ps1'
[21.279s] INFO:colcon.colcon_core.shell:Creating environment descriptor '/root/ros2_robot_arm/ros2_ws/install/dofbot_garbage_yolov5/share/dofbot_garbage_yolov5/hook/pythonpath.dsv'
[21.280s] INFO:colcon.colcon_core.shell:Creating environment hook '/root/ros2_robot_arm/ros2_ws/install/dofbot_garbage_yolov5/share/dofbot_garbage_yolov5/hook/pythonpath.sh'
[21.281s] Level 1:colcon.colcon_core.environment:checking '/root/ros2_robot_arm/ros2_ws/install/dofbot_garbage_yolov5/bin'
[21.281s] Level 1:colcon.colcon_core.environment:create_environment_scripts_only(dofbot_garbage_yolov5)
[21.282s] INFO:colcon.colcon_core.shell:Creating package script '/root/ros2_robot_arm/ros2_ws/install/dofbot_garbage_yolov5/share/dofbot_garbage_yolov5/package.ps1'
[21.284s] INFO:colcon.colcon_core.shell:Creating package descriptor '/root/ros2_robot_arm/ros2_ws/install/dofbot_garbage_yolov5/share/dofbot_garbage_yolov5/package.dsv'
[21.285s] INFO:colcon.colcon_core.shell:Creating package script '/root/ros2_robot_arm/ros2_ws/install/dofbot_garbage_yolov5/share/dofbot_garbage_yolov5/package.sh'
[21.286s] INFO:colcon.colcon_core.shell:Creating package script '/root/ros2_robot_arm/ros2_ws/install/dofbot_garbage_yolov5/share/dofbot_garbage_yolov5/package.bash'
[21.287s] INFO:colcon.colcon_core.shell:Creating package script '/root/ros2_robot_arm/ros2_ws/install/dofbot_garbage_yolov5/share/dofbot_garbage_yolov5/package.zsh'
[21.288s] Level 1:colcon.colcon_core.environment:create_file_with_runtime_dependencies(/root/ros2_robot_arm/ros2_ws/install/dofbot_garbage_yolov5/share/colcon-core/packages/dofbot_garbage_yolov5)
[22.108s] DEBUG:colcon.colcon_core.event_handler.log_command:Invoked command in '/root/ros2_robot_arm/ros2_ws/build/dofbot_moveit' returned '0': AMENT_PREFIX_PATH=/root/ros2_robot_arm/ros2_ws/install/dofbot_info:${AMENT_PREFIX_PATH} CMAKE_PREFIX_PATH=/root/ros2_robot_arm/ros2_ws/install/dofbot_info:/opt/ros/humble LD_LIBRARY_PATH=/root/ros2_robot_arm/ros2_ws/install/dofbot_info/lib:/usr/local/Ascend/ascend-toolkit/latest/tools/aml/lib64:/usr/local/Ascend/ascend-toolkit/latest/tools/aml/lib64/plugin:/usr/local/Ascend/ascend-toolkit/latest/lib64:/usr/local/Ascend/ascend-toolkit/latest/lib64/plugin/opskernel:/usr/local/Ascend/ascend-toolkit/latest/lib64/plugin/nnengine:/usr/local/Ascend/ascend-toolkit/latest/opp/built-in/op_impl/ai_core/tbe/op_tiling/lib/linux/aarch64:/lib64:/var/davinci/driver/lib64:/var/davinci/driver/lib64/common:/var/davinci/driver/lib64/driver:/opt/ros/humble/opt/rviz_ogre_vendor/lib:/opt/ros/humble/lib/aarch64-linux-gnu:/opt/ros/humble/lib:/usr/local/Ascend/ascend-toolkit/latest/tools/aml/lib64:/usr/local/Ascend/ascend-toolkit/latest/tools/aml/lib64/plugin:/usr/local/Ascend/ascend-toolkit/latest/lib64:/usr/local/Ascend/ascend-toolkit/latest/lib64/plugin/opskernel:/usr/local/Ascend/ascend-toolkit/latest/lib64/plugin/nnengine:/usr/local/Ascend/ascend-toolkit/latest/opp/built-in/op_impl/ai_core/tbe/op_tiling/lib/linux/aarch64:/lib64:/var/davinci/driver/lib64:/var/davinci/driver/lib64/common:/var/davinci/driver/lib64/driver:/usr/local/Ascend/ascend-toolkit/latest/tools/aml/lib64:/usr/local/Ascend/ascend-toolkit/latest/tools/aml/lib64/plugin:/usr/local/Ascend/ascend-toolkit/latest/lib64:/usr/local/Ascend/ascend-toolkit/latest/lib64/plugin/opskernel:/usr/local/Ascend/ascend-toolkit/latest/lib64/plugin/nnengine:/usr/local/Ascend/ascend-toolkit/latest/opp/built-in/op_impl/ai_core/tbe/op_tiling/lib/linux/aarch64:/lib64:/var/davinci/driver/lib64:/var/davinci/driver/lib64/common:/var/davinci/driver/lib64/driver:/usr/local/Ascend/ascend-toolkit/latest/tools/aml/lib64:/usr/local/Ascend/ascend-toolkit/latest/tools/aml/lib64/plugin:/usr/local/Ascend/ascend-toolkit/latest/lib64:/usr/local/Ascend/ascend-toolkit/latest/lib64/plugin/opskernel:/usr/local/Ascend/ascend-toolkit/latest/lib64/plugin/nnengine:/usr/local/Ascend/ascend-toolkit/latest/opp/built-in/op_impl/ai_core/tbe/op_tiling/lib/linux/aarch64:/lib64:/var/davinci/driver/lib64:/var/davinci/driver/lib64/common:/var/davinci/driver/lib64/driver:/usr/local/Ascend/ascend-toolkit/latest/tools/aml/lib64:/usr/local/Ascend/ascend-toolkit/latest/tools/aml/lib64/plugin:/usr/local/Ascend/ascend-toolkit/latest/lib64:/usr/local/Ascend/ascend-toolkit/latest/lib64/plugin/opskernel:/usr/local/Ascend/ascend-toolkit/latest/lib64/plugin/nnengine:/usr/local/Ascend/ascend-toolkit/latest/opp/built-in/op_impl/ai_core/tbe/op_tiling/lib/linux/aarch64:/lib64:/var/davinci/driver/lib64:/var/davinci/driver/lib64/common:/var/davinci/driver/lib64/driver:/usr/local/Ascend/ascend-toolkit/latest/tools/aml/lib64:/usr/local/Ascend/ascend-toolkit/latest/tools/aml/lib64/plugin:/usr/local/Ascend/ascend-toolkit/latest/lib64:/usr/local/Ascend/ascend-toolkit/latest/lib64/plugin/opskernel:/usr/local/Ascend/ascend-toolkit/latest/lib64/plugin/nnengine:/usr/local/Ascend/ascend-toolkit/latest/opp/built-in/op_impl/ai_core/tbe/op_tiling/lib/linux/aarch64:/lib64:/var/davinci/driver/lib64:/var/davinci/driver/lib64/common:/var/davinci/driver/lib64/driver:/usr/local/Ascend/ascend-toolkit/laster/runtime/lib64/stub/aarch64:/usr/local/Ascend/ascend-toolkit/laster/lib64:/usr/local/Ascend/ascend-toolkit/laster/lib64/plugin/opskernel:/usr/local/Ascend/ascend-toolkit/laster/lib64/plugin/nnengine:/usr/local/Ascend/ascend-toolkit/laster/opp/built-in/op_impl/ai_core/tbe/op_tiling:/usr/local/Ascend/driver/lib64:/var/davinci/driver/lib64:/var/davinci/driver/lib64/common:/var/davinci/driver/lib64/driver:/usr/lib:/usr/lib/aarch64-linux-gnu:/usr/local/lib:/usr/lib:/usr/lib/aarch64-linux-gnu:/usr/local/lib:/usr/lib:/usr/lib/aarch64-linux-gnu:/usr/local/lib:/usr/lib:/usr/lib/aarch64-linux-gnu:/usr/local/lib PYTHONPATH=/root/ros2_robot_arm/ros2_ws/install/dofbot_info/local/lib/python3.10/dist-packages:${PYTHONPATH} _=/usr/bin/env /usr/bin/cmake /root/ros2_robot_arm/ros2_ws/src/dofbot_moveit -DCMAKE_INSTALL_PREFIX=/root/ros2_robot_arm/ros2_ws/install/dofbot_moveit
[22.111s] DEBUG:colcon.colcon_core.event_handler.log_command:Invoking command in '/root/ros2_robot_arm/ros2_ws/build/dofbot_moveit': AMENT_PREFIX_PATH=/root/ros2_robot_arm/ros2_ws/install/dofbot_info:${AMENT_PREFIX_PATH} CMAKE_PREFIX_PATH=/root/ros2_robot_arm/ros2_ws/install/dofbot_info:/opt/ros/humble LD_LIBRARY_PATH=/root/ros2_robot_arm/ros2_ws/install/dofbot_info/lib:/usr/local/Ascend/ascend-toolkit/latest/tools/aml/lib64:/usr/local/Ascend/ascend-toolkit/latest/tools/aml/lib64/plugin:/usr/local/Ascend/ascend-toolkit/latest/lib64:/usr/local/Ascend/ascend-toolkit/latest/lib64/plugin/opskernel:/usr/local/Ascend/ascend-toolkit/latest/lib64/plugin/nnengine:/usr/local/Ascend/ascend-toolkit/latest/opp/built-in/op_impl/ai_core/tbe/op_tiling/lib/linux/aarch64:/lib64:/var/davinci/driver/lib64:/var/davinci/driver/lib64/common:/var/davinci/driver/lib64/driver:/opt/ros/humble/opt/rviz_ogre_vendor/lib:/opt/ros/humble/lib/aarch64-linux-gnu:/opt/ros/humble/lib:/usr/local/Ascend/ascend-toolkit/latest/tools/aml/lib64:/usr/local/Ascend/ascend-toolkit/latest/tools/aml/lib64/plugin:/usr/local/Ascend/ascend-toolkit/latest/lib64:/usr/local/Ascend/ascend-toolkit/latest/lib64/plugin/opskernel:/usr/local/Ascend/ascend-toolkit/latest/lib64/plugin/nnengine:/usr/local/Ascend/ascend-toolkit/latest/opp/built-in/op_impl/ai_core/tbe/op_tiling/lib/linux/aarch64:/lib64:/var/davinci/driver/lib64:/var/davinci/driver/lib64/common:/var/davinci/driver/lib64/driver:/usr/local/Ascend/ascend-toolkit/latest/tools/aml/lib64:/usr/local/Ascend/ascend-toolkit/latest/tools/aml/lib64/plugin:/usr/local/Ascend/ascend-toolkit/latest/lib64:/usr/local/Ascend/ascend-toolkit/latest/lib64/plugin/opskernel:/usr/local/Ascend/ascend-toolkit/latest/lib64/plugin/nnengine:/usr/local/Ascend/ascend-toolkit/latest/opp/built-in/op_impl/ai_core/tbe/op_tiling/lib/linux/aarch64:/lib64:/var/davinci/driver/lib64:/var/davinci/driver/lib64/common:/var/davinci/driver/lib64/driver:/usr/local/Ascend/ascend-toolkit/latest/tools/aml/lib64:/usr/local/Ascend/ascend-toolkit/latest/tools/aml/lib64/plugin:/usr/local/Ascend/ascend-toolkit/latest/lib64:/usr/local/Ascend/ascend-toolkit/latest/lib64/plugin/opskernel:/usr/local/Ascend/ascend-toolkit/latest/lib64/plugin/nnengine:/usr/local/Ascend/ascend-toolkit/latest/opp/built-in/op_impl/ai_core/tbe/op_tiling/lib/linux/aarch64:/lib64:/var/davinci/driver/lib64:/var/davinci/driver/lib64/common:/var/davinci/driver/lib64/driver:/usr/local/Ascend/ascend-toolkit/latest/tools/aml/lib64:/usr/local/Ascend/ascend-toolkit/latest/tools/aml/lib64/plugin:/usr/local/Ascend/ascend-toolkit/latest/lib64:/usr/local/Ascend/ascend-toolkit/latest/lib64/plugin/opskernel:/usr/local/Ascend/ascend-toolkit/latest/lib64/plugin/nnengine:/usr/local/Ascend/ascend-toolkit/latest/opp/built-in/op_impl/ai_core/tbe/op_tiling/lib/linux/aarch64:/lib64:/var/davinci/driver/lib64:/var/davinci/driver/lib64/common:/var/davinci/driver/lib64/driver:/usr/local/Ascend/ascend-toolkit/latest/tools/aml/lib64:/usr/local/Ascend/ascend-toolkit/latest/tools/aml/lib64/plugin:/usr/local/Ascend/ascend-toolkit/latest/lib64:/usr/local/Ascend/ascend-toolkit/latest/lib64/plugin/opskernel:/usr/local/Ascend/ascend-toolkit/latest/lib64/plugin/nnengine:/usr/local/Ascend/ascend-toolkit/latest/opp/built-in/op_impl/ai_core/tbe/op_tiling/lib/linux/aarch64:/lib64:/var/davinci/driver/lib64:/var/davinci/driver/lib64/common:/var/davinci/driver/lib64/driver:/usr/local/Ascend/ascend-toolkit/laster/runtime/lib64/stub/aarch64:/usr/local/Ascend/ascend-toolkit/laster/lib64:/usr/local/Ascend/ascend-toolkit/laster/lib64/plugin/opskernel:/usr/local/Ascend/ascend-toolkit/laster/lib64/plugin/nnengine:/usr/local/Ascend/ascend-toolkit/laster/opp/built-in/op_impl/ai_core/tbe/op_tiling:/usr/local/Ascend/driver/lib64:/var/davinci/driver/lib64:/var/davinci/driver/lib64/common:/var/davinci/driver/lib64/driver:/usr/lib:/usr/lib/aarch64-linux-gnu:/usr/local/lib:/usr/lib:/usr/lib/aarch64-linux-gnu:/usr/local/lib:/usr/lib:/usr/lib/aarch64-linux-gnu:/usr/local/lib:/usr/lib:/usr/lib/aarch64-linux-gnu:/usr/local/lib PYTHONPATH=/root/ros2_robot_arm/ros2_ws/install/dofbot_info/local/lib/python3.10/dist-packages:${PYTHONPATH} _=/usr/bin/env /usr/bin/cmake --build /root/ros2_robot_arm/ros2_ws/build/dofbot_moveit -- -j3 -l3
[35.657s] DEBUG:colcon.colcon_core.event_handler.log_command:Invoked command in '/root/ros2_robot_arm/ros2_ws/build/dofbot_moveit' returned '0': AMENT_PREFIX_PATH=/root/ros2_robot_arm/ros2_ws/install/dofbot_info:${AMENT_PREFIX_PATH} CMAKE_PREFIX_PATH=/root/ros2_robot_arm/ros2_ws/install/dofbot_info:/opt/ros/humble LD_LIBRARY_PATH=/root/ros2_robot_arm/ros2_ws/install/dofbot_info/lib:/usr/local/Ascend/ascend-toolkit/latest/tools/aml/lib64:/usr/local/Ascend/ascend-toolkit/latest/tools/aml/lib64/plugin:/usr/local/Ascend/ascend-toolkit/latest/lib64:/usr/local/Ascend/ascend-toolkit/latest/lib64/plugin/opskernel:/usr/local/Ascend/ascend-toolkit/latest/lib64/plugin/nnengine:/usr/local/Ascend/ascend-toolkit/latest/opp/built-in/op_impl/ai_core/tbe/op_tiling/lib/linux/aarch64:/lib64:/var/davinci/driver/lib64:/var/davinci/driver/lib64/common:/var/davinci/driver/lib64/driver:/opt/ros/humble/opt/rviz_ogre_vendor/lib:/opt/ros/humble/lib/aarch64-linux-gnu:/opt/ros/humble/lib:/usr/local/Ascend/ascend-toolkit/latest/tools/aml/lib64:/usr/local/Ascend/ascend-toolkit/latest/tools/aml/lib64/plugin:/usr/local/Ascend/ascend-toolkit/latest/lib64:/usr/local/Ascend/ascend-toolkit/latest/lib64/plugin/opskernel:/usr/local/Ascend/ascend-toolkit/latest/lib64/plugin/nnengine:/usr/local/Ascend/ascend-toolkit/latest/opp/built-in/op_impl/ai_core/tbe/op_tiling/lib/linux/aarch64:/lib64:/var/davinci/driver/lib64:/var/davinci/driver/lib64/common:/var/davinci/driver/lib64/driver:/usr/local/Ascend/ascend-toolkit/latest/tools/aml/lib64:/usr/local/Ascend/ascend-toolkit/latest/tools/aml/lib64/plugin:/usr/local/Ascend/ascend-toolkit/latest/lib64:/usr/local/Ascend/ascend-toolkit/latest/lib64/plugin/opskernel:/usr/local/Ascend/ascend-toolkit/latest/lib64/plugin/nnengine:/usr/local/Ascend/ascend-toolkit/latest/opp/built-in/op_impl/ai_core/tbe/op_tiling/lib/linux/aarch64:/lib64:/var/davinci/driver/lib64:/var/davinci/driver/lib64/common:/var/davinci/driver/lib64/driver:/usr/local/Ascend/ascend-toolkit/latest/tools/aml/lib64:/usr/local/Ascend/ascend-toolkit/latest/tools/aml/lib64/plugin:/usr/local/Ascend/ascend-toolkit/latest/lib64:/usr/local/Ascend/ascend-toolkit/latest/lib64/plugin/opskernel:/usr/local/Ascend/ascend-toolkit/latest/lib64/plugin/nnengine:/usr/local/Ascend/ascend-toolkit/latest/opp/built-in/op_impl/ai_core/tbe/op_tiling/lib/linux/aarch64:/lib64:/var/davinci/driver/lib64:/var/davinci/driver/lib64/common:/var/davinci/driver/lib64/driver:/usr/local/Ascend/ascend-toolkit/latest/tools/aml/lib64:/usr/local/Ascend/ascend-toolkit/latest/tools/aml/lib64/plugin:/usr/local/Ascend/ascend-toolkit/latest/lib64:/usr/local/Ascend/ascend-toolkit/latest/lib64/plugin/opskernel:/usr/local/Ascend/ascend-toolkit/latest/lib64/plugin/nnengine:/usr/local/Ascend/ascend-toolkit/latest/opp/built-in/op_impl/ai_core/tbe/op_tiling/lib/linux/aarch64:/lib64:/var/davinci/driver/lib64:/var/davinci/driver/lib64/common:/var/davinci/driver/lib64/driver:/usr/local/Ascend/ascend-toolkit/latest/tools/aml/lib64:/usr/local/Ascend/ascend-toolkit/latest/tools/aml/lib64/plugin:/usr/local/Ascend/ascend-toolkit/latest/lib64:/usr/local/Ascend/ascend-toolkit/latest/lib64/plugin/opskernel:/usr/local/Ascend/ascend-toolkit/latest/lib64/plugin/nnengine:/usr/local/Ascend/ascend-toolkit/latest/opp/built-in/op_impl/ai_core/tbe/op_tiling/lib/linux/aarch64:/lib64:/var/davinci/driver/lib64:/var/davinci/driver/lib64/common:/var/davinci/driver/lib64/driver:/usr/local/Ascend/ascend-toolkit/laster/runtime/lib64/stub/aarch64:/usr/local/Ascend/ascend-toolkit/laster/lib64:/usr/local/Ascend/ascend-toolkit/laster/lib64/plugin/opskernel:/usr/local/Ascend/ascend-toolkit/laster/lib64/plugin/nnengine:/usr/local/Ascend/ascend-toolkit/laster/opp/built-in/op_impl/ai_core/tbe/op_tiling:/usr/local/Ascend/driver/lib64:/var/davinci/driver/lib64:/var/davinci/driver/lib64/common:/var/davinci/driver/lib64/driver:/usr/lib:/usr/lib/aarch64-linux-gnu:/usr/local/lib:/usr/lib:/usr/lib/aarch64-linux-gnu:/usr/local/lib:/usr/lib:/usr/lib/aarch64-linux-gnu:/usr/local/lib:/usr/lib:/usr/lib/aarch64-linux-gnu:/usr/local/lib PYTHONPATH=/root/ros2_robot_arm/ros2_ws/install/dofbot_info/local/lib/python3.10/dist-packages:${PYTHONPATH} _=/usr/bin/env /usr/bin/cmake --build /root/ros2_robot_arm/ros2_ws/build/dofbot_moveit -- -j3 -l3
[35.661s] DEBUG:colcon.colcon_core.event_handler.log_command:Invoking command in '/root/ros2_robot_arm/ros2_ws/build/dofbot_moveit': AMENT_PREFIX_PATH=/root/ros2_robot_arm/ros2_ws/install/dofbot_info:${AMENT_PREFIX_PATH} CMAKE_PREFIX_PATH=/root/ros2_robot_arm/ros2_ws/install/dofbot_info:/opt/ros/humble LD_LIBRARY_PATH=/root/ros2_robot_arm/ros2_ws/install/dofbot_info/lib:/usr/local/Ascend/ascend-toolkit/latest/tools/aml/lib64:/usr/local/Ascend/ascend-toolkit/latest/tools/aml/lib64/plugin:/usr/local/Ascend/ascend-toolkit/latest/lib64:/usr/local/Ascend/ascend-toolkit/latest/lib64/plugin/opskernel:/usr/local/Ascend/ascend-toolkit/latest/lib64/plugin/nnengine:/usr/local/Ascend/ascend-toolkit/latest/opp/built-in/op_impl/ai_core/tbe/op_tiling/lib/linux/aarch64:/lib64:/var/davinci/driver/lib64:/var/davinci/driver/lib64/common:/var/davinci/driver/lib64/driver:/opt/ros/humble/opt/rviz_ogre_vendor/lib:/opt/ros/humble/lib/aarch64-linux-gnu:/opt/ros/humble/lib:/usr/local/Ascend/ascend-toolkit/latest/tools/aml/lib64:/usr/local/Ascend/ascend-toolkit/latest/tools/aml/lib64/plugin:/usr/local/Ascend/ascend-toolkit/latest/lib64:/usr/local/Ascend/ascend-toolkit/latest/lib64/plugin/opskernel:/usr/local/Ascend/ascend-toolkit/latest/lib64/plugin/nnengine:/usr/local/Ascend/ascend-toolkit/latest/opp/built-in/op_impl/ai_core/tbe/op_tiling/lib/linux/aarch64:/lib64:/var/davinci/driver/lib64:/var/davinci/driver/lib64/common:/var/davinci/driver/lib64/driver:/usr/local/Ascend/ascend-toolkit/latest/tools/aml/lib64:/usr/local/Ascend/ascend-toolkit/latest/tools/aml/lib64/plugin:/usr/local/Ascend/ascend-toolkit/latest/lib64:/usr/local/Ascend/ascend-toolkit/latest/lib64/plugin/opskernel:/usr/local/Ascend/ascend-toolkit/latest/lib64/plugin/nnengine:/usr/local/Ascend/ascend-toolkit/latest/opp/built-in/op_impl/ai_core/tbe/op_tiling/lib/linux/aarch64:/lib64:/var/davinci/driver/lib64:/var/davinci/driver/lib64/common:/var/davinci/driver/lib64/driver:/usr/local/Ascend/ascend-toolkit/latest/tools/aml/lib64:/usr/local/Ascend/ascend-toolkit/latest/tools/aml/lib64/plugin:/usr/local/Ascend/ascend-toolkit/latest/lib64:/usr/local/Ascend/ascend-toolkit/latest/lib64/plugin/opskernel:/usr/local/Ascend/ascend-toolkit/latest/lib64/plugin/nnengine:/usr/local/Ascend/ascend-toolkit/latest/opp/built-in/op_impl/ai_core/tbe/op_tiling/lib/linux/aarch64:/lib64:/var/davinci/driver/lib64:/var/davinci/driver/lib64/common:/var/davinci/driver/lib64/driver:/usr/local/Ascend/ascend-toolkit/latest/tools/aml/lib64:/usr/local/Ascend/ascend-toolkit/latest/tools/aml/lib64/plugin:/usr/local/Ascend/ascend-toolkit/latest/lib64:/usr/local/Ascend/ascend-toolkit/latest/lib64/plugin/opskernel:/usr/local/Ascend/ascend-toolkit/latest/lib64/plugin/nnengine:/usr/local/Ascend/ascend-toolkit/latest/opp/built-in/op_impl/ai_core/tbe/op_tiling/lib/linux/aarch64:/lib64:/var/davinci/driver/lib64:/var/davinci/driver/lib64/common:/var/davinci/driver/lib64/driver:/usr/local/Ascend/ascend-toolkit/latest/tools/aml/lib64:/usr/local/Ascend/ascend-toolkit/latest/tools/aml/lib64/plugin:/usr/local/Ascend/ascend-toolkit/latest/lib64:/usr/local/Ascend/ascend-toolkit/latest/lib64/plugin/opskernel:/usr/local/Ascend/ascend-toolkit/latest/lib64/plugin/nnengine:/usr/local/Ascend/ascend-toolkit/latest/opp/built-in/op_impl/ai_core/tbe/op_tiling/lib/linux/aarch64:/lib64:/var/davinci/driver/lib64:/var/davinci/driver/lib64/common:/var/davinci/driver/lib64/driver:/usr/local/Ascend/ascend-toolkit/laster/runtime/lib64/stub/aarch64:/usr/local/Ascend/ascend-toolkit/laster/lib64:/usr/local/Ascend/ascend-toolkit/laster/lib64/plugin/opskernel:/usr/local/Ascend/ascend-toolkit/laster/lib64/plugin/nnengine:/usr/local/Ascend/ascend-toolkit/laster/opp/built-in/op_impl/ai_core/tbe/op_tiling:/usr/local/Ascend/driver/lib64:/var/davinci/driver/lib64:/var/davinci/driver/lib64/common:/var/davinci/driver/lib64/driver:/usr/lib:/usr/lib/aarch64-linux-gnu:/usr/local/lib:/usr/lib:/usr/lib/aarch64-linux-gnu:/usr/local/lib:/usr/lib:/usr/lib/aarch64-linux-gnu:/usr/local/lib:/usr/lib:/usr/lib/aarch64-linux-gnu:/usr/local/lib PYTHONPATH=/root/ros2_robot_arm/ros2_ws/install/dofbot_info/local/lib/python3.10/dist-packages:${PYTHONPATH} _=/usr/bin/env /usr/bin/cmake --install /root/ros2_robot_arm/ros2_ws/build/dofbot_moveit
[35.804s] Level 1:colcon.colcon_core.environment:create_environment_scripts_only(dofbot_moveit)
[35.805s] Level 1:colcon.colcon_core.environment:checking '/root/ros2_robot_arm/ros2_ws/install/dofbot_moveit' for CMake module files
[35.806s] DEBUG:colcon.colcon_core.event_handler.log_command:Invoked command in '/root/ros2_robot_arm/ros2_ws/build/dofbot_moveit' returned '0': AMENT_PREFIX_PATH=/root/ros2_robot_arm/ros2_ws/install/dofbot_info:${AMENT_PREFIX_PATH} CMAKE_PREFIX_PATH=/root/ros2_robot_arm/ros2_ws/install/dofbot_info:/opt/ros/humble LD_LIBRARY_PATH=/root/ros2_robot_arm/ros2_ws/install/dofbot_info/lib:/usr/local/Ascend/ascend-toolkit/latest/tools/aml/lib64:/usr/local/Ascend/ascend-toolkit/latest/tools/aml/lib64/plugin:/usr/local/Ascend/ascend-toolkit/latest/lib64:/usr/local/Ascend/ascend-toolkit/latest/lib64/plugin/opskernel:/usr/local/Ascend/ascend-toolkit/latest/lib64/plugin/nnengine:/usr/local/Ascend/ascend-toolkit/latest/opp/built-in/op_impl/ai_core/tbe/op_tiling/lib/linux/aarch64:/lib64:/var/davinci/driver/lib64:/var/davinci/driver/lib64/common:/var/davinci/driver/lib64/driver:/opt/ros/humble/opt/rviz_ogre_vendor/lib:/opt/ros/humble/lib/aarch64-linux-gnu:/opt/ros/humble/lib:/usr/local/Ascend/ascend-toolkit/latest/tools/aml/lib64:/usr/local/Ascend/ascend-toolkit/latest/tools/aml/lib64/plugin:/usr/local/Ascend/ascend-toolkit/latest/lib64:/usr/local/Ascend/ascend-toolkit/latest/lib64/plugin/opskernel:/usr/local/Ascend/ascend-toolkit/latest/lib64/plugin/nnengine:/usr/local/Ascend/ascend-toolkit/latest/opp/built-in/op_impl/ai_core/tbe/op_tiling/lib/linux/aarch64:/lib64:/var/davinci/driver/lib64:/var/davinci/driver/lib64/common:/var/davinci/driver/lib64/driver:/usr/local/Ascend/ascend-toolkit/latest/tools/aml/lib64:/usr/local/Ascend/ascend-toolkit/latest/tools/aml/lib64/plugin:/usr/local/Ascend/ascend-toolkit/latest/lib64:/usr/local/Ascend/ascend-toolkit/latest/lib64/plugin/opskernel:/usr/local/Ascend/ascend-toolkit/latest/lib64/plugin/nnengine:/usr/local/Ascend/ascend-toolkit/latest/opp/built-in/op_impl/ai_core/tbe/op_tiling/lib/linux/aarch64:/lib64:/var/davinci/driver/lib64:/var/davinci/driver/lib64/common:/var/davinci/driver/lib64/driver:/usr/local/Ascend/ascend-toolkit/latest/tools/aml/lib64:/usr/local/Ascend/ascend-toolkit/latest/tools/aml/lib64/plugin:/usr/local/Ascend/ascend-toolkit/latest/lib64:/usr/local/Ascend/ascend-toolkit/latest/lib64/plugin/opskernel:/usr/local/Ascend/ascend-toolkit/latest/lib64/plugin/nnengine:/usr/local/Ascend/ascend-toolkit/latest/opp/built-in/op_impl/ai_core/tbe/op_tiling/lib/linux/aarch64:/lib64:/var/davinci/driver/lib64:/var/davinci/driver/lib64/common:/var/davinci/driver/lib64/driver:/usr/local/Ascend/ascend-toolkit/latest/tools/aml/lib64:/usr/local/Ascend/ascend-toolkit/latest/tools/aml/lib64/plugin:/usr/local/Ascend/ascend-toolkit/latest/lib64:/usr/local/Ascend/ascend-toolkit/latest/lib64/plugin/opskernel:/usr/local/Ascend/ascend-toolkit/latest/lib64/plugin/nnengine:/usr/local/Ascend/ascend-toolkit/latest/opp/built-in/op_impl/ai_core/tbe/op_tiling/lib/linux/aarch64:/lib64:/var/davinci/driver/lib64:/var/davinci/driver/lib64/common:/var/davinci/driver/lib64/driver:/usr/local/Ascend/ascend-toolkit/latest/tools/aml/lib64:/usr/local/Ascend/ascend-toolkit/latest/tools/aml/lib64/plugin:/usr/local/Ascend/ascend-toolkit/latest/lib64:/usr/local/Ascend/ascend-toolkit/latest/lib64/plugin/opskernel:/usr/local/Ascend/ascend-toolkit/latest/lib64/plugin/nnengine:/usr/local/Ascend/ascend-toolkit/latest/opp/built-in/op_impl/ai_core/tbe/op_tiling/lib/linux/aarch64:/lib64:/var/davinci/driver/lib64:/var/davinci/driver/lib64/common:/var/davinci/driver/lib64/driver:/usr/local/Ascend/ascend-toolkit/laster/runtime/lib64/stub/aarch64:/usr/local/Ascend/ascend-toolkit/laster/lib64:/usr/local/Ascend/ascend-toolkit/laster/lib64/plugin/opskernel:/usr/local/Ascend/ascend-toolkit/laster/lib64/plugin/nnengine:/usr/local/Ascend/ascend-toolkit/laster/opp/built-in/op_impl/ai_core/tbe/op_tiling:/usr/local/Ascend/driver/lib64:/var/davinci/driver/lib64:/var/davinci/driver/lib64/common:/var/davinci/driver/lib64/driver:/usr/lib:/usr/lib/aarch64-linux-gnu:/usr/local/lib:/usr/lib:/usr/lib/aarch64-linux-gnu:/usr/local/lib:/usr/lib:/usr/lib/aarch64-linux-gnu:/usr/local/lib:/usr/lib:/usr/lib/aarch64-linux-gnu:/usr/local/lib PYTHONPATH=/root/ros2_robot_arm/ros2_ws/install/dofbot_info/local/lib/python3.10/dist-packages:${PYTHONPATH} _=/usr/bin/env /usr/bin/cmake --install /root/ros2_robot_arm/ros2_ws/build/dofbot_moveit
[35.806s] Level 1:colcon.colcon_core.environment:checking '/root/ros2_robot_arm/ros2_ws/install/dofbot_moveit' for CMake config files
[35.807s] Level 1:colcon.colcon_core.shell:create_environment_hook('dofbot_moveit', 'cmake_prefix_path')
[35.808s] INFO:colcon.colcon_core.shell:Creating environment hook '/root/ros2_robot_arm/ros2_ws/install/dofbot_moveit/share/dofbot_moveit/hook/cmake_prefix_path.ps1'
[35.809s] INFO:colcon.colcon_core.shell:Creating environment descriptor '/root/ros2_robot_arm/ros2_ws/install/dofbot_moveit/share/dofbot_moveit/hook/cmake_prefix_path.dsv'
[35.809s] INFO:colcon.colcon_core.shell:Creating environment hook '/root/ros2_robot_arm/ros2_ws/install/dofbot_moveit/share/dofbot_moveit/hook/cmake_prefix_path.sh'
[35.811s] Level 1:colcon.colcon_core.environment:checking '/root/ros2_robot_arm/ros2_ws/install/dofbot_moveit/lib'
[35.811s] Level 1:colcon.colcon_core.environment:checking '/root/ros2_robot_arm/ros2_ws/install/dofbot_moveit/bin'
[35.811s] Level 1:colcon.colcon_core.environment:checking '/root/ros2_robot_arm/ros2_ws/install/dofbot_moveit/lib/pkgconfig/dofbot_moveit.pc'
[35.812s] Level 1:colcon.colcon_core.environment:checking '/root/ros2_robot_arm/ros2_ws/install/dofbot_moveit/lib/python3.10/site-packages'
[35.813s] Level 1:colcon.colcon_core.environment:checking '/root/ros2_robot_arm/ros2_ws/install/dofbot_moveit/bin'
[35.813s] INFO:colcon.colcon_core.shell:Creating package script '/root/ros2_robot_arm/ros2_ws/install/dofbot_moveit/share/dofbot_moveit/package.ps1'
[35.814s] INFO:colcon.colcon_core.shell:Creating package descriptor '/root/ros2_robot_arm/ros2_ws/install/dofbot_moveit/share/dofbot_moveit/package.dsv'
[35.815s] INFO:colcon.colcon_core.shell:Creating package script '/root/ros2_robot_arm/ros2_ws/install/dofbot_moveit/share/dofbot_moveit/package.sh'
[35.816s] INFO:colcon.colcon_core.shell:Creating package script '/root/ros2_robot_arm/ros2_ws/install/dofbot_moveit/share/dofbot_moveit/package.bash'
[35.817s] INFO:colcon.colcon_core.shell:Creating package script '/root/ros2_robot_arm/ros2_ws/install/dofbot_moveit/share/dofbot_moveit/package.zsh'
[35.818s] Level 1:colcon.colcon_core.environment:create_file_with_runtime_dependencies(/root/ros2_robot_arm/ros2_ws/install/dofbot_moveit/share/colcon-core/packages/dofbot_moveit)
[35.819s] Level 1:colcon.colcon_core.environment:create_environment_scripts_only(dofbot_moveit)
[35.820s] Level 1:colcon.colcon_core.environment:checking '/root/ros2_robot_arm/ros2_ws/install/dofbot_moveit' for CMake module files
[35.821s] Level 1:colcon.colcon_core.environment:checking '/root/ros2_robot_arm/ros2_ws/install/dofbot_moveit' for CMake config files
[35.821s] Level 1:colcon.colcon_core.shell:create_environment_hook('dofbot_moveit', 'cmake_prefix_path')
[35.822s] INFO:colcon.colcon_core.shell:Creating environment hook '/root/ros2_robot_arm/ros2_ws/install/dofbot_moveit/share/dofbot_moveit/hook/cmake_prefix_path.ps1'
[35.823s] INFO:colcon.colcon_core.shell:Creating environment descriptor '/root/ros2_robot_arm/ros2_ws/install/dofbot_moveit/share/dofbot_moveit/hook/cmake_prefix_path.dsv'
[35.823s] INFO:colcon.colcon_core.shell:Creating environment hook '/root/ros2_robot_arm/ros2_ws/install/dofbot_moveit/share/dofbot_moveit/hook/cmake_prefix_path.sh'
[35.825s] Level 1:colcon.colcon_core.environment:checking '/root/ros2_robot_arm/ros2_ws/install/dofbot_moveit/lib'
[35.825s] Level 1:colcon.colcon_core.environment:checking '/root/ros2_robot_arm/ros2_ws/install/dofbot_moveit/bin'
[35.825s] Level 1:colcon.colcon_core.environment:checking '/root/ros2_robot_arm/ros2_ws/install/dofbot_moveit/lib/pkgconfig/dofbot_moveit.pc'
[35.826s] Level 1:colcon.colcon_core.environment:checking '/root/ros2_robot_arm/ros2_ws/install/dofbot_moveit/lib/python3.10/site-packages'
[35.826s] Level 1:colcon.colcon_core.environment:checking '/root/ros2_robot_arm/ros2_ws/install/dofbot_moveit/bin'
[35.827s] INFO:colcon.colcon_core.shell:Creating package script '/root/ros2_robot_arm/ros2_ws/install/dofbot_moveit/share/dofbot_moveit/package.ps1'
[35.828s] INFO:colcon.colcon_core.shell:Creating package descriptor '/root/ros2_robot_arm/ros2_ws/install/dofbot_moveit/share/dofbot_moveit/package.dsv'
[35.829s] INFO:colcon.colcon_core.shell:Creating package script '/root/ros2_robot_arm/ros2_ws/install/dofbot_moveit/share/dofbot_moveit/package.sh'
[35.830s] INFO:colcon.colcon_core.shell:Creating package script '/root/ros2_robot_arm/ros2_ws/install/dofbot_moveit/share/dofbot_moveit/package.bash'
[35.831s] INFO:colcon.colcon_core.shell:Creating package script '/root/ros2_robot_arm/ros2_ws/install/dofbot_moveit/share/dofbot_moveit/package.zsh'
[35.832s] Level 1:colcon.colcon_core.environment:create_file_with_runtime_dependencies(/root/ros2_robot_arm/ros2_ws/install/dofbot_moveit/share/colcon-core/packages/dofbot_moveit)
[35.833s] DEBUG:colcon.colcon_parallel_executor.executor.parallel:closing loop
[35.834s] DEBUG:colcon.colcon_parallel_executor.executor.parallel:loop closed
[35.834s] DEBUG:colcon.colcon_parallel_executor.executor.parallel:run_until_complete finished with '0'
[35.834s] DEBUG:colcon.colcon_core.event_reactor:joining thread
[35.845s] INFO:colcon.colcon_core.plugin_system:Skipping extension 'colcon_notification.desktop_notification.terminal_notifier': Not used on non-Darwin systems
[35.846s] INFO:colcon.colcon_core.plugin_system:Skipping extension 'colcon_notification.desktop_notification.win32': Not used on non-Windows systems
[35.846s] INFO:colcon.colcon_notification.desktop_notification:Sending desktop notification using 'notify2'
[36.171s] DEBUG:colcon.colcon_core.event_reactor:joined thread
[36.172s] INFO:colcon.colcon_core.shell:Creating prefix script '/root/ros2_robot_arm/ros2_ws/install/local_setup.ps1'
[36.175s] INFO:colcon.colcon_core.shell:Creating prefix util module '/root/ros2_robot_arm/ros2_ws/install/_local_setup_util_ps1.py'
[36.180s] INFO:colcon.colcon_core.shell:Creating prefix chain script '/root/ros2_robot_arm/ros2_ws/install/setup.ps1'
[36.182s] INFO:colcon.colcon_core.shell:Creating prefix script '/root/ros2_robot_arm/ros2_ws/install/local_setup.sh'
[36.183s] INFO:colcon.colcon_core.shell:Creating prefix util module '/root/ros2_robot_arm/ros2_ws/install/_local_setup_util_sh.py'
[36.185s] INFO:colcon.colcon_core.shell:Creating prefix chain script '/root/ros2_robot_arm/ros2_ws/install/setup.sh'
[36.187s] INFO:colcon.colcon_core.shell:Creating prefix script '/root/ros2_robot_arm/ros2_ws/install/local_setup.bash'
[36.188s] INFO:colcon.colcon_core.shell:Creating prefix chain script '/root/ros2_robot_arm/ros2_ws/install/setup.bash'
[36.191s] INFO:colcon.colcon_core.shell:Creating prefix script '/root/ros2_robot_arm/ros2_ws/install/local_setup.zsh'
[36.192s] INFO:colcon.colcon_core.shell:Creating prefix chain script '/root/ros2_robot_arm/ros2_ws/install/setup.zsh'
