[0.265s] DEBUG:colcon:Command line arguments: ['/usr/bin/colcon', 'build']
[0.265s] DEBUG:colcon:Parsed command line arguments: Namespace(log_base=None, log_level=None, verb_name='build', build_base='build', install_base='install', merge_install=False, symlink_install=False, test_result_base=None, continue_on_error=False, executor='parallel', parallel_workers=3, event_handlers=None, ignore_user_meta=False, metas=['./colcon.meta'], base_paths=['.'], packages_ignore=None, packages_ignore_regex=None, paths=None, packages_up_to=None, packages_up_to_regex=None, packages_above=None, packages_above_and_dependencies=None, packages_above_depth=None, packages_select_by_dep=None, packages_skip_by_dep=None, packages_skip_up_to=None, packages_select_build_failed=False, packages_skip_build_finished=False, packages_select_test_failures=False, packages_skip_test_passed=False, packages_select=None, packages_skip=None, packages_select_regex=None, packages_skip_regex=None, packages_start=None, packages_end=None, allow_overriding=[], cmake_args=None, cmake_target=None, cmake_target_skip_unavailable=False, cmake_clean_cache=False, cmake_clean_first=False, cmake_force_configure=False, ament_cmake_args=None, catkin_cmake_args=None, catkin_skip_building_tests=False, verb_parser=<colcon_defaults.argument_parser.defaults.DefaultArgumentsDecorator object at 0xe7ffd63dec50>, verb_extension=<colcon_core.verb.build.BuildVerb object at 0xe7ffd6554af0>, main=<bound method BuildVerb.main of <colcon_core.verb.build.BuildVerb object at 0xe7ffd6554af0>>)
[0.698s] Level 1:colcon.colcon_core.package_discovery:discover_packages(colcon_meta) check parameters
[0.699s] Level 1:colcon.colcon_core.package_discovery:discover_packages(recursive) check parameters
[0.699s] Level 1:colcon.colcon_core.package_discovery:discover_packages(ignore) check parameters
[0.699s] Level 1:colcon.colcon_core.package_discovery:discover_packages(path) check parameters
[0.699s] Level 1:colcon.colcon_core.package_discovery:discover_packages(colcon_meta) discover
[0.699s] Level 1:colcon.colcon_core.package_discovery:discover_packages(recursive) discover
[0.699s] INFO:colcon.colcon_core.package_discovery:Crawling recursively for packages in '/root/ros2_robot_arm/ros2_ws'
[0.699s] Level 1:colcon.colcon_core.package_identification:_identify(.) by extensions ['ignore', 'ignore_ament_install']
[0.700s] Level 1:colcon.colcon_core.package_identification:_identify(.) by extension 'ignore'
[0.700s] Level 1:colcon.colcon_core.package_identification:_identify(.) by extension 'ignore_ament_install'
[0.700s] Level 1:colcon.colcon_core.package_identification:_identify(.) by extensions ['colcon_pkg']
[0.700s] Level 1:colcon.colcon_core.package_identification:_identify(.) by extension 'colcon_pkg'
[0.700s] Level 1:colcon.colcon_core.package_identification:_identify(.) by extensions ['colcon_meta']
[0.700s] Level 1:colcon.colcon_core.package_identification:_identify(.) by extension 'colcon_meta'
[0.700s] Level 1:colcon.colcon_core.package_identification:_identify(.) by extensions ['ros']
[0.700s] Level 1:colcon.colcon_core.package_identification:_identify(.) by extension 'ros'
[0.726s] Level 1:colcon.colcon_core.package_identification:_identify(.) by extensions ['cmake', 'python']
[0.726s] Level 1:colcon.colcon_core.package_identification:_identify(.) by extension 'cmake'
[0.727s] Level 1:colcon.colcon_core.package_identification:_identify(.) by extension 'python'
[0.727s] Level 1:colcon.colcon_core.package_identification:_identify(.) by extensions ['python_setup_py']
[0.727s] Level 1:colcon.colcon_core.package_identification:_identify(.) by extension 'python_setup_py'
[0.727s] Level 1:colcon.colcon_core.package_identification:_identify(build) by extensions ['ignore', 'ignore_ament_install']
[0.727s] Level 1:colcon.colcon_core.package_identification:_identify(build) by extension 'ignore'
[0.727s] Level 1:colcon.colcon_core.package_identification:_identify(build) ignored
[0.728s] Level 1:colcon.colcon_core.package_identification:_identify(install) by extensions ['ignore', 'ignore_ament_install']
[0.728s] Level 1:colcon.colcon_core.package_identification:_identify(install) by extension 'ignore'
[0.728s] Level 1:colcon.colcon_core.package_identification:_identify(install) ignored
[0.728s] Level 1:colcon.colcon_core.package_identification:_identify(log) by extensions ['ignore', 'ignore_ament_install']
[0.728s] Level 1:colcon.colcon_core.package_identification:_identify(log) by extension 'ignore'
[0.729s] Level 1:colcon.colcon_core.package_identification:_identify(log) ignored
[0.729s] Level 1:colcon.colcon_core.package_identification:_identify(src) by extensions ['ignore', 'ignore_ament_install']
[0.729s] Level 1:colcon.colcon_core.package_identification:_identify(src) by extension 'ignore'
[0.729s] Level 1:colcon.colcon_core.package_identification:_identify(src) by extension 'ignore_ament_install'
[0.729s] Level 1:colcon.colcon_core.package_identification:_identify(src) by extensions ['colcon_pkg']
[0.729s] Level 1:colcon.colcon_core.package_identification:_identify(src) by extension 'colcon_pkg'
[0.729s] Level 1:colcon.colcon_core.package_identification:_identify(src) by extensions ['colcon_meta']
[0.730s] Level 1:colcon.colcon_core.package_identification:_identify(src) by extension 'colcon_meta'
[0.730s] Level 1:colcon.colcon_core.package_identification:_identify(src) by extensions ['ros']
[0.730s] Level 1:colcon.colcon_core.package_identification:_identify(src) by extension 'ros'
[0.730s] Level 1:colcon.colcon_core.package_identification:_identify(src) by extensions ['cmake', 'python']
[0.730s] Level 1:colcon.colcon_core.package_identification:_identify(src) by extension 'cmake'
[0.730s] Level 1:colcon.colcon_core.package_identification:_identify(src) by extension 'python'
[0.730s] Level 1:colcon.colcon_core.package_identification:_identify(src) by extensions ['python_setup_py']
[0.730s] Level 1:colcon.colcon_core.package_identification:_identify(src) by extension 'python_setup_py'
[0.731s] Level 1:colcon.colcon_core.package_identification:_identify(src/dofbot_garbage_yolov5) by extensions ['ignore', 'ignore_ament_install']
[0.731s] Level 1:colcon.colcon_core.package_identification:_identify(src/dofbot_garbage_yolov5) by extension 'ignore'
[0.731s] Level 1:colcon.colcon_core.package_identification:_identify(src/dofbot_garbage_yolov5) by extension 'ignore_ament_install'
[0.731s] Level 1:colcon.colcon_core.package_identification:_identify(src/dofbot_garbage_yolov5) by extensions ['colcon_pkg']
[0.731s] Level 1:colcon.colcon_core.package_identification:_identify(src/dofbot_garbage_yolov5) by extension 'colcon_pkg'
[0.731s] Level 1:colcon.colcon_core.package_identification:_identify(src/dofbot_garbage_yolov5) by extensions ['colcon_meta']
[0.731s] Level 1:colcon.colcon_core.package_identification:_identify(src/dofbot_garbage_yolov5) by extension 'colcon_meta'
[0.731s] Level 1:colcon.colcon_core.package_identification:_identify(src/dofbot_garbage_yolov5) by extensions ['ros']
[0.731s] Level 1:colcon.colcon_core.package_identification:_identify(src/dofbot_garbage_yolov5) by extension 'ros'
[0.738s] DEBUG:colcon.colcon_core.package_identification:Package 'src/dofbot_garbage_yolov5' with type 'ros.ament_python' and name 'dofbot_garbage_yolov5'
[0.738s] Level 1:colcon.colcon_core.package_identification:_identify(src/dofbot_info) by extensions ['ignore', 'ignore_ament_install']
[0.738s] Level 1:colcon.colcon_core.package_identification:_identify(src/dofbot_info) by extension 'ignore'
[0.738s] Level 1:colcon.colcon_core.package_identification:_identify(src/dofbot_info) by extension 'ignore_ament_install'
[0.739s] Level 1:colcon.colcon_core.package_identification:_identify(src/dofbot_info) by extensions ['colcon_pkg']
[0.739s] Level 1:colcon.colcon_core.package_identification:_identify(src/dofbot_info) by extension 'colcon_pkg'
[0.739s] Level 1:colcon.colcon_core.package_identification:_identify(src/dofbot_info) by extensions ['colcon_meta']
[0.739s] Level 1:colcon.colcon_core.package_identification:_identify(src/dofbot_info) by extension 'colcon_meta'
[0.739s] Level 1:colcon.colcon_core.package_identification:_identify(src/dofbot_info) by extensions ['ros']
[0.739s] Level 1:colcon.colcon_core.package_identification:_identify(src/dofbot_info) by extension 'ros'
[0.740s] DEBUG:colcon.colcon_core.package_identification:Package 'src/dofbot_info' with type 'ros.ament_cmake' and name 'dofbot_info'
[0.741s] Level 1:colcon.colcon_core.package_identification:_identify(src/dofbot_moveit) by extensions ['ignore', 'ignore_ament_install']
[0.741s] Level 1:colcon.colcon_core.package_identification:_identify(src/dofbot_moveit) by extension 'ignore'
[0.741s] Level 1:colcon.colcon_core.package_identification:_identify(src/dofbot_moveit) by extension 'ignore_ament_install'
[0.741s] Level 1:colcon.colcon_core.package_identification:_identify(src/dofbot_moveit) by extensions ['colcon_pkg']
[0.741s] Level 1:colcon.colcon_core.package_identification:_identify(src/dofbot_moveit) by extension 'colcon_pkg'
[0.741s] Level 1:colcon.colcon_core.package_identification:_identify(src/dofbot_moveit) by extensions ['colcon_meta']
[0.741s] Level 1:colcon.colcon_core.package_identification:_identify(src/dofbot_moveit) by extension 'colcon_meta'
[0.742s] Level 1:colcon.colcon_core.package_identification:_identify(src/dofbot_moveit) by extensions ['ros']
[0.742s] Level 1:colcon.colcon_core.package_identification:_identify(src/dofbot_moveit) by extension 'ros'
[0.743s] DEBUG:colcon.colcon_core.package_identification:Package 'src/dofbot_moveit' with type 'ros.ament_cmake' and name 'dofbot_moveit'
[0.744s] Level 1:colcon.colcon_core.package_identification:_identify(src/robot_arm_bringup) by extensions ['ignore', 'ignore_ament_install']
[0.744s] Level 1:colcon.colcon_core.package_identification:_identify(src/robot_arm_bringup) by extension 'ignore'
[0.744s] Level 1:colcon.colcon_core.package_identification:_identify(src/robot_arm_bringup) by extension 'ignore_ament_install'
[0.744s] Level 1:colcon.colcon_core.package_identification:_identify(src/robot_arm_bringup) by extensions ['colcon_pkg']
[0.744s] Level 1:colcon.colcon_core.package_identification:_identify(src/robot_arm_bringup) by extension 'colcon_pkg'
[0.744s] Level 1:colcon.colcon_core.package_identification:_identify(src/robot_arm_bringup) by extensions ['colcon_meta']
[0.744s] Level 1:colcon.colcon_core.package_identification:_identify(src/robot_arm_bringup) by extension 'colcon_meta'
[0.744s] Level 1:colcon.colcon_core.package_identification:_identify(src/robot_arm_bringup) by extensions ['ros']
[0.745s] Level 1:colcon.colcon_core.package_identification:_identify(src/robot_arm_bringup) by extension 'ros'
[0.746s] DEBUG:colcon.colcon_core.package_identification:Package 'src/robot_arm_bringup' with type 'ros.ament_python' and name 'robot_arm_bringup'
[0.746s] Level 1:colcon.colcon_core.package_identification:_identify(src/robot_arm_color_stacking) by extensions ['ignore', 'ignore_ament_install']
[0.746s] Level 1:colcon.colcon_core.package_identification:_identify(src/robot_arm_color_stacking) by extension 'ignore'
[0.746s] Level 1:colcon.colcon_core.package_identification:_identify(src/robot_arm_color_stacking) by extension 'ignore_ament_install'
[0.747s] Level 1:colcon.colcon_core.package_identification:_identify(src/robot_arm_color_stacking) by extensions ['colcon_pkg']
[0.747s] Level 1:colcon.colcon_core.package_identification:_identify(src/robot_arm_color_stacking) by extension 'colcon_pkg'
[0.747s] Level 1:colcon.colcon_core.package_identification:_identify(src/robot_arm_color_stacking) by extensions ['colcon_meta']
[0.747s] Level 1:colcon.colcon_core.package_identification:_identify(src/robot_arm_color_stacking) by extension 'colcon_meta'
[0.747s] Level 1:colcon.colcon_core.package_identification:_identify(src/robot_arm_color_stacking) by extensions ['ros']
[0.747s] Level 1:colcon.colcon_core.package_identification:_identify(src/robot_arm_color_stacking) by extension 'ros'
[0.748s] DEBUG:colcon.colcon_core.package_identification:Package 'src/robot_arm_color_stacking' with type 'ros.ament_python' and name 'robot_arm_color_stacking'
[0.749s] Level 1:colcon.colcon_core.package_discovery:discover_packages(recursive) using defaults
[0.749s] Level 1:colcon.colcon_core.package_discovery:discover_packages(ignore) discover
[0.749s] Level 1:colcon.colcon_core.package_discovery:discover_packages(ignore) using defaults
[0.749s] Level 1:colcon.colcon_core.package_discovery:discover_packages(path) discover
[0.749s] Level 1:colcon.colcon_core.package_discovery:discover_packages(path) using defaults
[0.833s] Level 1:colcon.colcon_core.package_discovery:discover_packages(prefix_path) check parameters
[0.834s] Level 1:colcon.colcon_core.package_discovery:discover_packages(prefix_path) discover
[0.838s] DEBUG:colcon.colcon_installed_package_information.package_discovery:Found 5 installed packages in /root/ros2_robot_arm/ros2_ws/install
[0.841s] DEBUG:colcon.colcon_installed_package_information.package_discovery:Found 274 installed packages in /opt/ros/humble
[0.844s] Level 1:colcon.colcon_core.package_discovery:discover_packages(prefix_path) using defaults
[0.937s] Level 5:colcon.colcon_core.verb:set package 'dofbot_info' build argument 'cmake_args' from command line to 'None'
[0.937s] Level 5:colcon.colcon_core.verb:set package 'dofbot_info' build argument 'cmake_target' from command line to 'None'
[0.938s] Level 5:colcon.colcon_core.verb:set package 'dofbot_info' build argument 'cmake_target_skip_unavailable' from command line to 'False'
[0.938s] Level 5:colcon.colcon_core.verb:set package 'dofbot_info' build argument 'cmake_clean_cache' from command line to 'False'
[0.938s] Level 5:colcon.colcon_core.verb:set package 'dofbot_info' build argument 'cmake_clean_first' from command line to 'False'
[0.938s] Level 5:colcon.colcon_core.verb:set package 'dofbot_info' build argument 'cmake_force_configure' from command line to 'False'
[0.938s] Level 5:colcon.colcon_core.verb:set package 'dofbot_info' build argument 'ament_cmake_args' from command line to 'None'
[0.938s] Level 5:colcon.colcon_core.verb:set package 'dofbot_info' build argument 'catkin_cmake_args' from command line to 'None'
[0.938s] Level 5:colcon.colcon_core.verb:set package 'dofbot_info' build argument 'catkin_skip_building_tests' from command line to 'False'
[0.938s] DEBUG:colcon.colcon_core.verb:Building package 'dofbot_info' with the following arguments: {'ament_cmake_args': None, 'build_base': '/root/ros2_robot_arm/ros2_ws/build/dofbot_info', 'catkin_cmake_args': None, 'catkin_skip_building_tests': False, 'cmake_args': None, 'cmake_clean_cache': False, 'cmake_clean_first': False, 'cmake_force_configure': False, 'cmake_target': None, 'cmake_target_skip_unavailable': False, 'install_base': '/root/ros2_robot_arm/ros2_ws/install/dofbot_info', 'merge_install': False, 'path': '/root/ros2_robot_arm/ros2_ws/src/dofbot_info', 'symlink_install': False, 'test_result_base': None}
[0.939s] Level 5:colcon.colcon_core.verb:set package 'robot_arm_bringup' build argument 'cmake_args' from command line to 'None'
[0.939s] Level 5:colcon.colcon_core.verb:set package 'robot_arm_bringup' build argument 'cmake_target' from command line to 'None'
[0.939s] Level 5:colcon.colcon_core.verb:set package 'robot_arm_bringup' build argument 'cmake_target_skip_unavailable' from command line to 'False'
[0.939s] Level 5:colcon.colcon_core.verb:set package 'robot_arm_bringup' build argument 'cmake_clean_cache' from command line to 'False'
[0.939s] Level 5:colcon.colcon_core.verb:set package 'robot_arm_bringup' build argument 'cmake_clean_first' from command line to 'False'
[0.939s] Level 5:colcon.colcon_core.verb:set package 'robot_arm_bringup' build argument 'cmake_force_configure' from command line to 'False'
[0.939s] Level 5:colcon.colcon_core.verb:set package 'robot_arm_bringup' build argument 'ament_cmake_args' from command line to 'None'
[0.939s] Level 5:colcon.colcon_core.verb:set package 'robot_arm_bringup' build argument 'catkin_cmake_args' from command line to 'None'
[0.940s] Level 5:colcon.colcon_core.verb:set package 'robot_arm_bringup' build argument 'catkin_skip_building_tests' from command line to 'False'
[0.940s] DEBUG:colcon.colcon_core.verb:Building package 'robot_arm_bringup' with the following arguments: {'ament_cmake_args': None, 'build_base': '/root/ros2_robot_arm/ros2_ws/build/robot_arm_bringup', 'catkin_cmake_args': None, 'catkin_skip_building_tests': False, 'cmake_args': None, 'cmake_clean_cache': False, 'cmake_clean_first': False, 'cmake_force_configure': False, 'cmake_target': None, 'cmake_target_skip_unavailable': False, 'install_base': '/root/ros2_robot_arm/ros2_ws/install/robot_arm_bringup', 'merge_install': False, 'path': '/root/ros2_robot_arm/ros2_ws/src/robot_arm_bringup', 'symlink_install': False, 'test_result_base': None}
[0.941s] Level 5:colcon.colcon_core.verb:set package 'robot_arm_color_stacking' build argument 'cmake_args' from command line to 'None'
[0.941s] Level 5:colcon.colcon_core.verb:set package 'robot_arm_color_stacking' build argument 'cmake_target' from command line to 'None'
[0.941s] Level 5:colcon.colcon_core.verb:set package 'robot_arm_color_stacking' build argument 'cmake_target_skip_unavailable' from command line to 'False'
[0.941s] Level 5:colcon.colcon_core.verb:set package 'robot_arm_color_stacking' build argument 'cmake_clean_cache' from command line to 'False'
[0.941s] Level 5:colcon.colcon_core.verb:set package 'robot_arm_color_stacking' build argument 'cmake_clean_first' from command line to 'False'
[0.941s] Level 5:colcon.colcon_core.verb:set package 'robot_arm_color_stacking' build argument 'cmake_force_configure' from command line to 'False'
[0.941s] Level 5:colcon.colcon_core.verb:set package 'robot_arm_color_stacking' build argument 'ament_cmake_args' from command line to 'None'
[0.941s] Level 5:colcon.colcon_core.verb:set package 'robot_arm_color_stacking' build argument 'catkin_cmake_args' from command line to 'None'
[0.941s] Level 5:colcon.colcon_core.verb:set package 'robot_arm_color_stacking' build argument 'catkin_skip_building_tests' from command line to 'False'
[0.941s] DEBUG:colcon.colcon_core.verb:Building package 'robot_arm_color_stacking' with the following arguments: {'ament_cmake_args': None, 'build_base': '/root/ros2_robot_arm/ros2_ws/build/robot_arm_color_stacking', 'catkin_cmake_args': None, 'catkin_skip_building_tests': False, 'cmake_args': None, 'cmake_clean_cache': False, 'cmake_clean_first': False, 'cmake_force_configure': False, 'cmake_target': None, 'cmake_target_skip_unavailable': False, 'install_base': '/root/ros2_robot_arm/ros2_ws/install/robot_arm_color_stacking', 'merge_install': False, 'path': '/root/ros2_robot_arm/ros2_ws/src/robot_arm_color_stacking', 'symlink_install': False, 'test_result_base': None}
[0.942s] Level 5:colcon.colcon_core.verb:set package 'dofbot_garbage_yolov5' build argument 'cmake_args' from command line to 'None'
[0.942s] Level 5:colcon.colcon_core.verb:set package 'dofbot_garbage_yolov5' build argument 'cmake_target' from command line to 'None'
[0.942s] Level 5:colcon.colcon_core.verb:set package 'dofbot_garbage_yolov5' build argument 'cmake_target_skip_unavailable' from command line to 'False'
[0.942s] Level 5:colcon.colcon_core.verb:set package 'dofbot_garbage_yolov5' build argument 'cmake_clean_cache' from command line to 'False'
[0.942s] Level 5:colcon.colcon_core.verb:set package 'dofbot_garbage_yolov5' build argument 'cmake_clean_first' from command line to 'False'
[0.942s] Level 5:colcon.colcon_core.verb:set package 'dofbot_garbage_yolov5' build argument 'cmake_force_configure' from command line to 'False'
[0.942s] Level 5:colcon.colcon_core.verb:set package 'dofbot_garbage_yolov5' build argument 'ament_cmake_args' from command line to 'None'
[0.942s] Level 5:colcon.colcon_core.verb:set package 'dofbot_garbage_yolov5' build argument 'catkin_cmake_args' from command line to 'None'
[0.942s] Level 5:colcon.colcon_core.verb:set package 'dofbot_garbage_yolov5' build argument 'catkin_skip_building_tests' from command line to 'False'
[0.943s] DEBUG:colcon.colcon_core.verb:Building package 'dofbot_garbage_yolov5' with the following arguments: {'ament_cmake_args': None, 'build_base': '/root/ros2_robot_arm/ros2_ws/build/dofbot_garbage_yolov5', 'catkin_cmake_args': None, 'catkin_skip_building_tests': False, 'cmake_args': None, 'cmake_clean_cache': False, 'cmake_clean_first': False, 'cmake_force_configure': False, 'cmake_target': None, 'cmake_target_skip_unavailable': False, 'install_base': '/root/ros2_robot_arm/ros2_ws/install/dofbot_garbage_yolov5', 'merge_install': False, 'path': '/root/ros2_robot_arm/ros2_ws/src/dofbot_garbage_yolov5', 'symlink_install': False, 'test_result_base': None}
[0.943s] Level 5:colcon.colcon_core.verb:set package 'dofbot_moveit' build argument 'cmake_args' from command line to 'None'
[0.944s] Level 5:colcon.colcon_core.verb:set package 'dofbot_moveit' build argument 'cmake_target' from command line to 'None'
[0.944s] Level 5:colcon.colcon_core.verb:set package 'dofbot_moveit' build argument 'cmake_target_skip_unavailable' from command line to 'False'
[0.944s] Level 5:colcon.colcon_core.verb:set package 'dofbot_moveit' build argument 'cmake_clean_cache' from command line to 'False'
[0.944s] Level 5:colcon.colcon_core.verb:set package 'dofbot_moveit' build argument 'cmake_clean_first' from command line to 'False'
[0.944s] Level 5:colcon.colcon_core.verb:set package 'dofbot_moveit' build argument 'cmake_force_configure' from command line to 'False'
[0.944s] Level 5:colcon.colcon_core.verb:set package 'dofbot_moveit' build argument 'ament_cmake_args' from command line to 'None'
[0.944s] Level 5:colcon.colcon_core.verb:set package 'dofbot_moveit' build argument 'catkin_cmake_args' from command line to 'None'
[0.944s] Level 5:colcon.colcon_core.verb:set package 'dofbot_moveit' build argument 'catkin_skip_building_tests' from command line to 'False'
[0.944s] DEBUG:colcon.colcon_core.verb:Building package 'dofbot_moveit' with the following arguments: {'ament_cmake_args': None, 'build_base': '/root/ros2_robot_arm/ros2_ws/build/dofbot_moveit', 'catkin_cmake_args': None, 'catkin_skip_building_tests': False, 'cmake_args': None, 'cmake_clean_cache': False, 'cmake_clean_first': False, 'cmake_force_configure': False, 'cmake_target': None, 'cmake_target_skip_unavailable': False, 'install_base': '/root/ros2_robot_arm/ros2_ws/install/dofbot_moveit', 'merge_install': False, 'path': '/root/ros2_robot_arm/ros2_ws/src/dofbot_moveit', 'symlink_install': False, 'test_result_base': None}
[0.944s] INFO:colcon.colcon_core.executor:Executing jobs using 'parallel' executor
[0.946s] DEBUG:colcon.colcon_parallel_executor.executor.parallel:run_until_complete
[0.947s] INFO:colcon.colcon_ros.task.ament_cmake.build:Building ROS package in '/root/ros2_robot_arm/ros2_ws/src/dofbot_info' with build type 'ament_cmake'
[0.947s] INFO:colcon.colcon_cmake.task.cmake.build:Building CMake package in '/root/ros2_robot_arm/ros2_ws/src/dofbot_info'
[0.952s] INFO:colcon.colcon_core.plugin_system:Skipping extension 'colcon_core.shell.bat': Not used on non-Windows systems
[0.953s] INFO:colcon.colcon_core.shell:Skip shell extension 'powershell' for command environment: Not usable outside of PowerShell
[0.953s] DEBUG:colcon.colcon_core.shell:Skip shell extension 'dsv' for command environment
[0.960s] INFO:colcon.colcon_ros.task.ament_python.build:Building ROS package in '/root/ros2_robot_arm/ros2_ws/src/robot_arm_bringup' with build type 'ament_python'
[0.961s] Level 1:colcon.colcon_core.shell:create_environment_hook('robot_arm_bringup', 'ament_prefix_path')
[0.961s] INFO:colcon.colcon_core.shell:Creating environment hook '/root/ros2_robot_arm/ros2_ws/install/robot_arm_bringup/share/robot_arm_bringup/hook/ament_prefix_path.ps1'
[0.963s] INFO:colcon.colcon_core.shell:Creating environment descriptor '/root/ros2_robot_arm/ros2_ws/install/robot_arm_bringup/share/robot_arm_bringup/hook/ament_prefix_path.dsv'
[0.964s] INFO:colcon.colcon_core.shell:Creating environment hook '/root/ros2_robot_arm/ros2_ws/install/robot_arm_bringup/share/robot_arm_bringup/hook/ament_prefix_path.sh'
[0.966s] INFO:colcon.colcon_core.shell:Skip shell extension 'powershell' for command environment: Not usable outside of PowerShell
[0.966s] DEBUG:colcon.colcon_core.shell:Skip shell extension 'dsv' for command environment
[0.972s] INFO:colcon.colcon_ros.task.ament_python.build:Building ROS package in '/root/ros2_robot_arm/ros2_ws/src/robot_arm_color_stacking' with build type 'ament_python'
[0.973s] Level 1:colcon.colcon_core.shell:create_environment_hook('robot_arm_color_stacking', 'ament_prefix_path')
[0.973s] INFO:colcon.colcon_core.shell:Creating environment hook '/root/ros2_robot_arm/ros2_ws/install/robot_arm_color_stacking/share/robot_arm_color_stacking/hook/ament_prefix_path.ps1'
[0.974s] INFO:colcon.colcon_core.shell:Creating environment descriptor '/root/ros2_robot_arm/ros2_ws/install/robot_arm_color_stacking/share/robot_arm_color_stacking/hook/ament_prefix_path.dsv'
[0.975s] INFO:colcon.colcon_core.shell:Creating environment hook '/root/ros2_robot_arm/ros2_ws/install/robot_arm_color_stacking/share/robot_arm_color_stacking/hook/ament_prefix_path.sh'
[0.977s] INFO:colcon.colcon_core.shell:Skip shell extension 'powershell' for command environment: Not usable outside of PowerShell
[0.977s] DEBUG:colcon.colcon_core.shell:Skip shell extension 'dsv' for command environment
[0.996s] DEBUG:colcon.colcon_core.event_handler.log_command:Invoking command in '/root/ros2_robot_arm/ros2_ws/build/dofbot_info': CMAKE_PREFIX_PATH=${CMAKE_PREFIX_PATH}:/root/ros2_robot_arm/ros2_ws/install/robot_arm_color_stacking:/root/ros2_robot_arm/ros2_ws/install/robot_arm_bringup:/root/ros2_robot_arm/ros2_ws/install/dofbot_garbage_yolov5:/opt/ros/humble _=/usr/bin/env /usr/bin/cmake --build /root/ros2_robot_arm/ros2_ws/build/dofbot_info -- -j3 -l3
[1.728s] INFO:colcon.colcon_core.task.python.build:Building Python package in '/root/ros2_robot_arm/ros2_ws/src/robot_arm_bringup'
[1.729s] INFO:colcon.colcon_core.shell:Skip shell extension 'powershell' for command environment: Not usable outside of PowerShell
[1.729s] DEBUG:colcon.colcon_core.shell:Skip shell extension 'dsv' for command environment
[2.435s] INFO:colcon.colcon_core.task.python.build:Building Python package in '/root/ros2_robot_arm/ros2_ws/src/robot_arm_color_stacking'
[2.436s] INFO:colcon.colcon_core.shell:Skip shell extension 'powershell' for command environment: Not usable outside of PowerShell
[2.436s] DEBUG:colcon.colcon_core.shell:Skip shell extension 'dsv' for command environment
[2.621s] DEBUG:colcon.colcon_core.event_handler.log_command:Invoked command in '/root/ros2_robot_arm/ros2_ws/build/dofbot_info' returned '0': CMAKE_PREFIX_PATH=${CMAKE_PREFIX_PATH}:/root/ros2_robot_arm/ros2_ws/install/robot_arm_color_stacking:/root/ros2_robot_arm/ros2_ws/install/robot_arm_bringup:/root/ros2_robot_arm/ros2_ws/install/dofbot_garbage_yolov5:/opt/ros/humble _=/usr/bin/env /usr/bin/cmake --build /root/ros2_robot_arm/ros2_ws/build/dofbot_info -- -j3 -l3
[2.641s] DEBUG:colcon.colcon_core.event_handler.log_command:Invoking command in '/root/ros2_robot_arm/ros2_ws/build/dofbot_info': CMAKE_PREFIX_PATH=${CMAKE_PREFIX_PATH}:/root/ros2_robot_arm/ros2_ws/install/robot_arm_color_stacking:/root/ros2_robot_arm/ros2_ws/install/robot_arm_bringup:/root/ros2_robot_arm/ros2_ws/install/dofbot_garbage_yolov5:/opt/ros/humble _=/usr/bin/env /usr/bin/cmake --install /root/ros2_robot_arm/ros2_ws/build/dofbot_info
[2.818s] Level 1:colcon.colcon_core.environment:create_environment_scripts_only(dofbot_info)
[2.823s] Level 1:colcon.colcon_core.environment:checking '/root/ros2_robot_arm/ros2_ws/install/dofbot_info' for CMake module files
[2.825s] Level 1:colcon.colcon_core.environment:checking '/root/ros2_robot_arm/ros2_ws/install/dofbot_info' for CMake config files
[2.826s] Level 1:colcon.colcon_core.shell:create_environment_hook('dofbot_info', 'cmake_prefix_path')
[2.826s] INFO:colcon.colcon_core.shell:Creating environment hook '/root/ros2_robot_arm/ros2_ws/install/dofbot_info/share/dofbot_info/hook/cmake_prefix_path.ps1'
[2.828s] DEBUG:colcon.colcon_core.event_handler.log_command:Invoked command in '/root/ros2_robot_arm/ros2_ws/build/dofbot_info' returned '0': CMAKE_PREFIX_PATH=${CMAKE_PREFIX_PATH}:/root/ros2_robot_arm/ros2_ws/install/robot_arm_color_stacking:/root/ros2_robot_arm/ros2_ws/install/robot_arm_bringup:/root/ros2_robot_arm/ros2_ws/install/dofbot_garbage_yolov5:/opt/ros/humble _=/usr/bin/env /usr/bin/cmake --install /root/ros2_robot_arm/ros2_ws/build/dofbot_info
[2.828s] INFO:colcon.colcon_core.shell:Creating environment descriptor '/root/ros2_robot_arm/ros2_ws/install/dofbot_info/share/dofbot_info/hook/cmake_prefix_path.dsv'
[2.829s] INFO:colcon.colcon_core.shell:Creating environment hook '/root/ros2_robot_arm/ros2_ws/install/dofbot_info/share/dofbot_info/hook/cmake_prefix_path.sh'
[2.831s] Level 1:colcon.colcon_core.environment:checking '/root/ros2_robot_arm/ros2_ws/install/dofbot_info/lib'
[2.831s] Level 1:colcon.colcon_core.shell:create_environment_hook('dofbot_info', 'ld_library_path_lib')
[2.832s] INFO:colcon.colcon_core.shell:Creating environment hook '/root/ros2_robot_arm/ros2_ws/install/dofbot_info/share/dofbot_info/hook/ld_library_path_lib.ps1'
[2.833s] INFO:colcon.colcon_core.shell:Creating environment descriptor '/root/ros2_robot_arm/ros2_ws/install/dofbot_info/share/dofbot_info/hook/ld_library_path_lib.dsv'
[2.834s] INFO:colcon.colcon_core.shell:Creating environment hook '/root/ros2_robot_arm/ros2_ws/install/dofbot_info/share/dofbot_info/hook/ld_library_path_lib.sh'
[2.834s] Level 1:colcon.colcon_core.environment:checking '/root/ros2_robot_arm/ros2_ws/install/dofbot_info/bin'
[2.835s] Level 1:colcon.colcon_core.environment:checking '/root/ros2_robot_arm/ros2_ws/install/dofbot_info/lib/pkgconfig/dofbot_info.pc'
[2.835s] Level 1:colcon.colcon_core.environment:checking '/root/ros2_robot_arm/ros2_ws/install/dofbot_info/lib/python3.10/site-packages'
[2.836s] Level 1:colcon.colcon_core.environment:checking '/root/ros2_robot_arm/ros2_ws/install/dofbot_info/bin'
[2.837s] INFO:colcon.colcon_core.shell:Creating package script '/root/ros2_robot_arm/ros2_ws/install/dofbot_info/share/dofbot_info/package.ps1'
[2.839s] INFO:colcon.colcon_core.shell:Creating package descriptor '/root/ros2_robot_arm/ros2_ws/install/dofbot_info/share/dofbot_info/package.dsv'
[2.841s] INFO:colcon.colcon_core.shell:Creating package script '/root/ros2_robot_arm/ros2_ws/install/dofbot_info/share/dofbot_info/package.sh'
[2.842s] INFO:colcon.colcon_core.shell:Creating package script '/root/ros2_robot_arm/ros2_ws/install/dofbot_info/share/dofbot_info/package.bash'
[2.844s] INFO:colcon.colcon_core.shell:Creating package script '/root/ros2_robot_arm/ros2_ws/install/dofbot_info/share/dofbot_info/package.zsh'
[2.846s] Level 1:colcon.colcon_core.environment:create_file_with_runtime_dependencies(/root/ros2_robot_arm/ros2_ws/install/dofbot_info/share/colcon-core/packages/dofbot_info)
[2.847s] Level 1:colcon.colcon_core.environment:create_environment_scripts_only(dofbot_info)
[2.848s] Level 1:colcon.colcon_core.environment:checking '/root/ros2_robot_arm/ros2_ws/install/dofbot_info' for CMake module files
[2.850s] Level 1:colcon.colcon_core.environment:checking '/root/ros2_robot_arm/ros2_ws/install/dofbot_info' for CMake config files
[2.851s] Level 1:colcon.colcon_core.shell:create_environment_hook('dofbot_info', 'cmake_prefix_path')
[2.851s] INFO:colcon.colcon_core.shell:Creating environment hook '/root/ros2_robot_arm/ros2_ws/install/dofbot_info/share/dofbot_info/hook/cmake_prefix_path.ps1'
[2.853s] INFO:colcon.colcon_core.shell:Creating environment descriptor '/root/ros2_robot_arm/ros2_ws/install/dofbot_info/share/dofbot_info/hook/cmake_prefix_path.dsv'
[2.854s] INFO:colcon.colcon_core.shell:Creating environment hook '/root/ros2_robot_arm/ros2_ws/install/dofbot_info/share/dofbot_info/hook/cmake_prefix_path.sh'
[2.855s] Level 1:colcon.colcon_core.environment:checking '/root/ros2_robot_arm/ros2_ws/install/dofbot_info/lib'
[2.855s] Level 1:colcon.colcon_core.shell:create_environment_hook('dofbot_info', 'ld_library_path_lib')
[2.856s] INFO:colcon.colcon_core.shell:Creating environment hook '/root/ros2_robot_arm/ros2_ws/install/dofbot_info/share/dofbot_info/hook/ld_library_path_lib.ps1'
[2.857s] INFO:colcon.colcon_core.shell:Creating environment descriptor '/root/ros2_robot_arm/ros2_ws/install/dofbot_info/share/dofbot_info/hook/ld_library_path_lib.dsv'
[2.857s] INFO:colcon.colcon_core.shell:Creating environment hook '/root/ros2_robot_arm/ros2_ws/install/dofbot_info/share/dofbot_info/hook/ld_library_path_lib.sh'
[2.858s] Level 1:colcon.colcon_core.environment:checking '/root/ros2_robot_arm/ros2_ws/install/dofbot_info/bin'
[2.859s] Level 1:colcon.colcon_core.environment:checking '/root/ros2_robot_arm/ros2_ws/install/dofbot_info/lib/pkgconfig/dofbot_info.pc'
[2.859s] Level 1:colcon.colcon_core.environment:checking '/root/ros2_robot_arm/ros2_ws/install/dofbot_info/lib/python3.10/site-packages'
[2.860s] Level 1:colcon.colcon_core.environment:checking '/root/ros2_robot_arm/ros2_ws/install/dofbot_info/bin'
[2.861s] INFO:colcon.colcon_core.shell:Creating package script '/root/ros2_robot_arm/ros2_ws/install/dofbot_info/share/dofbot_info/package.ps1'
[2.864s] INFO:colcon.colcon_core.shell:Creating package descriptor '/root/ros2_robot_arm/ros2_ws/install/dofbot_info/share/dofbot_info/package.dsv'
[2.865s] INFO:colcon.colcon_core.shell:Creating package script '/root/ros2_robot_arm/ros2_ws/install/dofbot_info/share/dofbot_info/package.sh'
[2.866s] INFO:colcon.colcon_core.shell:Creating package script '/root/ros2_robot_arm/ros2_ws/install/dofbot_info/share/dofbot_info/package.bash'
[2.867s] INFO:colcon.colcon_core.shell:Creating package script '/root/ros2_robot_arm/ros2_ws/install/dofbot_info/share/dofbot_info/package.zsh'
[2.868s] Level 1:colcon.colcon_core.environment:create_file_with_runtime_dependencies(/root/ros2_robot_arm/ros2_ws/install/dofbot_info/share/colcon-core/packages/dofbot_info)
[2.870s] INFO:colcon.colcon_ros.task.ament_python.build:Building ROS package in '/root/ros2_robot_arm/ros2_ws/src/dofbot_garbage_yolov5' with build type 'ament_python'
[2.871s] Level 1:colcon.colcon_core.shell:create_environment_hook('dofbot_garbage_yolov5', 'ament_prefix_path')
[2.871s] INFO:colcon.colcon_core.shell:Creating environment hook '/root/ros2_robot_arm/ros2_ws/install/dofbot_garbage_yolov5/share/dofbot_garbage_yolov5/hook/ament_prefix_path.ps1'
[2.872s] INFO:colcon.colcon_core.shell:Creating environment descriptor '/root/ros2_robot_arm/ros2_ws/install/dofbot_garbage_yolov5/share/dofbot_garbage_yolov5/hook/ament_prefix_path.dsv'
[2.873s] INFO:colcon.colcon_core.shell:Creating environment hook '/root/ros2_robot_arm/ros2_ws/install/dofbot_garbage_yolov5/share/dofbot_garbage_yolov5/hook/ament_prefix_path.sh'
[2.875s] INFO:colcon.colcon_core.shell:Skip shell extension 'powershell' for command environment: Not usable outside of PowerShell
[2.875s] DEBUG:colcon.colcon_core.shell:Skip shell extension 'dsv' for command environment
[3.629s] INFO:colcon.colcon_core.task.python.build:Building Python package in '/root/ros2_robot_arm/ros2_ws/src/dofbot_garbage_yolov5'
[3.629s] INFO:colcon.colcon_core.shell:Skip shell extension 'powershell' for command environment: Not usable outside of PowerShell
[3.630s] DEBUG:colcon.colcon_core.shell:Skip shell extension 'dsv' for command environment
[3.642s] DEBUG:colcon.colcon_core.event_handler.log_command:Invoking command in '/root/ros2_robot_arm/ros2_ws/src/robot_arm_bringup': PYTHONPATH=/root/ros2_robot_arm/ros2_ws/build/robot_arm_bringup/prefix_override:/usr/lib/python3/dist-packages/colcon_core/task/python/colcon_distutils_commands:/root/ros2_robot_arm/ros2_ws/install/robot_arm_bringup/lib/python3.10/site-packages:${PYTHONPATH} _=/usr/bin/env /usr/bin/python3 -W ignore:setup.py install is deprecated -W ignore:easy_install command is deprecated setup.py egg_info --egg-base ../../build/robot_arm_bringup build --build-base /root/ros2_robot_arm/ros2_ws/build/robot_arm_bringup/build install --record /root/ros2_robot_arm/ros2_ws/build/robot_arm_bringup/install.log --single-version-externally-managed install_data
[3.646s] DEBUG:colcon.colcon_core.event_handler.log_command:Invoking command in '/root/ros2_robot_arm/ros2_ws/src/robot_arm_color_stacking': PYTHONPATH=/root/ros2_robot_arm/ros2_ws/build/robot_arm_color_stacking/prefix_override:/usr/lib/python3/dist-packages/colcon_core/task/python/colcon_distutils_commands:/root/ros2_robot_arm/ros2_ws/install/robot_arm_color_stacking/lib/python3.10/site-packages:${PYTHONPATH} _=/usr/bin/env /usr/bin/python3 -W ignore:setup.py install is deprecated -W ignore:easy_install command is deprecated setup.py egg_info --egg-base ../../build/robot_arm_color_stacking build --build-base /root/ros2_robot_arm/ros2_ws/build/robot_arm_color_stacking/build install --record /root/ros2_robot_arm/ros2_ws/build/robot_arm_color_stacking/install.log --single-version-externally-managed install_data
[4.447s] Level 1:colcon.colcon_core.environment:checking '/root/ros2_robot_arm/ros2_ws/install/robot_arm_bringup' for CMake module files
[4.448s] Level 1:colcon.colcon_core.environment:checking '/root/ros2_robot_arm/ros2_ws/install/robot_arm_bringup' for CMake config files
[4.449s] Level 1:colcon.colcon_core.environment:checking '/root/ros2_robot_arm/ros2_ws/install/robot_arm_bringup/lib'
[4.450s] Level 1:colcon.colcon_core.environment:checking '/root/ros2_robot_arm/ros2_ws/install/robot_arm_bringup/bin'
[4.450s] Level 1:colcon.colcon_core.environment:checking '/root/ros2_robot_arm/ros2_ws/install/robot_arm_bringup/lib/pkgconfig/robot_arm_bringup.pc'
[4.450s] Level 1:colcon.colcon_core.environment:checking '/root/ros2_robot_arm/ros2_ws/install/robot_arm_bringup/lib/python3.10/site-packages'
[4.451s] Level 1:colcon.colcon_core.shell:create_environment_hook('robot_arm_bringup', 'pythonpath')
[4.451s] INFO:colcon.colcon_core.shell:Creating environment hook '/root/ros2_robot_arm/ros2_ws/install/robot_arm_bringup/share/robot_arm_bringup/hook/pythonpath.ps1'
[4.453s] DEBUG:colcon.colcon_core.event_handler.log_command:Invoked command in '/root/ros2_robot_arm/ros2_ws/src/robot_arm_bringup' returned '0': PYTHONPATH=/root/ros2_robot_arm/ros2_ws/build/robot_arm_bringup/prefix_override:/usr/lib/python3/dist-packages/colcon_core/task/python/colcon_distutils_commands:/root/ros2_robot_arm/ros2_ws/install/robot_arm_bringup/lib/python3.10/site-packages:${PYTHONPATH} _=/usr/bin/env /usr/bin/python3 -W ignore:setup.py install is deprecated -W ignore:easy_install command is deprecated setup.py egg_info --egg-base ../../build/robot_arm_bringup build --build-base /root/ros2_robot_arm/ros2_ws/build/robot_arm_bringup/build install --record /root/ros2_robot_arm/ros2_ws/build/robot_arm_bringup/install.log --single-version-externally-managed install_data
[4.453s] INFO:colcon.colcon_core.shell:Creating environment descriptor '/root/ros2_robot_arm/ros2_ws/install/robot_arm_bringup/share/robot_arm_bringup/hook/pythonpath.dsv'
[4.454s] INFO:colcon.colcon_core.shell:Creating environment hook '/root/ros2_robot_arm/ros2_ws/install/robot_arm_bringup/share/robot_arm_bringup/hook/pythonpath.sh'
[4.456s] Level 1:colcon.colcon_core.environment:checking '/root/ros2_robot_arm/ros2_ws/install/robot_arm_bringup/bin'
[4.457s] Level 1:colcon.colcon_core.environment:create_environment_scripts_only(robot_arm_bringup)
[4.457s] INFO:colcon.colcon_core.shell:Creating package script '/root/ros2_robot_arm/ros2_ws/install/robot_arm_bringup/share/robot_arm_bringup/package.ps1'
[4.459s] INFO:colcon.colcon_core.shell:Creating package descriptor '/root/ros2_robot_arm/ros2_ws/install/robot_arm_bringup/share/robot_arm_bringup/package.dsv'
[4.461s] INFO:colcon.colcon_core.shell:Creating package script '/root/ros2_robot_arm/ros2_ws/install/robot_arm_bringup/share/robot_arm_bringup/package.sh'
[4.462s] INFO:colcon.colcon_core.shell:Creating package script '/root/ros2_robot_arm/ros2_ws/install/robot_arm_bringup/share/robot_arm_bringup/package.bash'
[4.464s] INFO:colcon.colcon_core.shell:Creating package script '/root/ros2_robot_arm/ros2_ws/install/robot_arm_bringup/share/robot_arm_bringup/package.zsh'
[4.464s] Level 1:colcon.colcon_core.environment:create_file_with_runtime_dependencies(/root/ros2_robot_arm/ros2_ws/install/robot_arm_bringup/share/colcon-core/packages/robot_arm_bringup)
[4.466s] INFO:colcon.colcon_ros.task.ament_cmake.build:Building ROS package in '/root/ros2_robot_arm/ros2_ws/src/dofbot_moveit' with build type 'ament_cmake'
[4.467s] INFO:colcon.colcon_cmake.task.cmake.build:Building CMake package in '/root/ros2_robot_arm/ros2_ws/src/dofbot_moveit'
[4.468s] INFO:colcon.colcon_core.shell:Skip shell extension 'powershell' for command environment: Not usable outside of PowerShell
[4.468s] DEBUG:colcon.colcon_core.shell:Skip shell extension 'dsv' for command environment
[4.514s] Level 1:colcon.colcon_core.environment:checking '/root/ros2_robot_arm/ros2_ws/install/robot_arm_color_stacking' for CMake module files
[4.515s] Level 1:colcon.colcon_core.environment:checking '/root/ros2_robot_arm/ros2_ws/install/robot_arm_color_stacking' for CMake config files
[4.517s] DEBUG:colcon.colcon_core.event_handler.log_command:Invoked command in '/root/ros2_robot_arm/ros2_ws/src/robot_arm_color_stacking' returned '0': PYTHONPATH=/root/ros2_robot_arm/ros2_ws/build/robot_arm_color_stacking/prefix_override:/usr/lib/python3/dist-packages/colcon_core/task/python/colcon_distutils_commands:/root/ros2_robot_arm/ros2_ws/install/robot_arm_color_stacking/lib/python3.10/site-packages:${PYTHONPATH} _=/usr/bin/env /usr/bin/python3 -W ignore:setup.py install is deprecated -W ignore:easy_install command is deprecated setup.py egg_info --egg-base ../../build/robot_arm_color_stacking build --build-base /root/ros2_robot_arm/ros2_ws/build/robot_arm_color_stacking/build install --record /root/ros2_robot_arm/ros2_ws/build/robot_arm_color_stacking/install.log --single-version-externally-managed install_data
[4.517s] Level 1:colcon.colcon_core.environment:checking '/root/ros2_robot_arm/ros2_ws/install/robot_arm_color_stacking/lib'
[4.517s] Level 1:colcon.colcon_core.environment:checking '/root/ros2_robot_arm/ros2_ws/install/robot_arm_color_stacking/bin'
[4.518s] Level 1:colcon.colcon_core.environment:checking '/root/ros2_robot_arm/ros2_ws/install/robot_arm_color_stacking/lib/pkgconfig/robot_arm_color_stacking.pc'
[4.518s] Level 1:colcon.colcon_core.environment:checking '/root/ros2_robot_arm/ros2_ws/install/robot_arm_color_stacking/lib/python3.10/site-packages'
[4.518s] Level 1:colcon.colcon_core.shell:create_environment_hook('robot_arm_color_stacking', 'pythonpath')
[4.519s] INFO:colcon.colcon_core.shell:Creating environment hook '/root/ros2_robot_arm/ros2_ws/install/robot_arm_color_stacking/share/robot_arm_color_stacking/hook/pythonpath.ps1'
[4.520s] INFO:colcon.colcon_core.shell:Creating environment descriptor '/root/ros2_robot_arm/ros2_ws/install/robot_arm_color_stacking/share/robot_arm_color_stacking/hook/pythonpath.dsv'
[4.521s] INFO:colcon.colcon_core.shell:Creating environment hook '/root/ros2_robot_arm/ros2_ws/install/robot_arm_color_stacking/share/robot_arm_color_stacking/hook/pythonpath.sh'
[4.523s] Level 1:colcon.colcon_core.environment:checking '/root/ros2_robot_arm/ros2_ws/install/robot_arm_color_stacking/bin'
[4.523s] Level 1:colcon.colcon_core.environment:create_environment_scripts_only(robot_arm_color_stacking)
[4.524s] INFO:colcon.colcon_core.shell:Creating package script '/root/ros2_robot_arm/ros2_ws/install/robot_arm_color_stacking/share/robot_arm_color_stacking/package.ps1'
[4.525s] INFO:colcon.colcon_core.shell:Creating package descriptor '/root/ros2_robot_arm/ros2_ws/install/robot_arm_color_stacking/share/robot_arm_color_stacking/package.dsv'
[4.526s] INFO:colcon.colcon_core.shell:Creating package script '/root/ros2_robot_arm/ros2_ws/install/robot_arm_color_stacking/share/robot_arm_color_stacking/package.sh'
[4.528s] INFO:colcon.colcon_core.shell:Creating package script '/root/ros2_robot_arm/ros2_ws/install/robot_arm_color_stacking/share/robot_arm_color_stacking/package.bash'
[4.529s] INFO:colcon.colcon_core.shell:Creating package script '/root/ros2_robot_arm/ros2_ws/install/robot_arm_color_stacking/share/robot_arm_color_stacking/package.zsh'
[4.530s] Level 1:colcon.colcon_core.environment:create_file_with_runtime_dependencies(/root/ros2_robot_arm/ros2_ws/install/robot_arm_color_stacking/share/colcon-core/packages/robot_arm_color_stacking)
[4.537s] DEBUG:colcon.colcon_core.event_handler.log_command:Invoking command in '/root/ros2_robot_arm/ros2_ws/build/dofbot_moveit': CMAKE_PREFIX_PATH=/root/ros2_robot_arm/ros2_ws/install/dofbot_info:/root/ros2_robot_arm/ros2_ws/install/dofbot_moveit:/root/ros2_robot_arm/ros2_ws/install/robot_arm_color_stacking:/root/ros2_robot_arm/ros2_ws/install/robot_arm_bringup:/root/ros2_robot_arm/ros2_ws/install/dofbot_garbage_yolov5:/opt/ros/humble LD_LIBRARY_PATH=/root/ros2_robot_arm/ros2_ws/install/dofbot_info/lib:/usr/local/Ascend/ascend-toolkit/latest/tools/aml/lib64:/usr/local/Ascend/ascend-toolkit/latest/tools/aml/lib64/plugin:/usr/local/Ascend/ascend-toolkit/latest/lib64:/usr/local/Ascend/ascend-toolkit/latest/lib64/plugin/opskernel:/usr/local/Ascend/ascend-toolkit/latest/lib64/plugin/nnengine:/usr/local/Ascend/ascend-toolkit/latest/opp/built-in/op_impl/ai_core/tbe/op_tiling/lib/linux/aarch64:/lib64:/var/davinci/driver/lib64:/var/davinci/driver/lib64/common:/var/davinci/driver/lib64/driver:/usr/local/Ascend/ascend-toolkit/latest/tools/aml/lib64:/usr/local/Ascend/ascend-toolkit/latest/tools/aml/lib64/plugin:/usr/local/Ascend/ascend-toolkit/latest/lib64:/usr/local/Ascend/ascend-toolkit/latest/lib64/plugin/opskernel:/usr/local/Ascend/ascend-toolkit/latest/lib64/plugin/nnengine:/usr/local/Ascend/ascend-toolkit/latest/opp/built-in/op_impl/ai_core/tbe/op_tiling/lib/linux/aarch64:/lib64:/var/davinci/driver/lib64:/var/davinci/driver/lib64/common:/var/davinci/driver/lib64/driver:/opt/ros/humble/opt/rviz_ogre_vendor/lib:/opt/ros/humble/lib/aarch64-linux-gnu:/opt/ros/humble/lib:/usr/local/Ascend/ascend-toolkit/latest/tools/aml/lib64:/usr/local/Ascend/ascend-toolkit/latest/tools/aml/lib64/plugin:/usr/local/Ascend/ascend-toolkit/latest/lib64:/usr/local/Ascend/ascend-toolkit/latest/lib64/plugin/opskernel:/usr/local/Ascend/ascend-toolkit/latest/lib64/plugin/nnengine:/usr/local/Ascend/ascend-toolkit/latest/opp/built-in/op_impl/ai_core/tbe/op_tiling/lib/linux/aarch64:/lib64:/var/davinci/driver/lib64:/var/davinci/driver/lib64/common:/var/davinci/driver/lib64/driver:/usr/local/Ascend/ascend-toolkit/latest/tools/aml/lib64:/usr/local/Ascend/ascend-toolkit/latest/tools/aml/lib64/plugin:/usr/local/Ascend/ascend-toolkit/latest/lib64:/usr/local/Ascend/ascend-toolkit/latest/lib64/plugin/opskernel:/usr/local/Ascend/ascend-toolkit/latest/lib64/plugin/nnengine:/usr/local/Ascend/ascend-toolkit/latest/opp/built-in/op_impl/ai_core/tbe/op_tiling/lib/linux/aarch64:/lib64:/var/davinci/driver/lib64:/var/davinci/driver/lib64/common:/var/davinci/driver/lib64/driver:/usr/local/Ascend/ascend-toolkit/latest/tools/aml/lib64:/usr/local/Ascend/ascend-toolkit/latest/tools/aml/lib64/plugin:/usr/local/Ascend/ascend-toolkit/latest/lib64:/usr/local/Ascend/ascend-toolkit/latest/lib64/plugin/opskernel:/usr/local/Ascend/ascend-toolkit/latest/lib64/plugin/nnengine:/usr/local/Ascend/ascend-toolkit/latest/opp/built-in/op_impl/ai_core/tbe/op_tiling/lib/linux/aarch64:/lib64:/var/davinci/driver/lib64:/var/davinci/driver/lib64/common:/var/davinci/driver/lib64/driver:/usr/local/Ascend/ascend-toolkit/latest/tools/aml/lib64:/usr/local/Ascend/ascend-toolkit/latest/tools/aml/lib64/plugin:/usr/local/Ascend/ascend-toolkit/latest/lib64:/usr/local/Ascend/ascend-toolkit/latest/lib64/plugin/opskernel:/usr/local/Ascend/ascend-toolkit/latest/lib64/plugin/nnengine:/usr/local/Ascend/ascend-toolkit/latest/opp/built-in/op_impl/ai_core/tbe/op_tiling/lib/linux/aarch64:/lib64:/var/davinci/driver/lib64:/var/davinci/driver/lib64/common:/var/davinci/driver/lib64/driver:/usr/local/Ascend/ascend-toolkit/latest/tools/aml/lib64:/usr/local/Ascend/ascend-toolkit/latest/tools/aml/lib64/plugin:/usr/local/Ascend/ascend-toolkit/latest/lib64:/usr/local/Ascend/ascend-toolkit/latest/lib64/plugin/opskernel:/usr/local/Ascend/ascend-toolkit/latest/lib64/plugin/nnengine:/usr/local/Ascend/ascend-toolkit/latest/opp/built-in/op_impl/ai_core/tbe/op_tiling/lib/linux/aarch64:/lib64:/var/davinci/driver/lib64:/var/davinci/driver/lib64/common:/var/davinci/driver/lib64/driver:/usr/local/Ascend/ascend-toolkit/laster/runtime/lib64/stub/aarch64:/usr/local/Ascend/ascend-toolkit/laster/lib64:/usr/local/Ascend/ascend-toolkit/laster/lib64/plugin/opskernel:/usr/local/Ascend/ascend-toolkit/laster/lib64/plugin/nnengine:/usr/local/Ascend/ascend-toolkit/laster/opp/built-in/op_impl/ai_core/tbe/op_tiling:/usr/local/Ascend/driver/lib64:/var/davinci/driver/lib64:/var/davinci/driver/lib64/common:/var/davinci/driver/lib64/driver:/usr/lib:/usr/lib/aarch64-linux-gnu:/usr/local/lib:/usr/lib:/usr/lib/aarch64-linux-gnu:/usr/local/lib:/usr/lib:/usr/lib/aarch64-linux-gnu:/usr/local/lib:/usr/lib:/usr/lib/aarch64-linux-gnu:/usr/local/lib:/usr/lib:/usr/lib/aarch64-linux-gnu:/usr/local/lib:/usr/lib:/usr/lib/aarch64-linux-gnu:/usr/local/lib _=/usr/bin/env /usr/bin/cmake --build /root/ros2_robot_arm/ros2_ws/build/dofbot_moveit -- -j3 -l3
[4.712s] DEBUG:colcon.colcon_core.event_handler.log_command:Invoked command in '/root/ros2_robot_arm/ros2_ws/build/dofbot_moveit' returned '0': CMAKE_PREFIX_PATH=/root/ros2_robot_arm/ros2_ws/install/dofbot_info:/root/ros2_robot_arm/ros2_ws/install/dofbot_moveit:/root/ros2_robot_arm/ros2_ws/install/robot_arm_color_stacking:/root/ros2_robot_arm/ros2_ws/install/robot_arm_bringup:/root/ros2_robot_arm/ros2_ws/install/dofbot_garbage_yolov5:/opt/ros/humble LD_LIBRARY_PATH=/root/ros2_robot_arm/ros2_ws/install/dofbot_info/lib:/usr/local/Ascend/ascend-toolkit/latest/tools/aml/lib64:/usr/local/Ascend/ascend-toolkit/latest/tools/aml/lib64/plugin:/usr/local/Ascend/ascend-toolkit/latest/lib64:/usr/local/Ascend/ascend-toolkit/latest/lib64/plugin/opskernel:/usr/local/Ascend/ascend-toolkit/latest/lib64/plugin/nnengine:/usr/local/Ascend/ascend-toolkit/latest/opp/built-in/op_impl/ai_core/tbe/op_tiling/lib/linux/aarch64:/lib64:/var/davinci/driver/lib64:/var/davinci/driver/lib64/common:/var/davinci/driver/lib64/driver:/usr/local/Ascend/ascend-toolkit/latest/tools/aml/lib64:/usr/local/Ascend/ascend-toolkit/latest/tools/aml/lib64/plugin:/usr/local/Ascend/ascend-toolkit/latest/lib64:/usr/local/Ascend/ascend-toolkit/latest/lib64/plugin/opskernel:/usr/local/Ascend/ascend-toolkit/latest/lib64/plugin/nnengine:/usr/local/Ascend/ascend-toolkit/latest/opp/built-in/op_impl/ai_core/tbe/op_tiling/lib/linux/aarch64:/lib64:/var/davinci/driver/lib64:/var/davinci/driver/lib64/common:/var/davinci/driver/lib64/driver:/opt/ros/humble/opt/rviz_ogre_vendor/lib:/opt/ros/humble/lib/aarch64-linux-gnu:/opt/ros/humble/lib:/usr/local/Ascend/ascend-toolkit/latest/tools/aml/lib64:/usr/local/Ascend/ascend-toolkit/latest/tools/aml/lib64/plugin:/usr/local/Ascend/ascend-toolkit/latest/lib64:/usr/local/Ascend/ascend-toolkit/latest/lib64/plugin/opskernel:/usr/local/Ascend/ascend-toolkit/latest/lib64/plugin/nnengine:/usr/local/Ascend/ascend-toolkit/latest/opp/built-in/op_impl/ai_core/tbe/op_tiling/lib/linux/aarch64:/lib64:/var/davinci/driver/lib64:/var/davinci/driver/lib64/common:/var/davinci/driver/lib64/driver:/usr/local/Ascend/ascend-toolkit/latest/tools/aml/lib64:/usr/local/Ascend/ascend-toolkit/latest/tools/aml/lib64/plugin:/usr/local/Ascend/ascend-toolkit/latest/lib64:/usr/local/Ascend/ascend-toolkit/latest/lib64/plugin/opskernel:/usr/local/Ascend/ascend-toolkit/latest/lib64/plugin/nnengine:/usr/local/Ascend/ascend-toolkit/latest/opp/built-in/op_impl/ai_core/tbe/op_tiling/lib/linux/aarch64:/lib64:/var/davinci/driver/lib64:/var/davinci/driver/lib64/common:/var/davinci/driver/lib64/driver:/usr/local/Ascend/ascend-toolkit/latest/tools/aml/lib64:/usr/local/Ascend/ascend-toolkit/latest/tools/aml/lib64/plugin:/usr/local/Ascend/ascend-toolkit/latest/lib64:/usr/local/Ascend/ascend-toolkit/latest/lib64/plugin/opskernel:/usr/local/Ascend/ascend-toolkit/latest/lib64/plugin/nnengine:/usr/local/Ascend/ascend-toolkit/latest/opp/built-in/op_impl/ai_core/tbe/op_tiling/lib/linux/aarch64:/lib64:/var/davinci/driver/lib64:/var/davinci/driver/lib64/common:/var/davinci/driver/lib64/driver:/usr/local/Ascend/ascend-toolkit/latest/tools/aml/lib64:/usr/local/Ascend/ascend-toolkit/latest/tools/aml/lib64/plugin:/usr/local/Ascend/ascend-toolkit/latest/lib64:/usr/local/Ascend/ascend-toolkit/latest/lib64/plugin/opskernel:/usr/local/Ascend/ascend-toolkit/latest/lib64/plugin/nnengine:/usr/local/Ascend/ascend-toolkit/latest/opp/built-in/op_impl/ai_core/tbe/op_tiling/lib/linux/aarch64:/lib64:/var/davinci/driver/lib64:/var/davinci/driver/lib64/common:/var/davinci/driver/lib64/driver:/usr/local/Ascend/ascend-toolkit/latest/tools/aml/lib64:/usr/local/Ascend/ascend-toolkit/latest/tools/aml/lib64/plugin:/usr/local/Ascend/ascend-toolkit/latest/lib64:/usr/local/Ascend/ascend-toolkit/latest/lib64/plugin/opskernel:/usr/local/Ascend/ascend-toolkit/latest/lib64/plugin/nnengine:/usr/local/Ascend/ascend-toolkit/latest/opp/built-in/op_impl/ai_core/tbe/op_tiling/lib/linux/aarch64:/lib64:/var/davinci/driver/lib64:/var/davinci/driver/lib64/common:/var/davinci/driver/lib64/driver:/usr/local/Ascend/ascend-toolkit/laster/runtime/lib64/stub/aarch64:/usr/local/Ascend/ascend-toolkit/laster/lib64:/usr/local/Ascend/ascend-toolkit/laster/lib64/plugin/opskernel:/usr/local/Ascend/ascend-toolkit/laster/lib64/plugin/nnengine:/usr/local/Ascend/ascend-toolkit/laster/opp/built-in/op_impl/ai_core/tbe/op_tiling:/usr/local/Ascend/driver/lib64:/var/davinci/driver/lib64:/var/davinci/driver/lib64/common:/var/davinci/driver/lib64/driver:/usr/lib:/usr/lib/aarch64-linux-gnu:/usr/local/lib:/usr/lib:/usr/lib/aarch64-linux-gnu:/usr/local/lib:/usr/lib:/usr/lib/aarch64-linux-gnu:/usr/local/lib:/usr/lib:/usr/lib/aarch64-linux-gnu:/usr/local/lib:/usr/lib:/usr/lib/aarch64-linux-gnu:/usr/local/lib:/usr/lib:/usr/lib/aarch64-linux-gnu:/usr/local/lib _=/usr/bin/env /usr/bin/cmake --build /root/ros2_robot_arm/ros2_ws/build/dofbot_moveit -- -j3 -l3
[4.715s] DEBUG:colcon.colcon_core.event_handler.log_command:Invoking command in '/root/ros2_robot_arm/ros2_ws/build/dofbot_moveit': CMAKE_PREFIX_PATH=/root/ros2_robot_arm/ros2_ws/install/dofbot_info:/root/ros2_robot_arm/ros2_ws/install/dofbot_moveit:/root/ros2_robot_arm/ros2_ws/install/robot_arm_color_stacking:/root/ros2_robot_arm/ros2_ws/install/robot_arm_bringup:/root/ros2_robot_arm/ros2_ws/install/dofbot_garbage_yolov5:/opt/ros/humble LD_LIBRARY_PATH=/root/ros2_robot_arm/ros2_ws/install/dofbot_info/lib:/usr/local/Ascend/ascend-toolkit/latest/tools/aml/lib64:/usr/local/Ascend/ascend-toolkit/latest/tools/aml/lib64/plugin:/usr/local/Ascend/ascend-toolkit/latest/lib64:/usr/local/Ascend/ascend-toolkit/latest/lib64/plugin/opskernel:/usr/local/Ascend/ascend-toolkit/latest/lib64/plugin/nnengine:/usr/local/Ascend/ascend-toolkit/latest/opp/built-in/op_impl/ai_core/tbe/op_tiling/lib/linux/aarch64:/lib64:/var/davinci/driver/lib64:/var/davinci/driver/lib64/common:/var/davinci/driver/lib64/driver:/usr/local/Ascend/ascend-toolkit/latest/tools/aml/lib64:/usr/local/Ascend/ascend-toolkit/latest/tools/aml/lib64/plugin:/usr/local/Ascend/ascend-toolkit/latest/lib64:/usr/local/Ascend/ascend-toolkit/latest/lib64/plugin/opskernel:/usr/local/Ascend/ascend-toolkit/latest/lib64/plugin/nnengine:/usr/local/Ascend/ascend-toolkit/latest/opp/built-in/op_impl/ai_core/tbe/op_tiling/lib/linux/aarch64:/lib64:/var/davinci/driver/lib64:/var/davinci/driver/lib64/common:/var/davinci/driver/lib64/driver:/opt/ros/humble/opt/rviz_ogre_vendor/lib:/opt/ros/humble/lib/aarch64-linux-gnu:/opt/ros/humble/lib:/usr/local/Ascend/ascend-toolkit/latest/tools/aml/lib64:/usr/local/Ascend/ascend-toolkit/latest/tools/aml/lib64/plugin:/usr/local/Ascend/ascend-toolkit/latest/lib64:/usr/local/Ascend/ascend-toolkit/latest/lib64/plugin/opskernel:/usr/local/Ascend/ascend-toolkit/latest/lib64/plugin/nnengine:/usr/local/Ascend/ascend-toolkit/latest/opp/built-in/op_impl/ai_core/tbe/op_tiling/lib/linux/aarch64:/lib64:/var/davinci/driver/lib64:/var/davinci/driver/lib64/common:/var/davinci/driver/lib64/driver:/usr/local/Ascend/ascend-toolkit/latest/tools/aml/lib64:/usr/local/Ascend/ascend-toolkit/latest/tools/aml/lib64/plugin:/usr/local/Ascend/ascend-toolkit/latest/lib64:/usr/local/Ascend/ascend-toolkit/latest/lib64/plugin/opskernel:/usr/local/Ascend/ascend-toolkit/latest/lib64/plugin/nnengine:/usr/local/Ascend/ascend-toolkit/latest/opp/built-in/op_impl/ai_core/tbe/op_tiling/lib/linux/aarch64:/lib64:/var/davinci/driver/lib64:/var/davinci/driver/lib64/common:/var/davinci/driver/lib64/driver:/usr/local/Ascend/ascend-toolkit/latest/tools/aml/lib64:/usr/local/Ascend/ascend-toolkit/latest/tools/aml/lib64/plugin:/usr/local/Ascend/ascend-toolkit/latest/lib64:/usr/local/Ascend/ascend-toolkit/latest/lib64/plugin/opskernel:/usr/local/Ascend/ascend-toolkit/latest/lib64/plugin/nnengine:/usr/local/Ascend/ascend-toolkit/latest/opp/built-in/op_impl/ai_core/tbe/op_tiling/lib/linux/aarch64:/lib64:/var/davinci/driver/lib64:/var/davinci/driver/lib64/common:/var/davinci/driver/lib64/driver:/usr/local/Ascend/ascend-toolkit/latest/tools/aml/lib64:/usr/local/Ascend/ascend-toolkit/latest/tools/aml/lib64/plugin:/usr/local/Ascend/ascend-toolkit/latest/lib64:/usr/local/Ascend/ascend-toolkit/latest/lib64/plugin/opskernel:/usr/local/Ascend/ascend-toolkit/latest/lib64/plugin/nnengine:/usr/local/Ascend/ascend-toolkit/latest/opp/built-in/op_impl/ai_core/tbe/op_tiling/lib/linux/aarch64:/lib64:/var/davinci/driver/lib64:/var/davinci/driver/lib64/common:/var/davinci/driver/lib64/driver:/usr/local/Ascend/ascend-toolkit/latest/tools/aml/lib64:/usr/local/Ascend/ascend-toolkit/latest/tools/aml/lib64/plugin:/usr/local/Ascend/ascend-toolkit/latest/lib64:/usr/local/Ascend/ascend-toolkit/latest/lib64/plugin/opskernel:/usr/local/Ascend/ascend-toolkit/latest/lib64/plugin/nnengine:/usr/local/Ascend/ascend-toolkit/latest/opp/built-in/op_impl/ai_core/tbe/op_tiling/lib/linux/aarch64:/lib64:/var/davinci/driver/lib64:/var/davinci/driver/lib64/common:/var/davinci/driver/lib64/driver:/usr/local/Ascend/ascend-toolkit/laster/runtime/lib64/stub/aarch64:/usr/local/Ascend/ascend-toolkit/laster/lib64:/usr/local/Ascend/ascend-toolkit/laster/lib64/plugin/opskernel:/usr/local/Ascend/ascend-toolkit/laster/lib64/plugin/nnengine:/usr/local/Ascend/ascend-toolkit/laster/opp/built-in/op_impl/ai_core/tbe/op_tiling:/usr/local/Ascend/driver/lib64:/var/davinci/driver/lib64:/var/davinci/driver/lib64/common:/var/davinci/driver/lib64/driver:/usr/lib:/usr/lib/aarch64-linux-gnu:/usr/local/lib:/usr/lib:/usr/lib/aarch64-linux-gnu:/usr/local/lib:/usr/lib:/usr/lib/aarch64-linux-gnu:/usr/local/lib:/usr/lib:/usr/lib/aarch64-linux-gnu:/usr/local/lib:/usr/lib:/usr/lib/aarch64-linux-gnu:/usr/local/lib:/usr/lib:/usr/lib/aarch64-linux-gnu:/usr/local/lib _=/usr/bin/env /usr/bin/cmake --install /root/ros2_robot_arm/ros2_ws/build/dofbot_moveit
[4.738s] Level 1:colcon.colcon_core.environment:create_environment_scripts_only(dofbot_moveit)
[4.739s] Level 1:colcon.colcon_core.environment:checking '/root/ros2_robot_arm/ros2_ws/install/dofbot_moveit' for CMake module files
[4.740s] DEBUG:colcon.colcon_core.event_handler.log_command:Invoked command in '/root/ros2_robot_arm/ros2_ws/build/dofbot_moveit' returned '0': CMAKE_PREFIX_PATH=/root/ros2_robot_arm/ros2_ws/install/dofbot_info:/root/ros2_robot_arm/ros2_ws/install/dofbot_moveit:/root/ros2_robot_arm/ros2_ws/install/robot_arm_color_stacking:/root/ros2_robot_arm/ros2_ws/install/robot_arm_bringup:/root/ros2_robot_arm/ros2_ws/install/dofbot_garbage_yolov5:/opt/ros/humble LD_LIBRARY_PATH=/root/ros2_robot_arm/ros2_ws/install/dofbot_info/lib:/usr/local/Ascend/ascend-toolkit/latest/tools/aml/lib64:/usr/local/Ascend/ascend-toolkit/latest/tools/aml/lib64/plugin:/usr/local/Ascend/ascend-toolkit/latest/lib64:/usr/local/Ascend/ascend-toolkit/latest/lib64/plugin/opskernel:/usr/local/Ascend/ascend-toolkit/latest/lib64/plugin/nnengine:/usr/local/Ascend/ascend-toolkit/latest/opp/built-in/op_impl/ai_core/tbe/op_tiling/lib/linux/aarch64:/lib64:/var/davinci/driver/lib64:/var/davinci/driver/lib64/common:/var/davinci/driver/lib64/driver:/usr/local/Ascend/ascend-toolkit/latest/tools/aml/lib64:/usr/local/Ascend/ascend-toolkit/latest/tools/aml/lib64/plugin:/usr/local/Ascend/ascend-toolkit/latest/lib64:/usr/local/Ascend/ascend-toolkit/latest/lib64/plugin/opskernel:/usr/local/Ascend/ascend-toolkit/latest/lib64/plugin/nnengine:/usr/local/Ascend/ascend-toolkit/latest/opp/built-in/op_impl/ai_core/tbe/op_tiling/lib/linux/aarch64:/lib64:/var/davinci/driver/lib64:/var/davinci/driver/lib64/common:/var/davinci/driver/lib64/driver:/opt/ros/humble/opt/rviz_ogre_vendor/lib:/opt/ros/humble/lib/aarch64-linux-gnu:/opt/ros/humble/lib:/usr/local/Ascend/ascend-toolkit/latest/tools/aml/lib64:/usr/local/Ascend/ascend-toolkit/latest/tools/aml/lib64/plugin:/usr/local/Ascend/ascend-toolkit/latest/lib64:/usr/local/Ascend/ascend-toolkit/latest/lib64/plugin/opskernel:/usr/local/Ascend/ascend-toolkit/latest/lib64/plugin/nnengine:/usr/local/Ascend/ascend-toolkit/latest/opp/built-in/op_impl/ai_core/tbe/op_tiling/lib/linux/aarch64:/lib64:/var/davinci/driver/lib64:/var/davinci/driver/lib64/common:/var/davinci/driver/lib64/driver:/usr/local/Ascend/ascend-toolkit/latest/tools/aml/lib64:/usr/local/Ascend/ascend-toolkit/latest/tools/aml/lib64/plugin:/usr/local/Ascend/ascend-toolkit/latest/lib64:/usr/local/Ascend/ascend-toolkit/latest/lib64/plugin/opskernel:/usr/local/Ascend/ascend-toolkit/latest/lib64/plugin/nnengine:/usr/local/Ascend/ascend-toolkit/latest/opp/built-in/op_impl/ai_core/tbe/op_tiling/lib/linux/aarch64:/lib64:/var/davinci/driver/lib64:/var/davinci/driver/lib64/common:/var/davinci/driver/lib64/driver:/usr/local/Ascend/ascend-toolkit/latest/tools/aml/lib64:/usr/local/Ascend/ascend-toolkit/latest/tools/aml/lib64/plugin:/usr/local/Ascend/ascend-toolkit/latest/lib64:/usr/local/Ascend/ascend-toolkit/latest/lib64/plugin/opskernel:/usr/local/Ascend/ascend-toolkit/latest/lib64/plugin/nnengine:/usr/local/Ascend/ascend-toolkit/latest/opp/built-in/op_impl/ai_core/tbe/op_tiling/lib/linux/aarch64:/lib64:/var/davinci/driver/lib64:/var/davinci/driver/lib64/common:/var/davinci/driver/lib64/driver:/usr/local/Ascend/ascend-toolkit/latest/tools/aml/lib64:/usr/local/Ascend/ascend-toolkit/latest/tools/aml/lib64/plugin:/usr/local/Ascend/ascend-toolkit/latest/lib64:/usr/local/Ascend/ascend-toolkit/latest/lib64/plugin/opskernel:/usr/local/Ascend/ascend-toolkit/latest/lib64/plugin/nnengine:/usr/local/Ascend/ascend-toolkit/latest/opp/built-in/op_impl/ai_core/tbe/op_tiling/lib/linux/aarch64:/lib64:/var/davinci/driver/lib64:/var/davinci/driver/lib64/common:/var/davinci/driver/lib64/driver:/usr/local/Ascend/ascend-toolkit/latest/tools/aml/lib64:/usr/local/Ascend/ascend-toolkit/latest/tools/aml/lib64/plugin:/usr/local/Ascend/ascend-toolkit/latest/lib64:/usr/local/Ascend/ascend-toolkit/latest/lib64/plugin/opskernel:/usr/local/Ascend/ascend-toolkit/latest/lib64/plugin/nnengine:/usr/local/Ascend/ascend-toolkit/latest/opp/built-in/op_impl/ai_core/tbe/op_tiling/lib/linux/aarch64:/lib64:/var/davinci/driver/lib64:/var/davinci/driver/lib64/common:/var/davinci/driver/lib64/driver:/usr/local/Ascend/ascend-toolkit/laster/runtime/lib64/stub/aarch64:/usr/local/Ascend/ascend-toolkit/laster/lib64:/usr/local/Ascend/ascend-toolkit/laster/lib64/plugin/opskernel:/usr/local/Ascend/ascend-toolkit/laster/lib64/plugin/nnengine:/usr/local/Ascend/ascend-toolkit/laster/opp/built-in/op_impl/ai_core/tbe/op_tiling:/usr/local/Ascend/driver/lib64:/var/davinci/driver/lib64:/var/davinci/driver/lib64/common:/var/davinci/driver/lib64/driver:/usr/lib:/usr/lib/aarch64-linux-gnu:/usr/local/lib:/usr/lib:/usr/lib/aarch64-linux-gnu:/usr/local/lib:/usr/lib:/usr/lib/aarch64-linux-gnu:/usr/local/lib:/usr/lib:/usr/lib/aarch64-linux-gnu:/usr/local/lib:/usr/lib:/usr/lib/aarch64-linux-gnu:/usr/local/lib:/usr/lib:/usr/lib/aarch64-linux-gnu:/usr/local/lib _=/usr/bin/env /usr/bin/cmake --install /root/ros2_robot_arm/ros2_ws/build/dofbot_moveit
[4.741s] Level 1:colcon.colcon_core.environment:checking '/root/ros2_robot_arm/ros2_ws/install/dofbot_moveit' for CMake config files
[4.742s] Level 1:colcon.colcon_core.shell:create_environment_hook('dofbot_moveit', 'cmake_prefix_path')
[4.742s] INFO:colcon.colcon_core.shell:Creating environment hook '/root/ros2_robot_arm/ros2_ws/install/dofbot_moveit/share/dofbot_moveit/hook/cmake_prefix_path.ps1'
[4.744s] INFO:colcon.colcon_core.shell:Creating environment descriptor '/root/ros2_robot_arm/ros2_ws/install/dofbot_moveit/share/dofbot_moveit/hook/cmake_prefix_path.dsv'
[4.744s] INFO:colcon.colcon_core.shell:Creating environment hook '/root/ros2_robot_arm/ros2_ws/install/dofbot_moveit/share/dofbot_moveit/hook/cmake_prefix_path.sh'
[4.746s] Level 1:colcon.colcon_core.environment:checking '/root/ros2_robot_arm/ros2_ws/install/dofbot_moveit/lib'
[4.746s] Level 1:colcon.colcon_core.environment:checking '/root/ros2_robot_arm/ros2_ws/install/dofbot_moveit/bin'
[4.746s] Level 1:colcon.colcon_core.environment:checking '/root/ros2_robot_arm/ros2_ws/install/dofbot_moveit/lib/pkgconfig/dofbot_moveit.pc'
[4.747s] Level 1:colcon.colcon_core.environment:checking '/root/ros2_robot_arm/ros2_ws/install/dofbot_moveit/lib/python3.10/site-packages'
[4.748s] Level 1:colcon.colcon_core.environment:checking '/root/ros2_robot_arm/ros2_ws/install/dofbot_moveit/bin'
[4.749s] INFO:colcon.colcon_core.shell:Creating package script '/root/ros2_robot_arm/ros2_ws/install/dofbot_moveit/share/dofbot_moveit/package.ps1'
[4.750s] INFO:colcon.colcon_core.shell:Creating package descriptor '/root/ros2_robot_arm/ros2_ws/install/dofbot_moveit/share/dofbot_moveit/package.dsv'
[4.751s] INFO:colcon.colcon_core.shell:Creating package script '/root/ros2_robot_arm/ros2_ws/install/dofbot_moveit/share/dofbot_moveit/package.sh'
[4.752s] INFO:colcon.colcon_core.shell:Creating package script '/root/ros2_robot_arm/ros2_ws/install/dofbot_moveit/share/dofbot_moveit/package.bash'
[4.753s] INFO:colcon.colcon_core.shell:Creating package script '/root/ros2_robot_arm/ros2_ws/install/dofbot_moveit/share/dofbot_moveit/package.zsh'
[4.754s] Level 1:colcon.colcon_core.environment:create_file_with_runtime_dependencies(/root/ros2_robot_arm/ros2_ws/install/dofbot_moveit/share/colcon-core/packages/dofbot_moveit)
[4.755s] Level 1:colcon.colcon_core.environment:create_environment_scripts_only(dofbot_moveit)
[4.756s] Level 1:colcon.colcon_core.environment:checking '/root/ros2_robot_arm/ros2_ws/install/dofbot_moveit' for CMake module files
[4.757s] Level 1:colcon.colcon_core.environment:checking '/root/ros2_robot_arm/ros2_ws/install/dofbot_moveit' for CMake config files
[4.758s] Level 1:colcon.colcon_core.shell:create_environment_hook('dofbot_moveit', 'cmake_prefix_path')
[4.758s] INFO:colcon.colcon_core.shell:Creating environment hook '/root/ros2_robot_arm/ros2_ws/install/dofbot_moveit/share/dofbot_moveit/hook/cmake_prefix_path.ps1'
[4.759s] INFO:colcon.colcon_core.shell:Creating environment descriptor '/root/ros2_robot_arm/ros2_ws/install/dofbot_moveit/share/dofbot_moveit/hook/cmake_prefix_path.dsv'
[4.760s] INFO:colcon.colcon_core.shell:Creating environment hook '/root/ros2_robot_arm/ros2_ws/install/dofbot_moveit/share/dofbot_moveit/hook/cmake_prefix_path.sh'
[4.762s] Level 1:colcon.colcon_core.environment:checking '/root/ros2_robot_arm/ros2_ws/install/dofbot_moveit/lib'
[4.762s] Level 1:colcon.colcon_core.environment:checking '/root/ros2_robot_arm/ros2_ws/install/dofbot_moveit/bin'
[4.762s] Level 1:colcon.colcon_core.environment:checking '/root/ros2_robot_arm/ros2_ws/install/dofbot_moveit/lib/pkgconfig/dofbot_moveit.pc'
[4.763s] Level 1:colcon.colcon_core.environment:checking '/root/ros2_robot_arm/ros2_ws/install/dofbot_moveit/lib/python3.10/site-packages'
[4.764s] Level 1:colcon.colcon_core.environment:checking '/root/ros2_robot_arm/ros2_ws/install/dofbot_moveit/bin'
[4.764s] INFO:colcon.colcon_core.shell:Creating package script '/root/ros2_robot_arm/ros2_ws/install/dofbot_moveit/share/dofbot_moveit/package.ps1'
[4.766s] INFO:colcon.colcon_core.shell:Creating package descriptor '/root/ros2_robot_arm/ros2_ws/install/dofbot_moveit/share/dofbot_moveit/package.dsv'
[4.768s] INFO:colcon.colcon_core.shell:Creating package script '/root/ros2_robot_arm/ros2_ws/install/dofbot_moveit/share/dofbot_moveit/package.sh'
[4.769s] INFO:colcon.colcon_core.shell:Creating package script '/root/ros2_robot_arm/ros2_ws/install/dofbot_moveit/share/dofbot_moveit/package.bash'
[4.770s] INFO:colcon.colcon_core.shell:Creating package script '/root/ros2_robot_arm/ros2_ws/install/dofbot_moveit/share/dofbot_moveit/package.zsh'
[4.771s] Level 1:colcon.colcon_core.environment:create_file_with_runtime_dependencies(/root/ros2_robot_arm/ros2_ws/install/dofbot_moveit/share/colcon-core/packages/dofbot_moveit)
[4.819s] DEBUG:colcon.colcon_core.event_handler.log_command:Invoking command in '/root/ros2_robot_arm/ros2_ws/src/dofbot_garbage_yolov5': CMAKE_PREFIX_PATH=/root/ros2_robot_arm/ros2_ws/install/dofbot_info:/root/ros2_robot_arm/ros2_ws/install/dofbot_moveit LD_LIBRARY_PATH=/root/ros2_robot_arm/ros2_ws/install/dofbot_info/lib:/usr/local/Ascend/ascend-toolkit/latest/tools/aml/lib64:/usr/local/Ascend/ascend-toolkit/latest/tools/aml/lib64/plugin:/usr/local/Ascend/ascend-toolkit/latest/lib64:/usr/local/Ascend/ascend-toolkit/latest/lib64/plugin/opskernel:/usr/local/Ascend/ascend-toolkit/latest/lib64/plugin/nnengine:/usr/local/Ascend/ascend-toolkit/latest/opp/built-in/op_impl/ai_core/tbe/op_tiling/lib/linux/aarch64:/lib64:/var/davinci/driver/lib64:/var/davinci/driver/lib64/common:/var/davinci/driver/lib64/driver:/usr/local/Ascend/ascend-toolkit/latest/tools/aml/lib64:/usr/local/Ascend/ascend-toolkit/latest/tools/aml/lib64/plugin:/usr/local/Ascend/ascend-toolkit/latest/lib64:/usr/local/Ascend/ascend-toolkit/latest/lib64/plugin/opskernel:/usr/local/Ascend/ascend-toolkit/latest/lib64/plugin/nnengine:/usr/local/Ascend/ascend-toolkit/latest/opp/built-in/op_impl/ai_core/tbe/op_tiling/lib/linux/aarch64:/lib64:/var/davinci/driver/lib64:/var/davinci/driver/lib64/common:/var/davinci/driver/lib64/driver:/opt/ros/humble/opt/rviz_ogre_vendor/lib:/opt/ros/humble/lib/aarch64-linux-gnu:/opt/ros/humble/lib:/usr/local/Ascend/ascend-toolkit/latest/tools/aml/lib64:/usr/local/Ascend/ascend-toolkit/latest/tools/aml/lib64/plugin:/usr/local/Ascend/ascend-toolkit/latest/lib64:/usr/local/Ascend/ascend-toolkit/latest/lib64/plugin/opskernel:/usr/local/Ascend/ascend-toolkit/latest/lib64/plugin/nnengine:/usr/local/Ascend/ascend-toolkit/latest/opp/built-in/op_impl/ai_core/tbe/op_tiling/lib/linux/aarch64:/lib64:/var/davinci/driver/lib64:/var/davinci/driver/lib64/common:/var/davinci/driver/lib64/driver:/usr/local/Ascend/ascend-toolkit/latest/tools/aml/lib64:/usr/local/Ascend/ascend-toolkit/latest/tools/aml/lib64/plugin:/usr/local/Ascend/ascend-toolkit/latest/lib64:/usr/local/Ascend/ascend-toolkit/latest/lib64/plugin/opskernel:/usr/local/Ascend/ascend-toolkit/latest/lib64/plugin/nnengine:/usr/local/Ascend/ascend-toolkit/latest/opp/built-in/op_impl/ai_core/tbe/op_tiling/lib/linux/aarch64:/lib64:/var/davinci/driver/lib64:/var/davinci/driver/lib64/common:/var/davinci/driver/lib64/driver:/usr/local/Ascend/ascend-toolkit/latest/tools/aml/lib64:/usr/local/Ascend/ascend-toolkit/latest/tools/aml/lib64/plugin:/usr/local/Ascend/ascend-toolkit/latest/lib64:/usr/local/Ascend/ascend-toolkit/latest/lib64/plugin/opskernel:/usr/local/Ascend/ascend-toolkit/latest/lib64/plugin/nnengine:/usr/local/Ascend/ascend-toolkit/latest/opp/built-in/op_impl/ai_core/tbe/op_tiling/lib/linux/aarch64:/lib64:/var/davinci/driver/lib64:/var/davinci/driver/lib64/common:/var/davinci/driver/lib64/driver:/usr/local/Ascend/ascend-toolkit/latest/tools/aml/lib64:/usr/local/Ascend/ascend-toolkit/latest/tools/aml/lib64/plugin:/usr/local/Ascend/ascend-toolkit/latest/lib64:/usr/local/Ascend/ascend-toolkit/latest/lib64/plugin/opskernel:/usr/local/Ascend/ascend-toolkit/latest/lib64/plugin/nnengine:/usr/local/Ascend/ascend-toolkit/latest/opp/built-in/op_impl/ai_core/tbe/op_tiling/lib/linux/aarch64:/lib64:/var/davinci/driver/lib64:/var/davinci/driver/lib64/common:/var/davinci/driver/lib64/driver:/usr/local/Ascend/ascend-toolkit/latest/tools/aml/lib64:/usr/local/Ascend/ascend-toolkit/latest/tools/aml/lib64/plugin:/usr/local/Ascend/ascend-toolkit/latest/lib64:/usr/local/Ascend/ascend-toolkit/latest/lib64/plugin/opskernel:/usr/local/Ascend/ascend-toolkit/latest/lib64/plugin/nnengine:/usr/local/Ascend/ascend-toolkit/latest/opp/built-in/op_impl/ai_core/tbe/op_tiling/lib/linux/aarch64:/lib64:/var/davinci/driver/lib64:/var/davinci/driver/lib64/common:/var/davinci/driver/lib64/driver:/usr/local/Ascend/ascend-toolkit/laster/runtime/lib64/stub/aarch64:/usr/local/Ascend/ascend-toolkit/laster/lib64:/usr/local/Ascend/ascend-toolkit/laster/lib64/plugin/opskernel:/usr/local/Ascend/ascend-toolkit/laster/lib64/plugin/nnengine:/usr/local/Ascend/ascend-toolkit/laster/opp/built-in/op_impl/ai_core/tbe/op_tiling:/usr/local/Ascend/driver/lib64:/var/davinci/driver/lib64:/var/davinci/driver/lib64/common:/var/davinci/driver/lib64/driver:/usr/lib:/usr/lib/aarch64-linux-gnu:/usr/local/lib:/usr/lib:/usr/lib/aarch64-linux-gnu:/usr/local/lib:/usr/lib:/usr/lib/aarch64-linux-gnu:/usr/local/lib:/usr/lib:/usr/lib/aarch64-linux-gnu:/usr/local/lib:/usr/lib:/usr/lib/aarch64-linux-gnu:/usr/local/lib:/usr/lib:/usr/lib/aarch64-linux-gnu:/usr/local/lib PYTHONPATH=/root/ros2_robot_arm/ros2_ws/build/dofbot_garbage_yolov5/prefix_override:/usr/lib/python3/dist-packages/colcon_core/task/python/colcon_distutils_commands:/root/ros2_robot_arm/ros2_ws/install/dofbot_garbage_yolov5/lib/python3.10/site-packages:${PYTHONPATH} _=/usr/bin/env /usr/bin/python3 -W ignore:setup.py install is deprecated -W ignore:easy_install command is deprecated setup.py egg_info --egg-base ../../build/dofbot_garbage_yolov5 build --build-base /root/ros2_robot_arm/ros2_ws/build/dofbot_garbage_yolov5/build install --record /root/ros2_robot_arm/ros2_ws/build/dofbot_garbage_yolov5/install.log --single-version-externally-managed install_data
[5.634s] Level 1:colcon.colcon_core.environment:checking '/root/ros2_robot_arm/ros2_ws/install/dofbot_garbage_yolov5' for CMake module files
[5.635s] DEBUG:colcon.colcon_core.event_handler.log_command:Invoked command in '/root/ros2_robot_arm/ros2_ws/src/dofbot_garbage_yolov5' returned '0': CMAKE_PREFIX_PATH=/root/ros2_robot_arm/ros2_ws/install/dofbot_info:/root/ros2_robot_arm/ros2_ws/install/dofbot_moveit LD_LIBRARY_PATH=/root/ros2_robot_arm/ros2_ws/install/dofbot_info/lib:/usr/local/Ascend/ascend-toolkit/latest/tools/aml/lib64:/usr/local/Ascend/ascend-toolkit/latest/tools/aml/lib64/plugin:/usr/local/Ascend/ascend-toolkit/latest/lib64:/usr/local/Ascend/ascend-toolkit/latest/lib64/plugin/opskernel:/usr/local/Ascend/ascend-toolkit/latest/lib64/plugin/nnengine:/usr/local/Ascend/ascend-toolkit/latest/opp/built-in/op_impl/ai_core/tbe/op_tiling/lib/linux/aarch64:/lib64:/var/davinci/driver/lib64:/var/davinci/driver/lib64/common:/var/davinci/driver/lib64/driver:/usr/local/Ascend/ascend-toolkit/latest/tools/aml/lib64:/usr/local/Ascend/ascend-toolkit/latest/tools/aml/lib64/plugin:/usr/local/Ascend/ascend-toolkit/latest/lib64:/usr/local/Ascend/ascend-toolkit/latest/lib64/plugin/opskernel:/usr/local/Ascend/ascend-toolkit/latest/lib64/plugin/nnengine:/usr/local/Ascend/ascend-toolkit/latest/opp/built-in/op_impl/ai_core/tbe/op_tiling/lib/linux/aarch64:/lib64:/var/davinci/driver/lib64:/var/davinci/driver/lib64/common:/var/davinci/driver/lib64/driver:/opt/ros/humble/opt/rviz_ogre_vendor/lib:/opt/ros/humble/lib/aarch64-linux-gnu:/opt/ros/humble/lib:/usr/local/Ascend/ascend-toolkit/latest/tools/aml/lib64:/usr/local/Ascend/ascend-toolkit/latest/tools/aml/lib64/plugin:/usr/local/Ascend/ascend-toolkit/latest/lib64:/usr/local/Ascend/ascend-toolkit/latest/lib64/plugin/opskernel:/usr/local/Ascend/ascend-toolkit/latest/lib64/plugin/nnengine:/usr/local/Ascend/ascend-toolkit/latest/opp/built-in/op_impl/ai_core/tbe/op_tiling/lib/linux/aarch64:/lib64:/var/davinci/driver/lib64:/var/davinci/driver/lib64/common:/var/davinci/driver/lib64/driver:/usr/local/Ascend/ascend-toolkit/latest/tools/aml/lib64:/usr/local/Ascend/ascend-toolkit/latest/tools/aml/lib64/plugin:/usr/local/Ascend/ascend-toolkit/latest/lib64:/usr/local/Ascend/ascend-toolkit/latest/lib64/plugin/opskernel:/usr/local/Ascend/ascend-toolkit/latest/lib64/plugin/nnengine:/usr/local/Ascend/ascend-toolkit/latest/opp/built-in/op_impl/ai_core/tbe/op_tiling/lib/linux/aarch64:/lib64:/var/davinci/driver/lib64:/var/davinci/driver/lib64/common:/var/davinci/driver/lib64/driver:/usr/local/Ascend/ascend-toolkit/latest/tools/aml/lib64:/usr/local/Ascend/ascend-toolkit/latest/tools/aml/lib64/plugin:/usr/local/Ascend/ascend-toolkit/latest/lib64:/usr/local/Ascend/ascend-toolkit/latest/lib64/plugin/opskernel:/usr/local/Ascend/ascend-toolkit/latest/lib64/plugin/nnengine:/usr/local/Ascend/ascend-toolkit/latest/opp/built-in/op_impl/ai_core/tbe/op_tiling/lib/linux/aarch64:/lib64:/var/davinci/driver/lib64:/var/davinci/driver/lib64/common:/var/davinci/driver/lib64/driver:/usr/local/Ascend/ascend-toolkit/latest/tools/aml/lib64:/usr/local/Ascend/ascend-toolkit/latest/tools/aml/lib64/plugin:/usr/local/Ascend/ascend-toolkit/latest/lib64:/usr/local/Ascend/ascend-toolkit/latest/lib64/plugin/opskernel:/usr/local/Ascend/ascend-toolkit/latest/lib64/plugin/nnengine:/usr/local/Ascend/ascend-toolkit/latest/opp/built-in/op_impl/ai_core/tbe/op_tiling/lib/linux/aarch64:/lib64:/var/davinci/driver/lib64:/var/davinci/driver/lib64/common:/var/davinci/driver/lib64/driver:/usr/local/Ascend/ascend-toolkit/latest/tools/aml/lib64:/usr/local/Ascend/ascend-toolkit/latest/tools/aml/lib64/plugin:/usr/local/Ascend/ascend-toolkit/latest/lib64:/usr/local/Ascend/ascend-toolkit/latest/lib64/plugin/opskernel:/usr/local/Ascend/ascend-toolkit/latest/lib64/plugin/nnengine:/usr/local/Ascend/ascend-toolkit/latest/opp/built-in/op_impl/ai_core/tbe/op_tiling/lib/linux/aarch64:/lib64:/var/davinci/driver/lib64:/var/davinci/driver/lib64/common:/var/davinci/driver/lib64/driver:/usr/local/Ascend/ascend-toolkit/laster/runtime/lib64/stub/aarch64:/usr/local/Ascend/ascend-toolkit/laster/lib64:/usr/local/Ascend/ascend-toolkit/laster/lib64/plugin/opskernel:/usr/local/Ascend/ascend-toolkit/laster/lib64/plugin/nnengine:/usr/local/Ascend/ascend-toolkit/laster/opp/built-in/op_impl/ai_core/tbe/op_tiling:/usr/local/Ascend/driver/lib64:/var/davinci/driver/lib64:/var/davinci/driver/lib64/common:/var/davinci/driver/lib64/driver:/usr/lib:/usr/lib/aarch64-linux-gnu:/usr/local/lib:/usr/lib:/usr/lib/aarch64-linux-gnu:/usr/local/lib:/usr/lib:/usr/lib/aarch64-linux-gnu:/usr/local/lib:/usr/lib:/usr/lib/aarch64-linux-gnu:/usr/local/lib:/usr/lib:/usr/lib/aarch64-linux-gnu:/usr/local/lib:/usr/lib:/usr/lib/aarch64-linux-gnu:/usr/local/lib PYTHONPATH=/root/ros2_robot_arm/ros2_ws/build/dofbot_garbage_yolov5/prefix_override:/usr/lib/python3/dist-packages/colcon_core/task/python/colcon_distutils_commands:/root/ros2_robot_arm/ros2_ws/install/dofbot_garbage_yolov5/lib/python3.10/site-packages:${PYTHONPATH} _=/usr/bin/env /usr/bin/python3 -W ignore:setup.py install is deprecated -W ignore:easy_install command is deprecated setup.py egg_info --egg-base ../../build/dofbot_garbage_yolov5 build --build-base /root/ros2_robot_arm/ros2_ws/build/dofbot_garbage_yolov5/build install --record /root/ros2_robot_arm/ros2_ws/build/dofbot_garbage_yolov5/install.log --single-version-externally-managed install_data
[5.635s] Level 1:colcon.colcon_core.environment:checking '/root/ros2_robot_arm/ros2_ws/install/dofbot_garbage_yolov5' for CMake config files
[5.637s] Level 1:colcon.colcon_core.environment:checking '/root/ros2_robot_arm/ros2_ws/install/dofbot_garbage_yolov5/lib'
[5.637s] Level 1:colcon.colcon_core.environment:checking '/root/ros2_robot_arm/ros2_ws/install/dofbot_garbage_yolov5/bin'
[5.637s] Level 1:colcon.colcon_core.environment:checking '/root/ros2_robot_arm/ros2_ws/install/dofbot_garbage_yolov5/lib/pkgconfig/dofbot_garbage_yolov5.pc'
[5.638s] Level 1:colcon.colcon_core.environment:checking '/root/ros2_robot_arm/ros2_ws/install/dofbot_garbage_yolov5/lib/python3.10/site-packages'
[5.638s] Level 1:colcon.colcon_core.shell:create_environment_hook('dofbot_garbage_yolov5', 'pythonpath')
[5.638s] INFO:colcon.colcon_core.shell:Creating environment hook '/root/ros2_robot_arm/ros2_ws/install/dofbot_garbage_yolov5/share/dofbot_garbage_yolov5/hook/pythonpath.ps1'
[5.639s] INFO:colcon.colcon_core.shell:Creating environment descriptor '/root/ros2_robot_arm/ros2_ws/install/dofbot_garbage_yolov5/share/dofbot_garbage_yolov5/hook/pythonpath.dsv'
[5.640s] INFO:colcon.colcon_core.shell:Creating environment hook '/root/ros2_robot_arm/ros2_ws/install/dofbot_garbage_yolov5/share/dofbot_garbage_yolov5/hook/pythonpath.sh'
[5.642s] Level 1:colcon.colcon_core.environment:checking '/root/ros2_robot_arm/ros2_ws/install/dofbot_garbage_yolov5/bin'
[5.642s] Level 1:colcon.colcon_core.environment:create_environment_scripts_only(dofbot_garbage_yolov5)
[5.643s] INFO:colcon.colcon_core.shell:Creating package script '/root/ros2_robot_arm/ros2_ws/install/dofbot_garbage_yolov5/share/dofbot_garbage_yolov5/package.ps1'
[5.644s] INFO:colcon.colcon_core.shell:Creating package descriptor '/root/ros2_robot_arm/ros2_ws/install/dofbot_garbage_yolov5/share/dofbot_garbage_yolov5/package.dsv'
[5.645s] INFO:colcon.colcon_core.shell:Creating package script '/root/ros2_robot_arm/ros2_ws/install/dofbot_garbage_yolov5/share/dofbot_garbage_yolov5/package.sh'
[5.646s] INFO:colcon.colcon_core.shell:Creating package script '/root/ros2_robot_arm/ros2_ws/install/dofbot_garbage_yolov5/share/dofbot_garbage_yolov5/package.bash'
[5.647s] INFO:colcon.colcon_core.shell:Creating package script '/root/ros2_robot_arm/ros2_ws/install/dofbot_garbage_yolov5/share/dofbot_garbage_yolov5/package.zsh'
[5.648s] Level 1:colcon.colcon_core.environment:create_file_with_runtime_dependencies(/root/ros2_robot_arm/ros2_ws/install/dofbot_garbage_yolov5/share/colcon-core/packages/dofbot_garbage_yolov5)
[5.649s] DEBUG:colcon.colcon_parallel_executor.executor.parallel:closing loop
[5.649s] DEBUG:colcon.colcon_parallel_executor.executor.parallel:loop closed
[5.650s] DEBUG:colcon.colcon_parallel_executor.executor.parallel:run_until_complete finished with '0'
[5.650s] DEBUG:colcon.colcon_core.event_reactor:joining thread
[5.661s] INFO:colcon.colcon_core.plugin_system:Skipping extension 'colcon_notification.desktop_notification.terminal_notifier': Not used on non-Darwin systems
[5.662s] INFO:colcon.colcon_core.plugin_system:Skipping extension 'colcon_notification.desktop_notification.win32': Not used on non-Windows systems
[5.662s] INFO:colcon.colcon_notification.desktop_notification:Sending desktop notification using 'notify2'
[5.702s] DEBUG:colcon.colcon_core.event_reactor:joined thread
[5.703s] INFO:colcon.colcon_core.shell:Creating prefix script '/root/ros2_robot_arm/ros2_ws/install/local_setup.ps1'
[5.706s] INFO:colcon.colcon_core.shell:Creating prefix util module '/root/ros2_robot_arm/ros2_ws/install/_local_setup_util_ps1.py'
[5.710s] INFO:colcon.colcon_core.shell:Creating prefix chain script '/root/ros2_robot_arm/ros2_ws/install/setup.ps1'
[5.713s] INFO:colcon.colcon_core.shell:Creating prefix script '/root/ros2_robot_arm/ros2_ws/install/local_setup.sh'
[5.714s] INFO:colcon.colcon_core.shell:Creating prefix util module '/root/ros2_robot_arm/ros2_ws/install/_local_setup_util_sh.py'
[5.716s] INFO:colcon.colcon_core.shell:Creating prefix chain script '/root/ros2_robot_arm/ros2_ws/install/setup.sh'
[5.719s] INFO:colcon.colcon_core.shell:Creating prefix script '/root/ros2_robot_arm/ros2_ws/install/local_setup.bash'
[5.720s] INFO:colcon.colcon_core.shell:Creating prefix chain script '/root/ros2_robot_arm/ros2_ws/install/setup.bash'
[5.723s] INFO:colcon.colcon_core.shell:Creating prefix script '/root/ros2_robot_arm/ros2_ws/install/local_setup.zsh'
[5.724s] INFO:colcon.colcon_core.shell:Creating prefix chain script '/root/ros2_robot_arm/ros2_ws/install/setup.zsh'
